<?xml version="1.0" encoding="utf-8"?><testsuites name="pytest tests"><testsuite name="pytest" errors="0" failures="0" skipped="0" tests="9" time="2.409" timestamp="2026-09-15T09:03:25.053760+00:00" hostname="agent-env-275a82f5-eeeb-4c2f-a075-ba3f42c8b292"><testcase classname="backend.tests.test_all_outlets_report.TestAllOutletsReport" name="test_report_month_2026_09" time="0.490" /><testcase classname="backend.tests.test_all_outlets_report.TestAllOutletsReport" name="test_report_range_2026" time="0.073" /><testcase classname="backend.tests.test_all_outlets_report.TestAllOutletsReport" name="test_range_larger_than_month" time="0.136" /><testcase classname="backend.tests.test_all_outlets_report.TestAllOutletsExport" name="test_export_returns_xlsx_with_3_sheets" time="0.157" /><testcase classname="backend.tests.test_all_outlets_report.TestPermission403" name="test_non_vendor_role_gets_403" time="0.478" /><testcase classname="backend.tests.test_all_outlets_report.TestPermission403" name="test_plain_vendor_no_assigned_vendors_gets_403" time="0.539" /><testcase classname="backend.tests.test_all_outlets_report.TestPermission403" name="test_unauthenticated_401_or_403" time="0.163" /><testcase classname="backend.tests.test_all_outlets_report.TestSalesOrdersTimezone" name="test_sales_orders_include_site_timezone_field" time="0.073" /><testcase classname="backend.tests.test_all_outlets_report.TestSalesOrdersTimezone" name="test_csv_export_header_and_site_local" time="0.073" /></testsuite></testsuites>