<?xml version="1.0" encoding="utf-8"?><testsuites name="pytest tests"><testsuite name="pytest" errors="0" failures="0" skipped="0" tests="9" time="6.746" timestamp="2026-09-07T13:04:46.488767+00:00" hostname="agent-env-f4d6d17b-2c12-495a-a439-961510adc80c"><testcase classname="tests.test_employee_vendor_visibility" name="test_employee_sees_vendor_with_missing_status_mapping" time="1.653" /><testcase classname="tests.test_employee_vendor_visibility" name="test_employee_sees_vendor_with_active_mapping" time="0.627" /><testcase classname="tests.test_employee_vendor_visibility" name="test_employee_sees_vendor_with_objectid_site_mapping" time="0.645" /><testcase classname="tests.test_employee_vendor_visibility" name="test_employee_hides_inactive_mapping" time="0.577" /><testcase classname="tests.test_employee_vendor_visibility" name="test_employee_hides_inactive_vendor_even_with_active_mapping" time="0.501" /><testcase classname="tests.test_employee_vendor_visibility" name="test_employee_isolation_cross_site" time="1.031" /><testcase classname="tests.test_employee_vendor_visibility" name="test_employee_no_site_multi_site_company_returns_empty" time="0.574" /><testcase classname="tests.test_employee_vendor_visibility" name="test_employee_no_site_single_site_company_auto_resolves" time="0.504" /><testcase classname="tests.test_employee_vendor_visibility" name="test_admin_sees_full_platform_list_unaffected" time="0.491" /></testsuite></testsuites>