<?xml version="1.0" encoding="utf-8"?><testsuites name="pytest tests"><testsuite name="pytest" errors="0" failures="0" skipped="0" tests="8" time="2.331" timestamp="2026-09-03T10:20:52.256327+00:00" hostname="agent-env-667edfd7-cda0-4106-aa96-452a67b147ab"><testcase classname="tests.test_employee_menu_integrity.TestEmployeeMenuReport" name="test_master_admin_can_access" time="0.574" /><testcase classname="tests.test_employee_menu_integrity.TestEmployeeMenuReport" name="test_non_master_forbidden" time="0.449" /><testcase classname="tests.test_employee_menu_integrity.TestBackfillEmployeeSites" name="test_master_admin_backfill" time="0.072" /><testcase classname="tests.test_employee_menu_integrity.TestBackfillEmployeeSites" name="test_idempotent_second_run" time="0.068" /><testcase classname="tests.test_employee_menu_integrity.TestBackfillEmployeeSites" name="test_non_master_forbidden" time="0.541" /><testcase classname="tests.test_employee_menu_integrity.TestVendorsPerEmployee" name="test_multi_site_no_site_returns_empty" time="0.066" /><testcase classname="tests.test_employee_menu_integrity.TestVendorsPerEmployee" name="test_zero_site_employee_sees_vendor" time="0.054" /><testcase classname="tests.test_employee_menu_integrity.TestVendorsPerEmployee" name="test_single_site_auto_fallback" time="0.441" /></testsuite></testsuites>