<?xml version="1.0" encoding="utf-8"?><testsuites name="pytest tests"><testsuite name="pytest" errors="0" failures="0" skipped="0" tests="4" time="5.298" timestamp="2026-09-16T06:24:23.327485+00:00" hostname="agent-env-275a82f5-eeeb-4c2f-a075-ba3f42c8b292"><testcase classname="backend.tests.test_accounts_finance_role.TestAccountsFinanceRole" name="test_create_finance_user_all_sites" time="0.959" /><testcase classname="backend.tests.test_accounts_finance_role.TestAccountsFinanceRole" name="test_magic_link_flow_and_finance_login" time="2.367" /><testcase classname="backend.tests.test_accounts_finance_role.TestAccountsFinanceRole" name="test_create_finance_limited_scope" time="1.242" /><testcase classname="backend.tests.test_accounts_finance_role.TestAccountsFinanceRole" name="test_master_sales_report_has_payment_breakdown" time="0.636" /></testsuite></testsuites>