<?xml version="1.0" encoding="utf-8"?><testsuites name="pytest tests"><testsuite name="pytest" errors="0" failures="1" skipped="0" tests="23" time="7.306" timestamp="2026-09-03T08:47:28.104060+00:00" hostname="agent-env-667edfd7-cda0-4106-aa96-452a67b147ab"><testcase classname="tests.test_iter37_full_regression.TestAuthMe" name="test_all_roles_login_and_me" time="2.869" /><testcase classname="tests.test_iter37_full_regression.TestRBAC" name="test_employee_cannot_list_menu_uploads" time="0.112" /><testcase classname="tests.test_iter37_full_regression.TestRBAC" name="test_vendor_cannot_list_menu_uploads" time="0.136" /><testcase classname="tests.test_iter37_full_regression.TestRBAC" name="test_corp_admin_cannot_hit_master_sites_create" time="0.135"><failure message="AssertionError: corp admin created site: 422 {&quot;detail&quot;:[{&quot;type&quot;:&quot;missing&quot;,&quot;loc&quot;:[&quot;body&quot;,&quot;contact_email&quot;],&quot;msg&quot;:&quot;Field required&quot;,&quot;input&quot;:{&quot;name&quot;:&quot;TEST_bad_regress&quot;,&quot;company_id&quot;:&quot;aaaaaaaaaaaaaaaaaaaaaaaa&quot;,&quot;city&quot;:&quot;Nowhere&quot;,&quot;address&quot;:&quot;x&quot;},&quot;url&quot;:&quot;htt&#10;assert 422 in (401, 403)&#10; +  where 422 = &lt;Response [422]&gt;.status_code">tests/test_iter37_full_regression.py:73: in test_corp_admin_cannot_hit_master_sites_create
    assert r.status_code in (401, 403), f"corp admin created site: {r.status_code} {r.text[:200]}"
E   AssertionError: corp admin created site: 422 {"detail":[{"type":"missing","loc":["body","contact_email"],"msg":"Field required","input":{"name":"TEST_bad_regress","company_id":"aaaaaaaaaaaaaaaaaaaaaaaa","city":"Nowhere","address":"x"},"url":"htt
E   assert 422 in (401, 403)
E    +  where 422 = &lt;Response [422]&gt;.status_code</failure></testcase><testcase classname="tests.test_iter37_full_regression.TestEmployeeVendorScoping" name="test_emp_a_sees_only_mapped_vendors" time="0.117" /><testcase classname="tests.test_iter37_full_regression.TestEmployeeVendorScoping" name="test_emp_b_sees_only_v1_not_v2" time="0.191" /><testcase classname="tests.test_iter37_full_regression.TestEmployeeVendorScoping" name="test_emp_a_can_open_mapped_vendor_menu" time="0.116" /><testcase classname="tests.test_iter37_full_regression.TestOrderScoping" name="test_corp_a_sees_only_own_company_orders" time="0.107" /><testcase classname="tests.test_iter37_full_regression.TestOrderScoping" name="test_site_a_sees_only_site_orders" time="0.130" /><testcase classname="tests.test_iter37_full_regression.TestOrderScoping" name="test_seeded_order_has_site_and_company" time="0.115" /><testcase classname="tests.test_iter37_full_regression.TestAnalyticsScoping" name="test_corp_today_only_own_company" time="0.245" /><testcase classname="tests.test_iter37_full_regression.TestMenuAccessGuard" name="test_menu_requires_auth" time="0.103" /><testcase classname="tests.test_iter37_full_regression.TestPayments" name="test_offline_order_creation_blocked_when_razorpay" time="0.163" /><testcase classname="tests.test_iter37_full_regression.TestPayments" name="test_payment_mode_endpoint" time="0.128" /><testcase classname="tests.test_iter37_full_regression.TestPayments" name="test_checkout_intent_success" time="1.331" /><testcase classname="tests.test_iter37_full_regression.TestPayments" name="test_verify_rejects_forged_signature" time="0.130" /><testcase classname="tests.test_iter37_full_regression.TestPayments" name="test_verify_unknown_order_404" time="0.114" /><testcase classname="tests.test_iter37_full_regression.TestPayments" name="test_create_order_legacy_410" time="0.103" /><testcase classname="tests.test_iter37_full_regression.TestSitesMaster" name="test_master_can_get_sites" time="0.127" /><testcase classname="tests.test_iter37_full_regression.TestSitesMaster" name="test_meal_prices_persist_master" time="0.226" /><testcase classname="tests.test_iter37_full_regression.TestSitesMaster" name="test_corp_admin_cannot_change_meal_prices" time="0.111" /><testcase classname="tests.test_iter37_full_regression.TestSitesMaster" name="test_backfill_sites_master_only" time="0.262" /><testcase classname="tests.test_iter37_full_regression.TestMenuTemplate" name="test_template_download_master" time="0.123" /></testsuite></testsuites>