<?xml version="1.0" encoding="utf-8"?><testsuites name="pytest tests"><testsuite name="pytest" errors="0" failures="0" skipped="0" tests="9" time="2.270" timestamp="2026-09-09T03:46:16.268428+00:00" hostname="agent-env-30610e2e-68f4-4212-819a-acd4a48fa9cc"><testcase classname="backend.tests.test_iter59_manual_order.TestCustomerTypes" name="test_list_customer_types_seeded" time="0.481" /><testcase classname="backend.tests.test_iter59_manual_order.TestCustomerTypes" name="test_admin_add_and_delete_customer_type" time="0.725" /><testcase classname="backend.tests.test_iter59_manual_order.TestCustomerTypes" name="test_non_master_cannot_add_customer_type" time="0.073" /><testcase classname="backend.tests.test_iter59_manual_order.TestCustomerTypes" name="test_non_master_cannot_delete_customer_type" time="0.134" /><testcase classname="backend.tests.test_iter59_manual_order.TestManualOrder" name="test_manual_order_happy_path" time="0.266" /><testcase classname="backend.tests.test_iter59_manual_order.TestManualOrder" name="test_unknown_customer_type_400" time="0.074" /><testcase classname="backend.tests.test_iter59_manual_order.TestManualOrder" name="test_wrong_site_id_403" time="0.275" /><testcase classname="backend.tests.test_iter59_manual_order.TestManualOrder" name="test_master_admin_cannot_punch" time="0.071" /><testcase classname="backend.tests.test_iter59_manual_order.TestSalesReport" name="test_sales_report_includes_manual_order" time="0.079" /></testsuite></testsuites>