<?xml version="1.0" encoding="utf-8"?><testsuites name="pytest tests"><testsuite name="pytest" errors="0" failures="0" skipped="0" tests="13" time="5.598" timestamp="2026-09-03T03:54:18.942406+00:00" hostname="agent-env-667edfd7-cda0-4106-aa96-452a67b147ab"><testcase classname="backend.tests.test_iter36_menu_enhancements.TestCounterColumn" name="test_template_has_counter_column" time="1.438" /><testcase classname="backend.tests.test_iter36_menu_enhancements.TestCounterColumn" name="test_vendor_submit_with_counter_then_admin_approve" time="0.543" /><testcase classname="backend.tests.test_iter36_menu_enhancements.TestCounterColumn" name="test_admin_direct_upload_with_counter" time="0.308" /><testcase classname="backend.tests.test_iter36_menu_enhancements.TestPerRowEdit" name="test_vendor_cannot_edit" time="0.233" /><testcase classname="backend.tests.test_iter36_menu_enhancements.TestPerRowEdit" name="test_employee_cannot_edit" time="0.103" /><testcase classname="backend.tests.test_iter36_menu_enhancements.TestPerRowEdit" name="test_master_edits_then_approves" time="0.459" /><testcase classname="backend.tests.test_iter36_menu_enhancements.TestPerRowEdit" name="test_cannot_edit_after_approve" time="0.102" /><testcase classname="backend.tests.test_iter36_menu_enhancements.TestApprovalHistory" name="test_history_returns_decided" time="0.114" /><testcase classname="backend.tests.test_iter36_menu_enhancements.TestApprovalHistory" name="test_history_vendor_forbidden" time="0.103" /><testcase classname="backend.tests.test_iter36_menu_enhancements.TestNotificationsBestEffort" name="test_approve_returns_200_even_with_email" time="0.412" /><testcase classname="backend.tests.test_iter36_menu_enhancements.TestNotificationsBestEffort" name="test_reject_returns_200_with_note" time="0.468" /><testcase classname="backend.tests.test_iter36_menu_enhancements.TestRegression" name="test_no_duplicates_on_repeat_approve_cycle" time="0.898" /><testcase classname="backend.tests.test_iter36_menu_enhancements.TestRegression" name="test_vendor_cannot_use_admin_endpoints" time="0.126" /></testsuite></testsuites>