<?xml version="1.0" encoding="utf-8"?><testsuites name="pytest tests"><testsuite name="pytest" errors="0" failures="0" skipped="0" tests="3" time="2.737" timestamp="2026-09-07T05:51:06.541134+00:00" hostname="agent-env-f4d6d17b-2c12-495a-a439-961510adc80c"><testcase classname="backend.tests.test_resend_magic_link" name="test_resend_returns_working_magic_url" time="0.646" /><testcase classname="backend.tests.test_resend_magic_link" name="test_complete_login_and_forgot_password" time="0.995" /><testcase classname="backend.tests.test_resend_magic_link" name="test_resend_after_completion_yields_new_working_link" time="0.963" /></testsuite></testsuites>