<?xml version="1.0" encoding="utf-8"?><testsuites name="pytest tests"><testsuite name="pytest" errors="0" failures="0" skipped="0" tests="11" time="4.460" timestamp="2026-09-08T10:06:26.736139+00:00" hostname="agent-env-30610e2e-68f4-4212-819a-acd4a48fa9cc"><testcase classname="backend.tests.test_site_link_repair_and_report" name="test_create_client_city_site_and_link" time="1.031" /><testcase classname="backend.tests.test_site_link_repair_and_report" name="test_client_city_patch" time="0.236" /><testcase classname="backend.tests.test_site_link_repair_and_report" name="test_filters_endpoint" time="0.136" /><testcase classname="backend.tests.test_site_link_repair_and_report" name="test_report_grand_total" time="0.129" /><testcase classname="backend.tests.test_site_link_repair_and_report" name="test_report_client_acme" time="0.252" /><testcase classname="backend.tests.test_site_link_repair_and_report" name="test_report_city_bengaluru" time="0.122" /><testcase classname="backend.tests.test_site_link_repair_and_report" name="test_report_acme_mumbai" time="0.178" /><testcase classname="backend.tests.test_site_link_repair_and_report" name="test_report_multi_client" time="0.123" /><testcase classname="backend.tests.test_site_link_repair_and_report" name="test_excel_export_four_sheets" time="0.307" /><testcase classname="backend.tests.test_site_link_repair_and_report" name="test_rbac_non_master_forbidden" time="1.373" /><testcase classname="backend.tests.test_site_link_repair_and_report" name="test_zz_cleanup" time="0.485" /></testsuite></testsuites>