<?xml version="1.0" encoding="utf-8"?><testsuites name="pytest tests"><testsuite name="pytest" errors="0" failures="0" skipped="0" tests="9" time="4.030" timestamp="2026-09-07T13:30:00.033617+00:00" hostname="agent-env-f4d6d17b-2c12-495a-a439-961510adc80c"><testcase classname="tests.test_iter53_lookup_assign" name="test_lookup_by_domain" time="1.266" /><testcase classname="tests.test_iter53_lookup_assign" name="test_lookup_by_full_email" time="0.130" /><testcase classname="tests.test_iter53_lookup_assign" name="test_lookup_partial" time="0.132" /><testcase classname="tests.test_iter53_lookup_assign" name="test_lookup_empty_q" time="0.128" /><testcase classname="tests.test_iter53_lookup_assign" name="test_lookup_non_master_forbidden" time="0.534" /><testcase classname="tests.test_iter53_lookup_assign" name="test_assign_unknown_email" time="0.126" /><testcase classname="tests.test_iter53_lookup_assign" name="test_assign_unknown_site" time="0.134" /><testcase classname="tests.test_iter53_lookup_assign" name="test_assign_non_master_forbidden" time="0.497" /><testcase classname="tests.test_iter53_lookup_assign" name="test_assign_success_and_visibility_end_to_end" time="0.934" /></testsuite></testsuites>