<?xml version="1.0" encoding="utf-8"?><testsuites name="pytest tests"><testsuite name="pytest" errors="0" failures="0" skipped="0" tests="10" time="1.632" timestamp="2026-09-07T12:40:48.287564+00:00" hostname="agent-env-f4d6d17b-2c12-495a-a439-961510adc80c"><testcase classname="backend.tests.test_iter51_assign_site_guard.TestApproveGuard" name="test_approve_without_site_id_returns_400_and_no_vendor" time="0.284" /><testcase classname="backend.tests.test_iter51_assign_site_guard.TestApproveGuard" name="test_approve_with_site_id_succeeds_and_vendor_appears" time="0.710" /><testcase classname="backend.tests.test_iter51_assign_site_guard.TestAssignSiteRepair" name="test_orphan_hidden_then_repair_makes_visible" time="0.139" /><testcase classname="backend.tests.test_iter51_assign_site_guard.TestAssignSiteRepair" name="test_explicit_valid_cafeteria_honored" time="0.050" /><testcase classname="backend.tests.test_iter51_assign_site_guard.TestAssignSiteRepair" name="test_invalid_cafeteria_falls_back_to_default" time="0.049" /><testcase classname="backend.tests.test_iter51_assign_site_guard.TestAssignSiteRepair" name="test_non_master_forbidden" time="0.005" /><testcase classname="backend.tests.test_iter51_assign_site_guard.TestAssignSiteRepair" name="test_unknown_vendor_returns_404" time="0.045" /><testcase classname="backend.tests.test_iter51_assign_site_guard.TestAssignSiteRepair" name="test_unknown_site_returns_404" time="0.047" /><testcase classname="backend.tests.test_iter51_assign_site_guard.TestAssignSiteRepair" name="test_inactive_vendor_gets_reactivated" time="0.097" /><testcase classname="backend.tests.test_iter51_assign_site_guard.TestSiteVendorsListing" name="test_returns_cafeteria_fields_and_scopes_by_site" time="0.052" /></testsuite></testsuites>