<?xml version="1.0" encoding="utf-8"?><testsuites name="pytest tests"><testsuite name="pytest" errors="0" failures="0" skipped="0" tests="15" time="2.277" timestamp="2026-09-09T03:57:49.275173+00:00" hostname="agent-env-30610e2e-68f4-4212-819a-acd4a48fa9cc"><testcase classname="backend.tests.test_iter60_customer_types" name="test_list_customer_types_authenticated" time="0.430" /><testcase classname="backend.tests.test_iter60_customer_types" name="test_list_customer_types_unauthenticated" time="0.108" /><testcase classname="backend.tests.test_iter60_customer_types" name="test_add_customer_type" time="0.125" /><testcase classname="backend.tests.test_iter60_customer_types" name="test_rename_customer_type" time="0.122" /><testcase classname="backend.tests.test_iter60_customer_types" name="test_delete_customer_type" time="0.121" /><testcase classname="backend.tests.test_iter60_customer_types" name="test_non_master_get_types_allowed" time="0.472" /><testcase classname="backend.tests.test_iter60_customer_types" name="test_non_master_add_forbidden" time="0.086" /><testcase classname="backend.tests.test_iter60_customer_types" name="test_non_master_patch_forbidden" time="0.077" /><testcase classname="backend.tests.test_iter60_customer_types" name="test_non_master_delete_forbidden" time="0.070" /><testcase classname="backend.tests.test_iter60_customer_types" name="test_sales_filters_have_customer_types" time="0.063" /><testcase classname="backend.tests.test_iter60_customer_types" name="test_sales_report_customer_type_summary" time="0.063" /><testcase classname="backend.tests.test_iter60_customer_types" name="test_sales_report_customer_types_filter" time="0.061" /><testcase classname="backend.tests.test_iter60_customer_types" name="test_sales_report_orders_have_customer_type_field" time="0.061" /><testcase classname="backend.tests.test_iter60_customer_types" name="test_excel_export_has_customer_types_sheet" time="0.254" /><testcase classname="backend.tests.test_iter60_customer_types" name="test_orders_projection_has_customer_type_and_is_manual" time="0.063" /></testsuite></testsuites>