<?xml version="1.0" encoding="utf-8"?><testsuites name="pytest tests"><testsuite name="pytest" errors="0" failures="0" skipped="2" tests="6" time="1.415" timestamp="2026-08-19T19:15:18.873729+00:00" hostname="agent-env-3685d86f-20db-4981-a67a-03d7c1e6d149"><testcase classname="backend.tests.test_apply_endpoint" name="test_apply_unauthenticated_401_or_403" time="0.213" /><testcase classname="backend.tests.test_apply_endpoint" name="test_apply_endpoint_is_registered_not_404" time="0.473" /><testcase classname="backend.tests.test_apply_endpoint" name="test_apply_bad_filename_400" time="0.345" /><testcase classname="backend.tests.test_apply_endpoint" name="test_apply_valid_filename_missing_menu_item_404" time="0.084" /><testcase classname="backend.tests.test_apply_endpoint" name="test_apply_nonadmin_forbidden" time="0.146"><skipped type="pytest.skip" message="cannot register low-priv user: 400">/app/backend/tests/test_apply_endpoint.py:72: cannot register low-priv user: 400</skipped></testcase><testcase classname="backend.tests.test_apply_endpoint" name="test_apply_happy_path_updates_menu_item" time="0.091"><skipped type="pytest.skip" message="cannot list menu_items: 404">/app/backend/tests/test_apply_endpoint.py:88: cannot list menu_items: 404</skipped></testcase></testsuite></testsuites>