<?xml version="1.0" encoding="utf-8"?><testsuites name="pytest tests"><testsuite name="pytest" errors="0" failures="0" skipped="0" tests="12" time="4.863" timestamp="2026-09-08T11:00:24.125484+00:00" hostname="agent-env-30610e2e-68f4-4212-819a-acd4a48fa9cc"><testcase classname="backend.tests.test_iter58_reconcile_order_sites" name="test_01_seed_clients_cities_sites" time="0.803" /><testcase classname="backend.tests.test_iter58_reconcile_order_sites" name="test_02_seed_vendors_mappings_orders" time="0.006" /><testcase classname="backend.tests.test_iter58_reconcile_order_sites" name="test_03_reconcile_first_run" time="0.079" /><testcase classname="backend.tests.test_iter58_reconcile_order_sites" name="test_04_vendorV_wrong_orders_moved_to_siteA" time="0.002" /><testcase classname="backend.tests.test_iter58_reconcile_order_sites" name="test_05_vendorV_already_correct_order_unchanged" time="0.001" /><testcase classname="backend.tests.test_iter58_reconcile_order_sites" name="test_06_vendorW_multi_mapped_order_untouched" time="0.001" /><testcase classname="backend.tests.test_iter58_reconcile_order_sites" name="test_07_vendorU_unmapped_order_untouched" time="0.001" /><testcase classname="backend.tests.test_iter58_reconcile_order_sites" name="test_08_idempotent_second_run" time="0.072" /><testcase classname="backend.tests.test_iter58_reconcile_order_sites" name="test_09_rbac_employee_and_vendor_forbidden" time="1.354" /><testcase classname="backend.tests.test_iter58_reconcile_order_sites" name="test_10_sales_report_filters_ok" time="0.076" /><testcase classname="backend.tests.test_iter58_reconcile_order_sites" name="test_11_site_totals_equal_sum_of_vendor_totals" time="0.073" /><testcase classname="backend.tests.test_iter58_reconcile_order_sites" name="test_zz_cleanup" time="0.421" /></testsuite></testsuites>