<?xml version="1.0" encoding="utf-8"?><testsuites name="pytest tests"><testsuite name="pytest" errors="0" failures="0" skipped="0" tests="2" time="1.576" timestamp="2026-09-07T06:14:01.901217+00:00" hostname="agent-env-f4d6d17b-2c12-495a-a439-961510adc80c"><testcase classname="backend.tests.test_master_approval_magic_link" name="test_master_approval_end_to_end" time="1.276" /><testcase classname="backend.tests.test_master_approval_magic_link" name="test_master_rejection_no_magic_link" time="0.161" /></testsuite></testsuites>