<?xml version="1.0" encoding="utf-8"?><testsuites name="pytest tests"><testsuite name="pytest" errors="0" failures="0" skipped="0" tests="65" time="62.993" timestamp="2026-08-20T14:05:44.299453+00:00" hostname="agent-env-3685d86f-20db-4981-a67a-03d7c1e6d149"><testcase classname="backend.tests.test_onboarding_menu.TestAddMenuItem" name="test_add_item_ok" time="0.762" /><testcase classname="backend.tests.test_onboarding_menu.TestAddMenuItem" name="test_add_item_price_zero_rejected" time="0.149" /><testcase classname="backend.tests.test_onboarding_menu.TestAddMenuItem" name="test_add_item_negative_price_rejected" time="0.138" /><testcase classname="backend.tests.test_onboarding_menu.TestAddMenuItem" name="test_add_item_missing_name_rejected" time="0.143" /><testcase classname="backend.tests.test_onboarding_menu.TestAddMenuItem" name="test_add_item_unknown_meal_period_silently_filtered" time="0.133" /><testcase classname="backend.tests.test_onboarding_menu.TestPatchMenuItem" name="test_patch_updates_fields" time="0.328" /><testcase classname="backend.tests.test_onboarding_menu.TestPatchMenuItem" name="test_patch_zero_price_rejected" time="0.203" /><testcase classname="backend.tests.test_onboarding_menu.TestPatchMenuItem" name="test_patch_unknown_item_404" time="0.147" /><testcase classname="backend.tests.test_onboarding_menu.TestDeleteMenuItem" name="test_delete_ok_and_checklist_flip" time="0.540" /><testcase classname="backend.tests.test_onboarding_menu.TestDeleteMenuItem" name="test_delete_unknown_404" time="0.142" /><testcase classname="backend.tests.test_onboarding_menu.TestExcelUpload" name="test_upload_replaces_draft" time="0.330" /><testcase classname="backend.tests.test_onboarding_menu.TestExcelUpload" name="test_upload_rejects_bad_extension" time="0.152" /><testcase classname="backend.tests.test_onboarding_menu.TestExcelUpload" name="test_upload_missing_columns" time="0.134" /><testcase classname="backend.tests.test_onboarding_menu.TestStatusGuard" name="test_menu_add_rejected_when_rejected" time="0.592" /><testcase classname="backend.tests.test_onboarding_menu.TestMasterApprovalMaterialisation" name="test_menu_items_created_on_approval" time="1.200" /><testcase classname="backend.tests.test_free_menu_photos" name="test_unauthenticated_returns_401" time="0.129" /><testcase classname="backend.tests.test_free_menu_photos" name="test_employee_returns_403" time="0.690" /><testcase classname="backend.tests.test_free_menu_photos" name="test_empty_name_returns_422" time="0.456" /><testcase classname="backend.tests.test_free_menu_photos" name="test_name_too_long_returns_422" time="0.066" /><testcase classname="backend.tests.test_free_menu_photos" name="test_count_over_max_returns_422" time="0.066" /><testcase classname="backend.tests.test_free_menu_photos" name="test_happy_path_returns_image" time="1.208" /><testcase classname="backend.tests.test_free_menu_photos" name="test_free_rows_do_not_inflate_spend" time="0.149" /><testcase classname="backend.tests.test_free_menu_photos" name="test_paid_suggest_endpoint_still_wired" time="0.074" /><testcase classname="backend.tests.test_free_menu_photos" name="test_paid_suggest_endpoint_rejects_employee" time="0.085" /><testcase classname="backend.tests.test_ai_photos_and_agreement.TestAgreementDocType" name="test_fresh_onboarding_has_empty_documents" time="0.726" /><testcase classname="backend.tests.test_ai_photos_and_agreement.TestAgreementDocType" name="test_agreement_upload_roundtrip" time="0.575" /><testcase classname="backend.tests.test_ai_photos_and_agreement.TestAgreementDocType" name="test_invalid_doc_type_lists_agreement" time="0.072" /><testcase classname="backend.tests.test_ai_photos_and_agreement.TestAiMenuPhotosPlumbing" name="test_apply_rejects_path_traversal" time="0.303" /><testcase classname="backend.tests.test_ai_photos_and_agreement.TestAiMenuPhotosPlumbing" name="test_apply_rejects_wrong_prefix" time="0.073" /><testcase classname="backend.tests.test_ai_photos_and_agreement.TestAiMenuPhotosPlumbing" name="test_suggest_non_admin_forbidden" time="0.313" /><testcase classname="backend.tests.test_ai_photos_and_agreement.TestAiMenuPhotosPlumbing" name="test_bulk_fill_dry_run" time="0.072" /><testcase classname="backend.tests.test_ai_photos_and_agreement.TestAiMenuPhotosLive" name="test_suggest_and_download" time="23.248" /><testcase classname="backend.tests.test_ai_photos_and_agreement.TestAiMenuPhotosLive" name="test_bulk_fill_live_one_item" time="12.493" /><testcase classname="backend.tests.test_ai_photo_spend" name="test_schema_and_math" time="0.472" /><testcase classname="backend.tests.test_ai_photo_spend" name="test_unauth_returns_401" time="0.145" /><testcase classname="backend.tests.test_ai_photo_spend" name="test_non_master_returns_403" time="0.643" /><testcase classname="backend.tests.test_ai_photo_spend" name="test_aggregation_handles_both_shapes" time="0.157" /><testcase classname="backend.tests.test_ai_photo_spend" name="test_empty_collection_returns_zeros" time="0.065" /><testcase classname="backend.tests.test_storage_upload.TestHealthAndStartup" name="test_health_ok" time="0.147" /><testcase classname="backend.tests.test_storage_upload.TestObjectStorageUpload" name="test_pdf_upload_returns_encoded_url" time="0.986" /><testcase classname="backend.tests.test_storage_upload.TestObjectStorageUpload" name="test_pdf_download_bytes_roundtrip" time="0.255" /><testcase classname="backend.tests.test_storage_upload.TestObjectStorageUpload" name="test_persistence_across_backend_restart" time="4.933" /><testcase classname="backend.tests.test_storage_upload.TestObjectStorageUpload" name="test_png_upload_and_download" time="0.459" /><testcase classname="backend.tests.test_storage_upload.TestValidation" name="test_too_large_rejected" time="0.580" /><testcase classname="backend.tests.test_storage_upload.TestValidation" name="test_bad_extension_rejected" time="0.105" /><testcase classname="backend.tests.test_storage_upload.TestValidation" name="test_invalid_s_token_returns_404" time="0.151" /><testcase classname="backend.tests.test_storage_upload.TestValidation" name="test_legacy_filename_missing_returns_friendly_404" time="0.142" /><testcase classname="backend.tests.test_storage_upload.TestDeleteSoftDelete" name="test_delete_removes_db_entry_only" time="0.653" /><testcase classname="backend.tests.test_storage_upload.TestAccessControl" name="test_unauthenticated_upload_denied" time="0.462" /><testcase classname="backend.tests.test_session_persistence.TestLoginTokenLifetimes" name="test_login_returns_access_and_refresh" time="0.408" /><testcase classname="backend.tests.test_session_persistence.TestLoginTokenLifetimes" name="test_access_token_is_15_minutes" time="0.000" /><testcase classname="backend.tests.test_session_persistence.TestLoginTokenLifetimes" name="test_refresh_token_is_365_days" time="0.000" /><testcase classname="backend.tests.test_session_persistence.TestAuthRefresh" name="test_refresh_returns_new_access_and_me_works" time="0.292" /><testcase classname="backend.tests.test_session_persistence.TestAuthRefresh" name="test_refresh_with_invalid_token_401" time="0.148" /><testcase classname="backend.tests.test_session_persistence.TestAuthRefresh" name="test_refresh_with_expired_token_401" time="0.186" /><testcase classname="backend.tests.test_session_persistence.TestAuthRefresh" name="test_refresh_with_access_token_type_rejected" time="0.140" /><testcase classname="backend.tests.test_session_persistence.TestDeactivateReactivate" name="test_scratch_user_can_login_before_deactivate" time="0.585" /><testcase classname="backend.tests.test_session_persistence.TestDeactivateReactivate" name="test_non_admin_cannot_deactivate" time="0.514" /><testcase classname="backend.tests.test_session_persistence.TestDeactivateReactivate" name="test_cannot_self_deactivate" time="0.139" /><testcase classname="backend.tests.test_session_persistence.TestDeactivateReactivate" name="test_cannot_deactivate_master_admin" time="0.391" /><testcase classname="backend.tests.test_session_persistence.TestDeactivateReactivate" name="test_deactivate_kills_session_and_reactivate_restores" time="2.084" /><testcase classname="backend.tests.test_session_persistence.TestAuditLog" name="test_audit_rows_on_deactivate_and_reactivate" time="0.307" /><testcase classname="backend.tests.test_session_persistence.TestOtpFlow" name="test_otp_verify_returns_365_day_refresh" time="0.314" /><testcase classname="backend.tests.test_session_persistence.TestOtpFlow" name="test_otp_request_endpoint_reachable" time="0.450" /><testcase classname="backend.tests.test_session_persistence.TestBackwardsCompat" name="test_admin_has_no_is_active_field_yet_still_active" time="0.302" /></testsuite></testsuites>