<?xml version="1.0" encoding="utf-8"?><testsuites name="pytest tests"><testsuite name="pytest" errors="0" failures="0" skipped="0" tests="9" time="2.998" timestamp="2026-08-31T07:49:11.048898+00:00" hostname="agent-env-667edfd7-cda0-4106-aa96-452a67b147ab"><testcase classname="backend.tests.test_vendor_today_and_menu_guard.TestVendorTodayAnalytics" name="test_vendor_can_fetch" time="0.569" /><testcase classname="backend.tests.test_vendor_today_and_menu_guard.TestVendorTodayAnalytics" name="test_admin_forbidden" time="0.458" /><testcase classname="backend.tests.test_vendor_today_and_menu_guard.TestVendorTodayAnalytics" name="test_no_auth" time="0.129" /><testcase classname="backend.tests.test_vendor_today_and_menu_guard.TestMenuGuard" name="test_employee_cross_site_blocked" time="0.523" /><testcase classname="backend.tests.test_vendor_today_and_menu_guard.TestMenuGuard" name="test_employee_suspended_blocked" time="0.142" /><testcase classname="backend.tests.test_vendor_today_and_menu_guard.TestMenuGuard" name="test_employee_mapped_active_allowed" time="0.126" /><testcase classname="backend.tests.test_vendor_today_and_menu_guard.TestMenuGuard" name="test_admin_not_restricted" time="0.109" /><testcase classname="backend.tests.test_vendor_today_and_menu_guard.TestMenuGuard" name="test_vendor_not_restricted" time="0.113" /><testcase classname="backend.tests.test_vendor_today_and_menu_guard.TestMenuGuard" name="test_employee_all_mapped_vendors_ok" time="0.755" /></testsuite></testsuites>