<?xml version="1.0" encoding="utf-8"?><testsuites name="pytest tests"><testsuite name="pytest" errors="0" failures="0" skipped="0" tests="7" time="6.638" timestamp="2026-09-16T06:51:40.300834+00:00" hostname="agent-env-275a82f5-eeeb-4c2f-a075-ba3f42c8b292"><testcase classname="backend.tests.test_refund_actions.TestPendingListing" name="test_master_sees_three_rows" time="0.640" /><testcase classname="backend.tests.test_refund_actions.TestPendingListing" name="test_finance_sees_rows" time="3.144" /><testcase classname="backend.tests.test_refund_actions.TestPendingListing" name="test_corporate_admin_scope" time="0.438" /><testcase classname="backend.tests.test_refund_actions.TestRefundActions" name="test_offline_140_refund_pending_clears" time="0.823" /><testcase classname="backend.tests.test_refund_actions.TestRefundActions" name="test_offline_100_needs_refund_issue" time="0.228" /><testcase classname="backend.tests.test_refund_actions.TestRefundActions" name="test_razorpay_80_retry_stays_failed" time="1.012" /><testcase classname="backend.tests.test_refund_actions.TestAuthorization" name="test_corporate_admin_refund_forbidden" time="0.257" /></testsuite></testsuites>