<?xml version="1.0" encoding="utf-8"?><testsuites name="pytest tests"><testsuite name="pytest" errors="0" failures="0" skipped="1" tests="4" time="3.469" timestamp="2026-09-16T06:39:51.096294+00:00" hostname="agent-env-275a82f5-eeeb-4c2f-a075-ba3f42c8b292"><testcase classname="backend.tests.test_settlement_report.TestSettlementReport" name="test_master_settlement_report_numbers" time="0.507" /><testcase classname="backend.tests.test_settlement_report.TestSettlementReport" name="test_settlement_report_xlsx" time="0.461" /><testcase classname="backend.tests.test_settlement_report.TestSettlementReport" name="test_finance_user_can_access_settlement" time="1.874" /><testcase classname="backend.tests.test_settlement_report.TestSettlementReport" name="test_non_sales_sub_admin_denied" time="0.514"><skipped type="pytest.skip" message="cannot create non-sales sub_admin: 400 {&quot;detail&quot;:&quot;Select at least one permission&quot;}">/app/backend/tests/test_settlement_report.py:158: cannot create non-sales sub_admin: 400 {"detail":"Select at least one permission"}</skipped></testcase></testsuite></testsuites>