<?xml version="1.0" encoding="utf-8"?><testsuites name="pytest tests"><testsuite name="pytest" errors="0" failures="0" skipped="1" tests="54" time="5.391" timestamp="2026-08-21T12:31:56.898466+00:00" hostname="agent-env-3685d86f-20db-4981-a67a-03d7c1e6d149"><testcase classname="backend.tests.test_veg_classifier.TestClassifyVegUnit" name="test_veg_defaults[Veg Sandwich]" time="0.001" /><testcase classname="backend.tests.test_veg_classifier.TestClassifyVegUnit" name="test_veg_defaults[Paneer Masala]" time="0.000" /><testcase classname="backend.tests.test_veg_classifier.TestClassifyVegUnit" name="test_veg_defaults[Aloo Paratha]" time="0.002" /><testcase classname="backend.tests.test_veg_classifier.TestClassifyVegUnit" name="test_veg_defaults[Chana Masala]" time="0.000" /><testcase classname="backend.tests.test_veg_classifier.TestClassifyVegUnit" name="test_veg_defaults[Masala Dosa]" time="0.000" /><testcase classname="backend.tests.test_veg_classifier.TestClassifyVegUnit" name="test_veg_defaults[Paneer Tikka Kebab]" time="0.000" /><testcase classname="backend.tests.test_veg_classifier.TestClassifyVegUnit" name="test_veg_defaults[Tomato Soup]" time="0.000" /><testcase classname="backend.tests.test_veg_classifier.TestClassifyVegUnit" name="test_veg_defaults[Fruit Grill Sandwich]" time="0.000" /><testcase classname="backend.tests.test_veg_classifier.TestClassifyVegUnit" name="test_non_veg[Chicken Biryani]" time="0.000" /><testcase classname="backend.tests.test_veg_classifier.TestClassifyVegUnit" name="test_non_veg[Egg Bhurji]" time="0.000" /><testcase classname="backend.tests.test_veg_classifier.TestClassifyVegUnit" name="test_non_veg[Fish Curry]" time="0.000" /><testcase classname="backend.tests.test_veg_classifier.TestClassifyVegUnit" name="test_non_veg[Mutton Rogan Josh]" time="0.000" /><testcase classname="backend.tests.test_veg_classifier.TestClassifyVegUnit" name="test_non_veg[Prawn Koliwada]" time="0.000" /><testcase classname="backend.tests.test_veg_classifier.TestClassifyVegUnit" name="test_non_veg[Chicken 65]" time="0.000" /><testcase classname="backend.tests.test_veg_classifier.TestClassifyVegUnit" name="test_non_veg[Non-Veg Thali]" time="0.000" /><testcase classname="backend.tests.test_veg_classifier.TestClassifyVegUnit" name="test_non_veg[Non Veg Combo]" time="0.000" /><testcase classname="backend.tests.test_veg_classifier.TestClassifyVegUnit" name="test_non_veg[nonveg biryani]" time="0.000" /><testcase classname="backend.tests.test_veg_classifier.TestClassifyVegUnit" name="test_non_veg[NON-VEGETARIAN Special]" time="0.000" /><testcase classname="backend.tests.test_veg_classifier.TestClassifyVegUnit" name="test_word_boundary_peach_not_prawn" time="0.000" /><testcase classname="backend.tests.test_veg_classifier.TestClassifyVegUnit" name="test_default_unknown_is_veg" time="0.000" /><testcase classname="backend.tests.test_veg_classifier.TestClassifyVegUnit" name="test_reclassify_batch_counts_changes" time="0.000" /><testcase classname="backend.tests.test_veg_classifier.TestClassifyVegUnit" name="test_meat_beats_ambiguous_vegetables[Chicken Corn Soup-False]" time="0.000" /><testcase classname="backend.tests.test_veg_classifier.TestClassifyVegUnit" name="test_meat_beats_ambiguous_vegetables[Chicken Mushroom Soup-False]" time="0.000" /><testcase classname="backend.tests.test_veg_classifier.TestClassifyVegUnit" name="test_meat_beats_ambiguous_vegetables[Chicken with Palak-False]" time="0.000" /><testcase classname="backend.tests.test_veg_classifier.TestClassifyVegUnit" name="test_meat_beats_ambiguous_vegetables[Palak Chicken Curry-False]" time="0.000" /><testcase classname="backend.tests.test_veg_classifier.TestClassifyVegUnit" name="test_meat_beats_ambiguous_vegetables[Mutton with Peas-False]" time="0.000" /><testcase classname="backend.tests.test_veg_classifier.TestClassifyVegUnit" name="test_meat_beats_ambiguous_vegetables[Chicken Corn and Mushroom Soup-False]" time="0.000" /><testcase classname="backend.tests.test_veg_classifier.TestClassifyVegUnit" name="test_meat_beats_ambiguous_vegetables[Chicken Dal-False]" time="0.000" /><testcase classname="backend.tests.test_veg_classifier.TestClassifyVegUnit" name="test_meat_beats_ambiguous_vegetables[Sweet Corn Soup-True]" time="0.000" /><testcase classname="backend.tests.test_veg_classifier.TestClassifyVegUnit" name="test_meat_beats_ambiguous_vegetables[Mushroom Soup-True]" time="0.000" /><testcase classname="backend.tests.test_veg_classifier.TestClassifyVegUnit" name="test_meat_beats_ambiguous_vegetables[Palak Paneer-True]" time="0.000" /><testcase classname="backend.tests.test_veg_classifier.TestClassifyVegUnit" name="test_meat_beats_ambiguous_vegetables[Corn Chaat-True]" time="0.000" /><testcase classname="backend.tests.test_veg_classifier.TestClassifyVegUnit" name="test_meat_beats_ambiguous_vegetables[Paneer Tikka-True]" time="0.000" /><testcase classname="backend.tests.test_veg_classifier.TestClassifyVegUnit" name="test_meat_beats_ambiguous_vegetables[Paneer Tikka Kebab-True]" time="0.000" /><testcase classname="backend.tests.test_veg_classifier.TestClassifyVegUnit" name="test_meat_beats_ambiguous_vegetables[Aloo Tikki-True]" time="0.000" /><testcase classname="backend.tests.test_veg_classifier.TestClassifyVegUnit" name="test_meat_beats_ambiguous_vegetables[Vegetable Fried Rice-True]" time="0.000" /><testcase classname="backend.tests.test_veg_classifier.TestClassifyVegUnit" name="test_reclassify_batch_only_missing_preserves_manual" time="0.000" /><testcase classname="backend.tests.test_veg_classifier.TestExcelAutoClassify" name="test_missing_column_auto_classifies" time="1.019" /><testcase classname="backend.tests.test_veg_classifier.TestExcelAutoClassify" name="test_explicit_column_honoured" time="0.296" /><testcase classname="backend.tests.test_veg_classifier.TestReclassifyOnboarding" name="test_reclassify_flips_wrong_flags" time="0.772" /><testcase classname="backend.tests.test_veg_classifier.TestReclassifyOnboarding" name="test_reclassify_noop_when_already_correct" time="0.378" /><testcase classname="backend.tests.test_veg_classifier.TestReclassifyOnboarding" name="test_reclassify_requires_auth" time="0.229" /><testcase classname="backend.tests.test_veg_classifier.TestReclassifyOnboarding" name="test_reclassify_400_when_rejected" time="0.393" /><testcase classname="backend.tests.test_veg_classifier.TestReclassifyLiveMenuItems" name="test_master_only" time="0.154" /><testcase classname="backend.tests.test_veg_classifier.TestReclassifyLiveMenuItems" name="test_scope_by_vendor" time="0.097" /><testcase classname="backend.tests.test_apply_endpoint" name="test_apply_unauthenticated_401_or_403" time="0.149" /><testcase classname="backend.tests.test_apply_endpoint" name="test_apply_endpoint_is_registered_not_404" time="0.505" /><testcase classname="backend.tests.test_apply_endpoint" name="test_apply_rejects_legacy_ai_filename_400" time="0.066" /><testcase classname="backend.tests.test_apply_endpoint" name="test_apply_rejects_path_traversal" time="0.264" /><testcase classname="backend.tests.test_apply_endpoint" name="test_apply_rejects_bogus_url_scheme" time="0.268" /><testcase classname="backend.tests.test_apply_endpoint" name="test_apply_requires_url_or_filename" time="0.073" /><testcase classname="backend.tests.test_apply_endpoint" name="test_apply_valid_url_missing_menu_item_404" time="0.077" /><testcase classname="backend.tests.test_apply_endpoint" name="test_apply_valid_s_filename_missing_menu_item_404" time="0.099" /><testcase classname="backend.tests.test_apply_endpoint" name="test_apply_nonadmin_forbidden" time="0.208"><skipped type="pytest.skip" message="cannot register low-priv user: 400">/app/backend/tests/test_apply_endpoint.py:106: cannot register low-priv user: 400</skipped></testcase></testsuite></testsuites>