<?xml version="1.0" encoding="utf-8"?><testsuites name="pytest tests"><testsuite name="pytest" errors="0" failures="0" skipped="0" tests="13" time="4.673" timestamp="2026-09-01T13:48:38.827442+00:00" hostname="agent-env-667edfd7-cda0-4106-aa96-452a67b147ab"><testcase classname="backend.tests.test_iter33_new_features.TestCounterFilter" name="test_vendor_counters_endpoint" time="1.697" /><testcase classname="backend.tests.test_iter33_new_features.TestCounterFilter" name="test_orders_include_counter_field" time="0.119" /><testcase classname="backend.tests.test_iter33_new_features.TestCounterFilter" name="test_non_vendor_orders_also_have_counter_key" time="0.165" /><testcase classname="backend.tests.test_iter33_new_features.TestCorporateToday" name="test_corp_admin_a_sees_own_data" time="0.112" /><testcase classname="backend.tests.test_iter33_new_features.TestCorporateToday" name="test_vendor_forbidden" time="0.163" /><testcase classname="backend.tests.test_iter33_new_features.TestCorporateToday" name="test_employee_forbidden" time="0.181" /><testcase classname="backend.tests.test_iter33_new_features.TestCorporateToday" name="test_corp_a_never_sees_corpb_site" time="0.148" /><testcase classname="backend.tests.test_iter33_new_features.TestMealPrices" name="test_master_can_patch_meal_prices" time="0.418" /><testcase classname="backend.tests.test_iter33_new_features.TestMealPrices" name="test_negative_prices_rejected" time="0.170" /><testcase classname="backend.tests.test_iter33_new_features.TestMealPrices" name="test_non_master_cannot_set_meal_prices" time="0.527" /><testcase classname="backend.tests.test_iter33_new_features.TestBackfillSites" name="test_master_can_call" time="0.154" /><testcase classname="backend.tests.test_iter33_new_features.TestBackfillSites" name="test_idempotent" time="0.304" /><testcase classname="backend.tests.test_iter33_new_features.TestBackfillSites" name="test_non_master_forbidden" time="0.428" /></testsuite></testsuites>