<?xml version="1.0" encoding="utf-8"?><testsuites name="pytest tests"><testsuite name="pytest" errors="0" failures="0" skipped="1" tests="130" time="25.262" timestamp="2026-08-22T06:51:44.778084+00:00" hostname="agent-env-3685d86f-20db-4981-a67a-03d7c1e6d149"><testcase classname="backend.tests.test_veg_classifier.TestClassifyVegUnit" name="test_veg_defaults[Veg Sandwich]" time="0.001" /><testcase classname="backend.tests.test_veg_classifier.TestClassifyVegUnit" name="test_veg_defaults[Paneer Masala]" time="0.000" /><testcase classname="backend.tests.test_veg_classifier.TestClassifyVegUnit" name="test_veg_defaults[Aloo Paratha]" time="0.000" /><testcase classname="backend.tests.test_veg_classifier.TestClassifyVegUnit" name="test_veg_defaults[Chana Masala]" time="0.000" /><testcase classname="backend.tests.test_veg_classifier.TestClassifyVegUnit" name="test_veg_defaults[Masala Dosa]" time="0.000" /><testcase classname="backend.tests.test_veg_classifier.TestClassifyVegUnit" name="test_veg_defaults[Paneer Tikka Kebab]" time="0.000" /><testcase classname="backend.tests.test_veg_classifier.TestClassifyVegUnit" name="test_veg_defaults[Tomato Soup]" time="0.000" /><testcase classname="backend.tests.test_veg_classifier.TestClassifyVegUnit" name="test_veg_defaults[Fruit Grill Sandwich]" time="0.000" /><testcase classname="backend.tests.test_veg_classifier.TestClassifyVegUnit" name="test_non_veg[Chicken Biryani]" time="0.000" /><testcase classname="backend.tests.test_veg_classifier.TestClassifyVegUnit" name="test_non_veg[Egg Bhurji]" time="0.000" /><testcase classname="backend.tests.test_veg_classifier.TestClassifyVegUnit" name="test_non_veg[Fish Curry]" time="0.000" /><testcase classname="backend.tests.test_veg_classifier.TestClassifyVegUnit" name="test_non_veg[Mutton Rogan Josh]" time="0.000" /><testcase classname="backend.tests.test_veg_classifier.TestClassifyVegUnit" name="test_non_veg[Prawn Koliwada]" time="0.000" /><testcase classname="backend.tests.test_veg_classifier.TestClassifyVegUnit" name="test_non_veg[Chicken 65]" time="0.000" /><testcase classname="backend.tests.test_veg_classifier.TestClassifyVegUnit" name="test_non_veg[Non-Veg Thali]" time="0.000" /><testcase classname="backend.tests.test_veg_classifier.TestClassifyVegUnit" name="test_non_veg[Non Veg Combo]" time="0.000" /><testcase classname="backend.tests.test_veg_classifier.TestClassifyVegUnit" name="test_non_veg[nonveg biryani]" time="0.000" /><testcase classname="backend.tests.test_veg_classifier.TestClassifyVegUnit" name="test_non_veg[NON-VEGETARIAN Special]" time="0.000" /><testcase classname="backend.tests.test_veg_classifier.TestClassifyVegUnit" name="test_word_boundary_peach_not_prawn" time="0.000" /><testcase classname="backend.tests.test_veg_classifier.TestClassifyVegUnit" name="test_default_unknown_is_veg" time="0.000" /><testcase classname="backend.tests.test_veg_classifier.TestClassifyVegUnit" name="test_reclassify_batch_counts_changes" time="0.000" /><testcase classname="backend.tests.test_veg_classifier.TestClassifyVegUnit" name="test_meat_beats_ambiguous_vegetables[Chicken Corn Soup-False]" time="0.000" /><testcase classname="backend.tests.test_veg_classifier.TestClassifyVegUnit" name="test_meat_beats_ambiguous_vegetables[Chicken Mushroom Soup-False]" time="0.000" /><testcase classname="backend.tests.test_veg_classifier.TestClassifyVegUnit" name="test_meat_beats_ambiguous_vegetables[Chicken with Palak-False]" time="0.000" /><testcase classname="backend.tests.test_veg_classifier.TestClassifyVegUnit" name="test_meat_beats_ambiguous_vegetables[Palak Chicken Curry-False]" time="0.000" /><testcase classname="backend.tests.test_veg_classifier.TestClassifyVegUnit" name="test_meat_beats_ambiguous_vegetables[Mutton with Peas-False]" time="0.000" /><testcase classname="backend.tests.test_veg_classifier.TestClassifyVegUnit" name="test_meat_beats_ambiguous_vegetables[Chicken Corn and Mushroom Soup-False]" time="0.000" /><testcase classname="backend.tests.test_veg_classifier.TestClassifyVegUnit" name="test_meat_beats_ambiguous_vegetables[Chicken Dal-False]" time="0.000" /><testcase classname="backend.tests.test_veg_classifier.TestClassifyVegUnit" name="test_meat_beats_ambiguous_vegetables[Sweet Corn Soup-True]" time="0.000" /><testcase classname="backend.tests.test_veg_classifier.TestClassifyVegUnit" name="test_meat_beats_ambiguous_vegetables[Mushroom Soup-True]" time="0.000" /><testcase classname="backend.tests.test_veg_classifier.TestClassifyVegUnit" name="test_meat_beats_ambiguous_vegetables[Palak Paneer-True]" time="0.000" /><testcase classname="backend.tests.test_veg_classifier.TestClassifyVegUnit" name="test_meat_beats_ambiguous_vegetables[Corn Chaat-True]" time="0.000" /><testcase classname="backend.tests.test_veg_classifier.TestClassifyVegUnit" name="test_meat_beats_ambiguous_vegetables[Paneer Tikka-True]" time="0.000" /><testcase classname="backend.tests.test_veg_classifier.TestClassifyVegUnit" name="test_meat_beats_ambiguous_vegetables[Paneer Tikka Kebab-True]" time="0.000" /><testcase classname="backend.tests.test_veg_classifier.TestClassifyVegUnit" name="test_meat_beats_ambiguous_vegetables[Aloo Tikki-True]" time="0.000" /><testcase classname="backend.tests.test_veg_classifier.TestClassifyVegUnit" name="test_meat_beats_ambiguous_vegetables[Vegetable Fried Rice-True]" time="0.000" /><testcase classname="backend.tests.test_veg_classifier.TestClassifyVegUnit" name="test_reclassify_batch_only_missing_preserves_manual" time="0.000" /><testcase classname="backend.tests.test_veg_classifier.TestExcelAutoClassify" name="test_missing_column_auto_classifies" time="0.519" /><testcase classname="backend.tests.test_veg_classifier.TestExcelAutoClassify" name="test_explicit_column_honoured" time="0.169" /><testcase classname="backend.tests.test_veg_classifier.TestReclassifyOnboarding" name="test_reclassify_flips_wrong_flags" time="0.480" /><testcase classname="backend.tests.test_veg_classifier.TestReclassifyOnboarding" name="test_reclassify_noop_when_already_correct" time="0.201" /><testcase classname="backend.tests.test_veg_classifier.TestReclassifyOnboarding" name="test_reclassify_requires_auth" time="0.187" /><testcase classname="backend.tests.test_veg_classifier.TestReclassifyOnboarding" name="test_reclassify_400_when_rejected" time="0.209" /><testcase classname="backend.tests.test_veg_classifier.TestReclassifyLiveMenuItems" name="test_master_only" time="0.095" /><testcase classname="backend.tests.test_veg_classifier.TestReclassifyLiveMenuItems" name="test_scope_by_vendor" time="0.041" /><testcase classname="backend.tests.test_allergen_classifier.TestClassifier" name="test_paneer_butter_masala_is_milk_only" time="0.000" /><testcase classname="backend.tests.test_allergen_classifier.TestClassifier" name="test_chicken_biryani_no_allergens" time="0.000" /><testcase classname="backend.tests.test_allergen_classifier.TestClassifier" name="test_veg_kaju_curry_is_nuts" time="0.000" /><testcase classname="backend.tests.test_allergen_classifier.TestClassifier" name="test_peanut_chutney_is_peanuts_not_nuts" time="0.000" /><testcase classname="backend.tests.test_allergen_classifier.TestClassifier" name="test_masala_dosa_is_gluten_free" time="0.000" /><testcase classname="backend.tests.test_allergen_classifier.TestClassifier" name="test_veg_sandwich_is_gluten" time="0.000" /><testcase classname="backend.tests.test_allergen_classifier.TestClassifier" name="test_prawn_curry_is_shellfish" time="0.000" /><testcase classname="backend.tests.test_allergen_classifier.TestClassifier" name="test_egg_bhurji_is_egg" time="0.000" /><testcase classname="backend.tests.test_allergen_classifier.TestClassifier" name="test_multiple_allergens_paneer_kaju" time="0.000" /><testcase classname="backend.tests.test_allergen_classifier.TestClassifier" name="test_normalize_drops_unknown" time="0.000" /><testcase classname="backend.tests.test_allergen_classifier.TestClassifier" name="test_normalize_empty" time="0.000" /><testcase classname="backend.tests.test_allergen_classifier.TestClassifier" name="test_reclassify_only_missing_preserves_manual" time="0.000" /><testcase classname="backend.tests.test_allergen_classifier.TestClassifier" name="test_reclassify_overwrite_flips_manual" time="0.000" /><testcase classname="backend.tests.test_allergen_classifier.TestOnboardingEndpoints" name="test_add_item_with_allergens" time="0.725" /><testcase classname="backend.tests.test_allergen_classifier.TestOnboardingEndpoints" name="test_patch_item_replaces_allergens" time="0.381" /><testcase classname="backend.tests.test_allergen_classifier.TestOnboardingEndpoints" name="test_excel_auto_classifies_missing_allergens" time="0.403" /><testcase classname="backend.tests.test_allergen_classifier.TestOnboardingEndpoints" name="test_reclassify_endpoint_fills_missing" time="0.623" /><testcase classname="backend.tests.test_allergen_classifier.TestOnboardingEndpoints" name="test_reclassify_only_missing_preserves_manual" time="0.667" /><testcase classname="backend.tests.test_allergen_classifier.TestAdminEndpoints" name="test_live_reclassify_requires_master" time="0.091" /><testcase classname="backend.tests.test_allergen_classifier.TestAdminEndpoints" name="test_live_reclassify_scope_query" time="0.095" /><testcase classname="backend.tests.test_apply_endpoint" name="test_apply_unauthenticated_401_or_403" time="0.101" /><testcase classname="backend.tests.test_apply_endpoint" name="test_apply_endpoint_is_registered_not_404" time="0.397" /><testcase classname="backend.tests.test_apply_endpoint" name="test_apply_rejects_legacy_ai_filename_400" time="0.039" /><testcase classname="backend.tests.test_apply_endpoint" name="test_apply_rejects_path_traversal" time="0.235" /><testcase classname="backend.tests.test_apply_endpoint" name="test_apply_rejects_bogus_url_scheme" time="0.195" /><testcase classname="backend.tests.test_apply_endpoint" name="test_apply_requires_url_or_filename" time="0.041" /><testcase classname="backend.tests.test_apply_endpoint" name="test_apply_valid_url_missing_menu_item_404" time="0.042" /><testcase classname="backend.tests.test_apply_endpoint" name="test_apply_valid_s_filename_missing_menu_item_404" time="0.081" /><testcase classname="backend.tests.test_apply_endpoint" name="test_apply_nonadmin_forbidden" time="0.116"><skipped type="pytest.skip" message="cannot register low-priv user: 400">/app/backend/tests/test_apply_endpoint.py:106: cannot register low-priv user: 400</skipped></testcase><testcase classname="backend.tests.test_free_menu_photos" name="test_unauthenticated_returns_401" time="0.121" /><testcase classname="backend.tests.test_free_menu_photos" name="test_employee_returns_403" time="0.617" /><testcase classname="backend.tests.test_free_menu_photos" name="test_empty_name_returns_422" time="0.364" /><testcase classname="backend.tests.test_free_menu_photos" name="test_name_too_long_returns_422" time="0.083" /><testcase classname="backend.tests.test_free_menu_photos" name="test_count_over_max_returns_422" time="0.041" /><testcase classname="backend.tests.test_free_menu_photos" name="test_happy_path_returns_image" time="0.983" /><testcase classname="backend.tests.test_free_menu_photos" name="test_free_rows_do_not_inflate_spend" time="0.086" /><testcase classname="backend.tests.test_free_menu_photos" name="test_paid_suggest_endpoint_still_wired" time="0.043" /><testcase classname="backend.tests.test_free_menu_photos" name="test_paid_suggest_endpoint_rejects_employee" time="0.082" /><testcase classname="backend.tests.test_onboarding_menu.TestAddMenuItem" name="test_add_item_ok" time="0.499" /><testcase classname="backend.tests.test_onboarding_menu.TestAddMenuItem" name="test_add_item_price_zero_rejected" time="0.125" /><testcase classname="backend.tests.test_onboarding_menu.TestAddMenuItem" name="test_add_item_negative_price_rejected" time="0.125" /><testcase classname="backend.tests.test_onboarding_menu.TestAddMenuItem" name="test_add_item_missing_name_rejected" time="0.085" /><testcase classname="backend.tests.test_onboarding_menu.TestAddMenuItem" name="test_add_item_unknown_meal_period_silently_filtered" time="0.089" /><testcase classname="backend.tests.test_onboarding_menu.TestPatchMenuItem" name="test_patch_updates_fields" time="0.169" /><testcase classname="backend.tests.test_onboarding_menu.TestPatchMenuItem" name="test_patch_zero_price_rejected" time="0.133" /><testcase classname="backend.tests.test_onboarding_menu.TestPatchMenuItem" name="test_patch_unknown_item_404" time="0.081" /><testcase classname="backend.tests.test_onboarding_menu.TestDeleteMenuItem" name="test_delete_ok_and_checklist_flip" time="0.417" /><testcase classname="backend.tests.test_onboarding_menu.TestDeleteMenuItem" name="test_delete_unknown_404" time="0.084" /><testcase classname="backend.tests.test_onboarding_menu.TestExcelUpload" name="test_upload_replaces_draft" time="0.299" /><testcase classname="backend.tests.test_onboarding_menu.TestExcelUpload" name="test_upload_rejects_bad_extension" time="0.126" /><testcase classname="backend.tests.test_onboarding_menu.TestExcelUpload" name="test_upload_missing_columns" time="0.132" /><testcase classname="backend.tests.test_onboarding_menu.TestStatusGuard" name="test_menu_add_rejected_when_rejected" time="0.457" /><testcase classname="backend.tests.test_onboarding_menu.TestMasterApprovalMaterialisation" name="test_menu_items_created_on_approval" time="0.915" /><testcase classname="backend.tests.test_storage_upload.TestHealthAndStartup" name="test_health_ok" time="0.114" /><testcase classname="backend.tests.test_storage_upload.TestObjectStorageUpload" name="test_pdf_upload_returns_encoded_url" time="0.874" /><testcase classname="backend.tests.test_storage_upload.TestObjectStorageUpload" name="test_pdf_download_bytes_roundtrip" time="0.129" /><testcase classname="backend.tests.test_storage_upload.TestObjectStorageUpload" name="test_persistence_across_backend_restart" time="4.313" /><testcase classname="backend.tests.test_storage_upload.TestObjectStorageUpload" name="test_png_upload_and_download" time="0.437" /><testcase classname="backend.tests.test_storage_upload.TestValidation" name="test_too_large_rejected" time="0.324" /><testcase classname="backend.tests.test_storage_upload.TestValidation" name="test_bad_extension_rejected" time="0.041" /><testcase classname="backend.tests.test_storage_upload.TestValidation" name="test_invalid_s_token_returns_404" time="0.110" /><testcase classname="backend.tests.test_storage_upload.TestValidation" name="test_legacy_filename_missing_returns_friendly_404" time="0.093" /><testcase classname="backend.tests.test_storage_upload.TestDeleteSoftDelete" name="test_delete_removes_db_entry_only" time="0.554" /><testcase classname="backend.tests.test_storage_upload.TestAccessControl" name="test_unauthenticated_upload_denied" time="0.303" /><testcase classname="backend.tests.test_menu_image_upload.TestLiveMenuUploadRBAC" name="test_master_admin_upload_ok" time="1.590" /><testcase classname="backend.tests.test_menu_image_upload.TestLiveMenuUploadRBAC" name="test_owning_vendor_upload_ok" time="0.473" /><testcase classname="backend.tests.test_menu_image_upload.TestLiveMenuUploadRBAC" name="test_non_owning_vendor_upload_forbidden" time="0.372" /><testcase classname="backend.tests.test_menu_image_upload.TestLiveMenuUploadRBAC" name="test_employee_upload_forbidden" time="0.378" /><testcase classname="backend.tests.test_menu_image_upload.TestLiveMenuUploadRBAC" name="test_unauthenticated_upload_401" time="0.087" /><testcase classname="backend.tests.test_menu_image_upload.TestLiveMenuUploadRBAC" name="test_upload_over_5mb_400" time="0.239" /><testcase classname="backend.tests.test_menu_image_upload.TestLiveMenuUploadRBAC" name="test_upload_bad_extension_400" time="0.044" /><testcase classname="backend.tests.test_menu_image_upload.TestLiveMenuUploadRBAC" name="test_upload_unknown_item_404" time="0.082" /><testcase classname="backend.tests.test_menu_image_upload.TestLiveMenuClearRBAC" name="test_master_clear_ok" time="0.320" /><testcase classname="backend.tests.test_menu_image_upload.TestLiveMenuClearRBAC" name="test_owning_vendor_clear_ok" time="0.324" /><testcase classname="backend.tests.test_menu_image_upload.TestLiveMenuClearRBAC" name="test_non_owning_vendor_clear_forbidden" time="0.046" /><testcase classname="backend.tests.test_menu_image_upload.TestLiveMenuClearRBAC" name="test_employee_clear_forbidden" time="0.040" /><testcase classname="backend.tests.test_menu_image_upload.TestVendorMenuFeed" name="test_uploaded_image_appears_in_vendor_menu" time="0.526" /><testcase classname="backend.tests.test_menu_image_upload.TestOnboardingDraftImage" name="test_master_upload_and_clear" time="0.448" /><testcase classname="backend.tests.test_menu_image_upload.TestOnboardingDraftImage" name="test_vendor_role_cannot_upload_draft" time="0.044" /><testcase classname="backend.tests.test_menu_image_upload.TestOnboardingDraftImage" name="test_upload_unknown_item_404" time="0.043" /><testcase classname="backend.tests.test_menu_image_upload.TestOnboardingDraftImage" name="test_upload_bad_extension_400" time="0.042" /><testcase classname="backend.tests.test_menu_image_upload.TestAIRegenerateRBAC" name="test_non_owning_vendor_forbidden" time="0.047" /><testcase classname="backend.tests.test_menu_image_upload.TestAIRegenerateRBAC" name="test_owning_vendor_paid_forbidden" time="0.048" /><testcase classname="backend.tests.test_menu_image_upload.TestAIRegenerateRBAC" name="test_employee_forbidden" time="0.043" /><testcase classname="backend.tests.test_menu_image_upload.TestAIRegenerateRBAC" name="test_unknown_item_404" time="0.049" /></testsuite></testsuites>