<?xml version="1.0" encoding="utf-8"?><testsuites name="pytest tests"><testsuite name="pytest" errors="0" failures="0" skipped="0" tests="9" time="4.607" timestamp="2026-09-01T13:32:50.895931+00:00" hostname="agent-env-667edfd7-cda0-4106-aa96-452a67b147ab"><testcase classname="backend.tests.test_order_hierarchy_scoping" name="test_master_sees_all_orders_and_audit_orders_have_linkage" time="0.759" /><testcase classname="backend.tests.test_order_hierarchy_scoping" name="test_corporate_admin_a_sees_only_corp_a_order" time="0.495" /><testcase classname="backend.tests.test_order_hierarchy_scoping" name="test_site_admin_a_sees_only_site_a_order" time="0.585" /><testcase classname="backend.tests.test_order_hierarchy_scoping" name="test_employee_a_sees_only_own_order" time="0.585" /><testcase classname="backend.tests.test_order_hierarchy_scoping" name="test_cross_company_isolation_corp_a_never_sees_corp_b" time="0.175" /><testcase classname="backend.tests.test_order_hierarchy_scoping" name="test_employee_a_sees_audit_vendor1_and_vendor2" time="0.169" /><testcase classname="backend.tests.test_order_hierarchy_scoping" name="test_employee_b_sees_only_audit_vendor1" time="0.541" /><testcase classname="backend.tests.test_order_hierarchy_scoping" name="test_menu_guard_allows_mapped_and_blocks_unmapped_for_emp_b" time="0.739" /><testcase classname="backend.tests.test_order_hierarchy_scoping" name="test_backfill_orders_master_only_and_idempotent" time="0.484" /></testsuite></testsuites>