<?xml version="1.0" encoding="utf-8"?><testsuites name="pytest tests"><testsuite name="pytest" errors="0" failures="0" skipped="0" tests="71" time="30.313" timestamp="2026-08-21T12:32:11.552018+00:00" hostname="agent-env-3685d86f-20db-4981-a67a-03d7c1e6d149"><testcase classname="backend.tests.test_free_menu_photos" name="test_unauthenticated_returns_401" time="0.166" /><testcase classname="backend.tests.test_free_menu_photos" name="test_employee_returns_403" time="0.812" /><testcase classname="backend.tests.test_free_menu_photos" name="test_empty_name_returns_422" time="0.484" /><testcase classname="backend.tests.test_free_menu_photos" name="test_name_too_long_returns_422" time="0.061" /><testcase classname="backend.tests.test_free_menu_photos" name="test_count_over_max_returns_422" time="0.067" /><testcase classname="backend.tests.test_free_menu_photos" name="test_happy_path_returns_image" time="1.309" /><testcase classname="backend.tests.test_free_menu_photos" name="test_free_rows_do_not_inflate_spend" time="0.132" /><testcase classname="backend.tests.test_free_menu_photos" name="test_paid_suggest_endpoint_still_wired" time="0.062" /><testcase classname="backend.tests.test_free_menu_photos" name="test_paid_suggest_endpoint_rejects_employee" time="0.070" /><testcase classname="backend.tests.test_allergen_classifier.TestClassifier" name="test_paneer_butter_masala_is_milk_only" time="0.002" /><testcase classname="backend.tests.test_allergen_classifier.TestClassifier" name="test_chicken_biryani_no_allergens" time="0.000" /><testcase classname="backend.tests.test_allergen_classifier.TestClassifier" name="test_veg_kaju_curry_is_nuts" time="0.000" /><testcase classname="backend.tests.test_allergen_classifier.TestClassifier" name="test_peanut_chutney_is_peanuts_not_nuts" time="0.000" /><testcase classname="backend.tests.test_allergen_classifier.TestClassifier" name="test_masala_dosa_is_gluten_free" time="0.001" /><testcase classname="backend.tests.test_allergen_classifier.TestClassifier" name="test_veg_sandwich_is_gluten" time="0.001" /><testcase classname="backend.tests.test_allergen_classifier.TestClassifier" name="test_prawn_curry_is_shellfish" time="0.000" /><testcase classname="backend.tests.test_allergen_classifier.TestClassifier" name="test_egg_bhurji_is_egg" time="0.000" /><testcase classname="backend.tests.test_allergen_classifier.TestClassifier" name="test_multiple_allergens_paneer_kaju" time="0.000" /><testcase classname="backend.tests.test_allergen_classifier.TestClassifier" name="test_normalize_drops_unknown" time="0.000" /><testcase classname="backend.tests.test_allergen_classifier.TestClassifier" name="test_normalize_empty" time="0.000" /><testcase classname="backend.tests.test_allergen_classifier.TestClassifier" name="test_reclassify_only_missing_preserves_manual" time="0.001" /><testcase classname="backend.tests.test_allergen_classifier.TestClassifier" name="test_reclassify_overwrite_flips_manual" time="0.000" /><testcase classname="backend.tests.test_allergen_classifier.TestOnboardingEndpoints" name="test_add_item_with_allergens" time="1.005" /><testcase classname="backend.tests.test_allergen_classifier.TestOnboardingEndpoints" name="test_patch_item_replaces_allergens" time="0.563" /><testcase classname="backend.tests.test_allergen_classifier.TestOnboardingEndpoints" name="test_excel_auto_classifies_missing_allergens" time="0.688" /><testcase classname="backend.tests.test_allergen_classifier.TestOnboardingEndpoints" name="test_reclassify_endpoint_fills_missing" time="0.987" /><testcase classname="backend.tests.test_allergen_classifier.TestOnboardingEndpoints" name="test_reclassify_only_missing_preserves_manual" time="1.052" /><testcase classname="backend.tests.test_allergen_classifier.TestAdminEndpoints" name="test_live_reclassify_requires_master" time="0.182" /><testcase classname="backend.tests.test_allergen_classifier.TestAdminEndpoints" name="test_live_reclassify_scope_query" time="0.163" /><testcase classname="backend.tests.test_onboarding_menu.TestAddMenuItem" name="test_add_item_ok" time="0.734" /><testcase classname="backend.tests.test_onboarding_menu.TestAddMenuItem" name="test_add_item_price_zero_rejected" time="0.147" /><testcase classname="backend.tests.test_onboarding_menu.TestAddMenuItem" name="test_add_item_negative_price_rejected" time="0.146" /><testcase classname="backend.tests.test_onboarding_menu.TestAddMenuItem" name="test_add_item_missing_name_rejected" time="0.154" /><testcase classname="backend.tests.test_onboarding_menu.TestAddMenuItem" name="test_add_item_unknown_meal_period_silently_filtered" time="0.157" /><testcase classname="backend.tests.test_onboarding_menu.TestPatchMenuItem" name="test_patch_updates_fields" time="0.301" /><testcase classname="backend.tests.test_onboarding_menu.TestPatchMenuItem" name="test_patch_zero_price_rejected" time="0.218" /><testcase classname="backend.tests.test_onboarding_menu.TestPatchMenuItem" name="test_patch_unknown_item_404" time="0.146" /><testcase classname="backend.tests.test_onboarding_menu.TestDeleteMenuItem" name="test_delete_ok_and_checklist_flip" time="0.538" /><testcase classname="backend.tests.test_onboarding_menu.TestDeleteMenuItem" name="test_delete_unknown_404" time="0.153" /><testcase classname="backend.tests.test_onboarding_menu.TestExcelUpload" name="test_upload_replaces_draft" time="0.312" /><testcase classname="backend.tests.test_onboarding_menu.TestExcelUpload" name="test_upload_rejects_bad_extension" time="0.159" /><testcase classname="backend.tests.test_onboarding_menu.TestExcelUpload" name="test_upload_missing_columns" time="0.161" /><testcase classname="backend.tests.test_onboarding_menu.TestStatusGuard" name="test_menu_add_rejected_when_rejected" time="0.605" /><testcase classname="backend.tests.test_onboarding_menu.TestMasterApprovalMaterialisation" name="test_menu_items_created_on_approval" time="1.333" /><testcase classname="backend.tests.test_storage_upload.TestHealthAndStartup" name="test_health_ok" time="0.168" /><testcase classname="backend.tests.test_storage_upload.TestObjectStorageUpload" name="test_pdf_upload_returns_encoded_url" time="1.096" /><testcase classname="backend.tests.test_storage_upload.TestObjectStorageUpload" name="test_pdf_download_bytes_roundtrip" time="0.207" /><testcase classname="backend.tests.test_storage_upload.TestObjectStorageUpload" name="test_persistence_across_backend_restart" time="5.253" /><testcase classname="backend.tests.test_storage_upload.TestObjectStorageUpload" name="test_png_upload_and_download" time="0.559" /><testcase classname="backend.tests.test_storage_upload.TestValidation" name="test_too_large_rejected" time="0.768" /><testcase classname="backend.tests.test_storage_upload.TestValidation" name="test_bad_extension_rejected" time="0.074" /><testcase classname="backend.tests.test_storage_upload.TestValidation" name="test_invalid_s_token_returns_404" time="0.201" /><testcase classname="backend.tests.test_storage_upload.TestValidation" name="test_legacy_filename_missing_returns_friendly_404" time="0.128" /><testcase classname="backend.tests.test_storage_upload.TestDeleteSoftDelete" name="test_delete_removes_db_entry_only" time="0.670" /><testcase classname="backend.tests.test_storage_upload.TestAccessControl" name="test_unauthenticated_upload_denied" time="0.453" /><testcase classname="backend.tests.test_session_persistence.TestLoginTokenLifetimes" name="test_login_returns_access_and_refresh" time="0.435" /><testcase classname="backend.tests.test_session_persistence.TestLoginTokenLifetimes" name="test_access_token_is_15_minutes" time="0.000" /><testcase classname="backend.tests.test_session_persistence.TestLoginTokenLifetimes" name="test_refresh_token_is_365_days" time="0.000" /><testcase classname="backend.tests.test_session_persistence.TestAuthRefresh" name="test_refresh_returns_new_access_and_me_works" time="0.311" /><testcase classname="backend.tests.test_session_persistence.TestAuthRefresh" name="test_refresh_with_invalid_token_401" time="0.176" /><testcase classname="backend.tests.test_session_persistence.TestAuthRefresh" name="test_refresh_with_expired_token_401" time="0.146" /><testcase classname="backend.tests.test_session_persistence.TestAuthRefresh" name="test_refresh_with_access_token_type_rejected" time="0.128" /><testcase classname="backend.tests.test_session_persistence.TestDeactivateReactivate" name="test_scratch_user_can_login_before_deactivate" time="0.767" /><testcase classname="backend.tests.test_session_persistence.TestDeactivateReactivate" name="test_non_admin_cannot_deactivate" time="0.608" /><testcase classname="backend.tests.test_session_persistence.TestDeactivateReactivate" name="test_cannot_self_deactivate" time="0.137" /><testcase classname="backend.tests.test_session_persistence.TestDeactivateReactivate" name="test_cannot_deactivate_master_admin" time="0.440" /><testcase classname="backend.tests.test_session_persistence.TestDeactivateReactivate" name="test_deactivate_kills_session_and_reactivate_restores" time="2.351" /><testcase classname="backend.tests.test_session_persistence.TestAuditLog" name="test_audit_rows_on_deactivate_and_reactivate" time="0.575" /><testcase classname="backend.tests.test_session_persistence.TestOtpFlow" name="test_otp_verify_returns_365_day_refresh" time="0.378" /><testcase classname="backend.tests.test_session_persistence.TestOtpFlow" name="test_otp_request_endpoint_reachable" time="0.384" /><testcase classname="backend.tests.test_session_persistence.TestBackwardsCompat" name="test_admin_has_no_is_active_field_yet_still_active" time="0.303" /></testsuite></testsuites>