<?xml version="1.0" encoding="utf-8"?><testsuites name="pytest tests"><testsuite name="pytest" errors="0" failures="0" skipped="0" tests="5" time="2.835" timestamp="2026-09-07T06:31:04.535874+00:00" hostname="agent-env-f4d6d17b-2c12-495a-a439-961510adc80c"><testcase classname="backend.tests.test_iter50_email_status_cafeteria" name="test_email_status_requires_master" time="0.234" /><testcase classname="backend.tests.test_iter50_email_status_cafeteria" name="test_email_status_master_returns_map_after_resend" time="0.815" /><testcase classname="backend.tests.test_iter50_email_status_cafeteria" name="test_approve_with_valid_cafeteria_id_assigns_mapping" time="0.545" /><testcase classname="backend.tests.test_iter50_email_status_cafeteria" name="test_approve_with_invalid_cafeteria_id_falls_back_to_default" time="0.561" /><testcase classname="backend.tests.test_iter50_email_status_cafeteria" name="test_approve_without_cafeteria_id_uses_default" time="0.550" /></testsuite></testsuites>