<?xml version="1.0" encoding="utf-8"?><testsuites name="pytest tests"><testsuite name="pytest" errors="0" failures="0" skipped="0" tests="20" time="5.941" timestamp="2026-09-03T03:41:40.203304+00:00" hostname="agent-env-667edfd7-cda0-4106-aa96-452a67b147ab"><testcase classname="backend.tests.test_menu_bulk_approval.TestTemplateDownload" name="test_master_download" time="1.268" /><testcase classname="backend.tests.test_menu_bulk_approval.TestTemplateDownload" name="test_vendor_can_download" time="0.127" /><testcase classname="backend.tests.test_menu_bulk_approval.TestTemplateDownload" name="test_unauth_forbidden" time="0.121" /><testcase classname="backend.tests.test_menu_bulk_approval.TestUploadPreview" name="test_preview_no_mutation" time="0.376" /><testcase classname="backend.tests.test_menu_bulk_approval.TestUploadPreview" name="test_preview_vendor_forbidden" time="0.120" /><testcase classname="backend.tests.test_menu_bulk_approval.TestUploadPreview" name="test_preview_employee_forbidden" time="0.106" /><testcase classname="backend.tests.test_menu_bulk_approval.TestVendorBulkApprovalFlow" name="test_vendor_sees_submission_pending" time="0.423" /><testcase classname="backend.tests.test_menu_bulk_approval.TestVendorBulkApprovalFlow" name="test_admin_sees_pending" time="0.107" /><testcase classname="backend.tests.test_menu_bulk_approval.TestVendorBulkApprovalFlow" name="test_vendor_cannot_approve" time="0.111" /><testcase classname="backend.tests.test_menu_bulk_approval.TestVendorBulkApprovalFlow" name="test_vendor_cannot_list_admin" time="0.105" /><testcase classname="backend.tests.test_menu_bulk_approval.TestVendorBulkApprovalFlow" name="test_employee_cannot_approve" time="0.138" /><testcase classname="backend.tests.test_menu_bulk_approval.TestVendorBulkApprovalFlow" name="test_vendor_cannot_upload_to_unmapped_site" time="0.137" /><testcase classname="backend.tests.test_menu_bulk_approval.TestVendorBulkApprovalFlow" name="test_admin_approve_applies_to_live" time="0.237" /><testcase classname="backend.tests.test_menu_bulk_approval.TestVendorBulkApprovalFlow" name="test_approve_twice_fails" time="0.105" /><testcase classname="backend.tests.test_menu_bulk_approval.TestVendorBulkApprovalFlow" name="test_reject_flow_no_mutation" time="0.502" /><testcase classname="backend.tests.test_menu_bulk_approval.TestMenuVersions" name="test_list_versions_master" time="0.113" /><testcase classname="backend.tests.test_menu_bulk_approval.TestMenuVersions" name="test_list_versions_vendor_forbidden" time="0.099" /><testcase classname="backend.tests.test_menu_bulk_approval.TestMenuVersions" name="test_restore_snapshot" time="0.815" /><testcase classname="backend.tests.test_menu_bulk_approval.TestMenuVersions" name="test_restore_vendor_forbidden" time="0.285" /><testcase classname="backend.tests.test_menu_bulk_approval.TestRegressionReplaceMode" name="test_replace_mode_via_admin_upload" time="0.402" /></testsuite></testsuites>