<?xml version="1.0" encoding="utf-8"?><testsuites name="pytest tests"><testsuite name="pytest" errors="0" failures="0" skipped="0" tests="6" time="3.527" timestamp="2026-09-03T03:29:12.221882+00:00" hostname="agent-env-667edfd7-cda0-4106-aa96-452a67b147ab"><testcase classname="backend.tests.test_menu_replace_clear" name="test_replace_upload_twice_no_duplicates" time="1.063" /><testcase classname="backend.tests.test_menu_replace_clear" name="test_append_upserts_by_name" time="0.762" /><testcase classname="backend.tests.test_menu_replace_clear" name="test_clear_menu" time="0.577" /><testcase classname="backend.tests.test_menu_replace_clear" name="test_rbac_employee_forbidden" time="0.572" /><testcase classname="backend.tests.test_menu_replace_clear" name="test_invalid_mode" time="0.109" /><testcase classname="backend.tests.test_menu_replace_clear" name="test_in_file_duplicate_names_skipped" time="0.219" /></testsuite></testsuites>