<?xml version="1.0" encoding="utf-8"?><testsuites name="pytest tests"><testsuite name="pytest" errors="0" failures="0" skipped="0" tests="24" time="4.767" timestamp="2026-08-23T06:24:35.038993+00:00" hostname="agent-env-3685d86f-20db-4981-a67a-03d7c1e6d149"><testcase classname="backend.tests.test_offline_payment_mode.TestPaymentModeConfig" name="test_public_no_auth_required" time="0.252" /><testcase classname="backend.tests.test_offline_payment_mode.TestPaymentModeConfig" name="test_value_is_uppercase_string" time="0.096" /><testcase classname="backend.tests.test_offline_payment_mode.TestReconciliation" name="test_master_admin_ok" time="0.465" /><testcase classname="backend.tests.test_offline_payment_mode.TestReconciliation" name="test_unauthenticated_401" time="0.113" /><testcase classname="backend.tests.test_offline_payment_mode.TestMarkPaidRBAC" name="test_unauthenticated_denied" time="0.095" /><testcase classname="backend.tests.test_offline_payment_mode.TestMarkPaidRBAC" name="test_master_admin_on_unknown_order_404" time="0.108" /><testcase classname="backend.tests.test_offline_payment_mode.TestMarkPaidRBAC" name="test_invalid_method_422" time="0.099" /><testcase classname="backend.tests.test_offline_payment_mode.TestMarkPaidRBAC" name="test_missing_method_422" time="0.150" /><testcase classname="backend.tests.test_offline_payment_mode.TestMarkPaidRBAC" name="test_malformed_order_id_400_or_404" time="0.099" /><testcase classname="backend.tests.test_offline_payment_mode.TestCollectRBAC" name="test_unauthenticated_denied" time="0.096" /><testcase classname="backend.tests.test_offline_payment_mode.TestCollectRBAC" name="test_master_admin_unknown_code_404" time="0.115" /><testcase classname="backend.tests.test_offline_payment_mode.TestCollectRBAC" name="test_code_normalised_uppercase" time="0.141" /><testcase classname="backend.tests.test_offline_payment_mode.TestCollectRBAC" name="test_invalid_method_422" time="0.098" /><testcase classname="backend.tests.test_offline_payment_mode.TestEmployeeRoleGating" name="test_employee_cannot_view_reconciliation" time="0.704" /><testcase classname="backend.tests.test_offline_payment_mode.TestEmployeeRoleGating" name="test_employee_cannot_mark_paid" time="0.100" /><testcase classname="backend.tests.test_offline_payment_mode.TestEmployeeRoleGating" name="test_employee_cannot_collect" time="0.108" /><testcase classname="backend.tests.test_offline_payment_mode.TestEmployeeRoleGating" name="test_employee_list_orders_ok" time="0.105" /><testcase classname="backend.tests.test_offline_payment_mode.TestOrderListNewFields" name="test_order_list_projection_exposes_collection_code" time="0.199" /><testcase classname="backend.tests.test_offline_payment_mode.TestRazorpayStillRegistered" name="test_razorpay_create_order_requires_auth" time="0.093" /><testcase classname="backend.tests.test_offline_payment_mode.TestRazorpayStillRegistered" name="test_razorpay_verify_requires_auth" time="0.099" /><testcase classname="backend.tests.test_offline_payment_mode.TestVendorCollectHappyPath" name="test_non_owning_vendor_403" time="1.006" /><testcase classname="backend.tests.test_offline_payment_mode.TestVendorCollectHappyPath" name="test_unknown_code_404" time="0.101" /><testcase classname="backend.tests.test_offline_payment_mode.TestVendorCollectHappyPath" name="test_owning_vendor_collect_200" time="0.102" /><testcase classname="backend.tests.test_offline_payment_mode.TestVendorCollectHappyPath" name="test_double_collect_409" time="0.116" /></testsuite></testsuites>