<?xml version="1.0" encoding="utf-8"?><testsuites name="pytest tests"><testsuite name="pytest" errors="0" failures="0" skipped="1" tests="28" time="8.597" timestamp="2026-06-24T07:04:03.114037+00:00" hostname="agent-env-3685d86f-20db-4981-a67a-03d7c1e6d149"><testcase classname="backend.tests.test_phase1_full_audit.TestFiveRoleAuth" name="test_login_and_me_returns_role[master_admin-creds0]" time="0.560" /><testcase classname="backend.tests.test_phase1_full_audit.TestFiveRoleAuth" name="test_login_and_me_returns_role[corporate_admin-creds1]" time="0.436" /><testcase classname="backend.tests.test_phase1_full_audit.TestFiveRoleAuth" name="test_login_and_me_returns_role[site_admin-creds2]" time="0.410" /><testcase classname="backend.tests.test_phase1_full_audit.TestFiveRoleAuth" name="test_login_and_me_returns_role[vendor-creds3]" time="0.426" /><testcase classname="backend.tests.test_phase1_full_audit.TestFiveRoleAuth" name="test_login_and_me_returns_role[employee-creds4]" time="0.416" /><testcase classname="backend.tests.test_phase1_full_audit.TestFiveRoleAuth" name="test_wrong_password_is_401" time="0.315" /><testcase classname="backend.tests.test_phase1_full_audit.TestOTPGating" name="test_otp_request_free_provider_rejected" time="0.103" /><testcase classname="backend.tests.test_phase1_full_audit.TestOTPGating" name="test_otp_request_yahoo_rejected" time="0.091" /><testcase classname="backend.tests.test_phase1_full_audit.TestOTPGating" name="test_otp_request_corporate_domain_accepted_or_provider_unavailable" time="0.448" /><testcase classname="backend.tests.test_phase1_full_audit.TestOTPGating" name="test_otp_verify_wrong_code_rejected" time="0.092" /><testcase classname="backend.tests.test_phase1_full_audit.TestRegisterAuditLog" name="test_privileged_register_attempt_is_audited" time="0.164" /><testcase classname="backend.tests.test_phase1_full_audit.TestDemoPreview" name="test_demo_enabled_anonymous" time="0.099" /><testcase classname="backend.tests.test_phase1_full_audit.TestDemoPreview" name="test_demo_setup_blocked_for_non_master" time="0.621" /><testcase classname="backend.tests.test_phase1_full_audit.TestDemoBundleScrub" name="test_login_page_html_has_no_demo_passwords" time="0.094" /><testcase classname="backend.tests.test_phase1_full_audit.TestDemoBundleScrub" name="test_js_bundle_has_no_demo_passwords" time="0.443" /><testcase classname="backend.tests.test_phase1_full_audit.TestReservationUniqueness" name="test_duplicate_reservation_for_same_day_rejected" time="0.426"><skipped type="pytest.skip" message="could not seed first reservation (got 422: {&quot;detail&quot;:[{&quot;type&quot;:&quot;missing&quot;,&quot;loc&quot;:[&quot;body&quot;,&quot;vendor_id&quot;],&quot;msg&quot;:&quot;Field required&quot;,&quot;input&quot;:{&quot;meal_date&quot;:&quot;2026-06-25&quot;,&quot;meal_t)">/app/backend/tests/test_phase1_full_audit.py:195: could not seed first reservation (got 422: {"detail":[{"type":"missing","loc":["body","vendor_id"],"msg":"Field required","input":{"meal_date":"2026-06-25","meal_t)</skipped></testcase><testcase classname="backend.tests.test_phase1_full_audit.TestDashboardReachability" name="test_protected_listing_per_role_responds[master_admin-creds0]" time="0.413" /><testcase classname="backend.tests.test_phase1_full_audit.TestDashboardReachability" name="test_protected_listing_per_role_responds[corporate_admin-creds1]" time="0.478" /><testcase classname="backend.tests.test_phase1_full_audit.TestDashboardReachability" name="test_protected_listing_per_role_responds[site_admin-creds2]" time="0.413" /><testcase classname="backend.tests.test_phase1_full_audit.TestDashboardReachability" name="test_protected_listing_per_role_responds[vendor-creds3]" time="0.470" /><testcase classname="backend.tests.test_phase1_full_audit.TestDashboardReachability" name="test_protected_listing_per_role_responds[employee-creds4]" time="0.427" /><testcase classname="backend.tests.test_phase1_full_audit.TestTimezoneConsistency" name="test_orders_created_at_is_iso_utc" time="0.579" /><testcase classname="backend.tests.test_phase1_full_audit.TestRazorpayCreateOrder" name="test_create_order_payment_endpoint_reachable" time="0.094" /><testcase classname="backend.tests.test_phase1_full_audit.TestPublicPaths" name="test_public_pages_serve_html[/]" time="0.092" /><testcase classname="backend.tests.test_phase1_full_audit.TestPublicPaths" name="test_public_pages_serve_html[/login]" time="0.097" /><testcase classname="backend.tests.test_phase1_full_audit.TestPublicPaths" name="test_public_pages_serve_html[/register]" time="0.096" /><testcase classname="backend.tests.test_phase1_full_audit.TestPublicPaths" name="test_public_pages_serve_html[/privacy]" time="0.094" /><testcase classname="backend.tests.test_phase1_full_audit.TestPublicPaths" name="test_public_pages_serve_html[/terms]" time="0.105" /></testsuite></testsuites>