<?xml version="1.0" encoding="utf-8"?><testsuites name="pytest tests"><testsuite name="pytest" errors="0" failures="0" skipped="0" tests="21" time="2.979" timestamp="2026-06-24T07:01:31.563169+00:00" hostname="agent-env-3685d86f-20db-4981-a67a-03d7c1e6d149"><testcase classname="backend.tests.test_phase1_critical_fixes.TestDemoGuard" name="test_public_enabled_probe_responds" time="0.004" /><testcase classname="backend.tests.test_phase1_critical_fixes.TestDemoGuard" name="test_status_never_returns_passwords" time="0.232" /><testcase classname="backend.tests.test_phase1_critical_fixes.TestDemoGuard" name="test_setup_requires_master" time="0.002" /><testcase classname="backend.tests.test_phase1_critical_fixes.TestRoleEscalation" name="test_self_register_privileged_role_is_blocked[vendor]" time="0.004" /><testcase classname="backend.tests.test_phase1_critical_fixes.TestRoleEscalation" name="test_self_register_privileged_role_is_blocked[corporate_admin]" time="0.002" /><testcase classname="backend.tests.test_phase1_critical_fixes.TestRoleEscalation" name="test_self_register_privileged_role_is_blocked[site_admin]" time="0.002" /><testcase classname="backend.tests.test_phase1_critical_fixes.TestRoleEscalation" name="test_self_register_privileged_role_is_blocked[super_admin]" time="0.003" /><testcase classname="backend.tests.test_phase1_critical_fixes.TestRoleEscalation" name="test_self_register_privileged_role_is_blocked[master_admin]" time="0.002" /><testcase classname="backend.tests.test_phase1_critical_fixes.TestRoleEscalation" name="test_employee_self_register_path_still_works" time="0.511" /><testcase classname="backend.tests.test_phase1_critical_fixes.TestRoleEscalation" name="test_employee_role_case_and_whitespace_tolerated[EMPLOYEE]" time="0.366" /><testcase classname="backend.tests.test_phase1_critical_fixes.TestRoleEscalation" name="test_employee_role_case_and_whitespace_tolerated[ employee ]" time="0.523" /><testcase classname="backend.tests.test_phase1_critical_fixes.TestRoleEscalation" name="test_employee_role_case_and_whitespace_tolerated[Employee]" time="0.477" /><testcase classname="backend.tests.test_phase1_critical_fixes.TestRoleEscalation" name="test_employee_role_case_and_whitespace_tolerated[EMploYEE]" time="0.399" /><testcase classname="backend.tests.test_phase1_critical_fixes.TestOrderLifecycle" name="test_invalid_jump_pending_to_completed_rejected" time="0.022" /><testcase classname="backend.tests.test_phase1_critical_fixes.TestOrderLifecycle" name="test_terminal_state_is_immutable" time="0.015" /><testcase classname="backend.tests.test_phase1_critical_fixes.TestOrderLifecycle" name="test_valid_admin_chain" time="0.027" /><testcase classname="backend.tests.test_phase1_critical_fixes.TestOrderLifecycle" name="test_idempotent_repeat_is_rejected" time="0.015" /><testcase classname="backend.tests.test_phase1_critical_fixes.TestOrderLifecycle" name="test_stale_order_is_read_only" time="0.010" /><testcase classname="backend.tests.test_phase1_critical_fixes.TestOrderLifecycle" name="test_status_history_records_each_transition" time="0.019" /><testcase classname="backend.tests.test_phase1_critical_fixes.TestSessionExpiredHandling" name="test_auth_me_returns_401_when_anonymous" time="0.002" /><testcase classname="backend.tests.test_phase1_critical_fixes.TestSessionExpiredHandling" name="test_refresh_without_token_does_not_500" time="0.002" /></testsuite></testsuites>