<?xml version="1.0" encoding="utf-8"?><testsuites name="pytest tests"><testsuite name="pytest" errors="0" failures="0" skipped="0" tests="8" time="4.253" timestamp="2026-06-06T08:05:23.561273+00:00" hostname="agent-env-3685d86f-20db-4981-a67a-03d7c1e6d149"><testcase classname="backend.tests.test_iter23_step1_extended.TestCheckDomain" name="test_allowed_domain_returns_true" time="0.710" /><testcase classname="backend.tests.test_iter23_step1_extended.TestRegisterAllowedDomain" name="test_register_corporate_email" time="0.558" /><testcase classname="backend.tests.test_iter23_step1_extended.TestOtpRequest" name="test_otp_blocks_gmail" time="0.106" /><testcase classname="backend.tests.test_iter23_step1_extended.TestOtpRequest" name="test_otp_allows_corporate_domain" time="0.576" /><testcase classname="backend.tests.test_iter23_step1_extended.TestSiteGetLifecycleField" name="test_site_get_has_lifecycle_field" time="0.219" /><testcase classname="backend.tests.test_iter23_step1_extended.TestLifecycleUnblocksRegistration" name="test_after_live_registration_succeeds" time="1.260" /><testcase classname="backend.tests.test_iter23_step1_extended.TestDecisionSmoke" name="test_vendor_master_decision_does_not_500" time="0.251" /><testcase classname="backend.tests.test_iter23_step1_extended.TestDecisionSmoke" name="test_menu_change_decision_does_not_500" time="0.493" /></testsuite></testsuites>