<?xml version="1.0" encoding="utf-8"?><testsuites name="pytest tests"><testsuite name="pytest" errors="0" failures="1" skipped="0" tests="143" time="132.201" timestamp="2026-05-29T06:56:04.427683+00:00" hostname="agent-env-3685d86f-20db-4981-a67a-03d7c1e6d149"><testcase classname="backend.tests.backend_test.TestAuth" name="test_login_all_roles" time="1.343" /><testcase classname="backend.tests.backend_test.TestAuth" name="test_login_invalid" time="0.115" /><testcase classname="backend.tests.backend_test.TestAuth" name="test_me_employee" time="0.376" /><testcase classname="backend.tests.backend_test.TestAuth" name="test_logout" time="0.384" /><testcase classname="backend.tests.backend_test.TestAuth" name="test_register_then_login" time="0.653" /><testcase classname="backend.tests.backend_test.TestVendorsMenu" name="test_vendors_public" time="0.099" /><testcase classname="backend.tests.backend_test.TestVendorsMenu" name="test_menu" time="0.194" /><testcase classname="backend.tests.backend_test.TestOrders" name="test_create_order_employee" time="0.659" /><testcase classname="backend.tests.backend_test.TestOrders" name="test_get_orders_vendor" time="0.391" /><testcase classname="backend.tests.backend_test.TestAnalytics" name="test_vendor_analytics" time="0.366" /><testcase classname="backend.tests.backend_test.TestAnalytics" name="test_corporate_analytics" time="0.365" /><testcase classname="backend.tests.backend_test.TestProtected" name="test_me_unauthenticated" time="0.100" /><testcase classname="backend.tests.backend_test.TestProtected" name="test_orders_unauthenticated" time="0.142" /><testcase classname="backend.tests.backend_test.TestAI" name="test_ai_recommendations" time="3.066" /><testcase classname="backend.tests.backend_test.TestPayments" name="test_checkout_session" time="0.996" /><testcase classname="backend.tests.test_cancel_refund_loyalty.TestCancelOrder" name="test_cancel_happy_path" time="0.653" /><testcase classname="backend.tests.test_cancel_refund_loyalty.TestCancelOrder" name="test_cancel_window_expired_400" time="0.643" /><testcase classname="backend.tests.test_cancel_refund_loyalty.TestCancelOrder" name="test_cancel_after_vendor_confirmed_400" time="0.997" /><testcase classname="backend.tests.test_cancel_refund_loyalty.TestCancelOrder" name="test_cancel_by_other_employee_403" time="0.990" /><testcase classname="backend.tests.test_cancel_refund_loyalty.TestCancelOrder" name="test_cancel_as_vendor_role_403" time="1.021" /><testcase classname="backend.tests.test_cancel_refund_loyalty.TestCancelOrder" name="test_cancel_already_cancelled_400" time="0.686" /><testcase classname="backend.tests.test_cancel_refund_loyalty.TestCancelOrder" name="test_cancel_paid_order_returns_refunded_mock" time="0.632" /><testcase classname="backend.tests.test_cancel_refund_loyalty.TestRefund" name="test_vendor_refund_paid_order_200" time="1.114" /><testcase classname="backend.tests.test_cancel_refund_loyalty.TestRefund" name="test_refund_unpaid_order_400" time="0.989" /><testcase classname="backend.tests.test_cancel_refund_loyalty.TestRefund" name="test_refund_other_vendor_order_403" time="0.379" /><testcase classname="backend.tests.test_cancel_refund_loyalty.TestRefund" name="test_refund_as_employee_403" time="0.697" /><testcase classname="backend.tests.test_cancel_refund_loyalty.TestRefund" name="test_master_admin_refund_200" time="20.361"><failure message="requests.exceptions.ConnectTimeout: HTTPSConnectionPool(host='corporate-feast.preview.emergentagent.com', port=443): Max retries exceeded with url: /api/vendors (Caused by ConnectTimeoutError(&lt;HTTPSConnection(host='corporate-feast.preview.emergentagent.com', port=443) at 0xfda1a86f8b90&gt;, 'Connection to corporate-feast.preview.emergentagent.com timed out. (connect timeout=10)'))">/root/.venv/lib/python3.11/site-packages/urllib3/connection.py:204: in _new_conn
    sock = connection.create_connection(
/root/.venv/lib/python3.11/site-packages/urllib3/util/connection.py:85: in create_connection
    raise err
/root/.venv/lib/python3.11/site-packages/urllib3/util/connection.py:73: in create_connection
    sock.connect(sa)
E   TimeoutError: timed out

The above exception was the direct cause of the following exception:
/root/.venv/lib/python3.11/site-packages/urllib3/connectionpool.py:788: in urlopen
    response = self._make_request(
/root/.venv/lib/python3.11/site-packages/urllib3/connectionpool.py:488: in _make_request
    raise new_e
/root/.venv/lib/python3.11/site-packages/urllib3/connectionpool.py:464: in _make_request
    self._validate_conn(conn)
/root/.venv/lib/python3.11/site-packages/urllib3/connectionpool.py:1106: in _validate_conn
    conn.connect()
/root/.venv/lib/python3.11/site-packages/urllib3/connection.py:759: in connect
    self.sock = sock = self._new_conn()
                       ^^^^^^^^^^^^^^^^
/root/.venv/lib/python3.11/site-packages/urllib3/connection.py:213: in _new_conn
    raise ConnectTimeoutError(
E   urllib3.exceptions.ConnectTimeoutError: (&lt;HTTPSConnection(host='corporate-feast.preview.emergentagent.com', port=443) at 0xfda1a86f8b90&gt;, 'Connection to corporate-feast.preview.emergentagent.com timed out. (connect timeout=10)')

The above exception was the direct cause of the following exception:
/root/.venv/lib/python3.11/site-packages/requests/adapters.py:696: in send
    resp = conn.urlopen(
/root/.venv/lib/python3.11/site-packages/urllib3/connectionpool.py:842: in urlopen
    retries = retries.increment(
/root/.venv/lib/python3.11/site-packages/urllib3/util/retry.py:543: in increment
    raise MaxRetryError(_pool, url, reason) from reason  # type: ignore[arg-type]
    ^^^^^^^^^^^^^^^^^^^^^^^^^^^^^^^^^^^^^^^^^^^^^^^^^^^
E   urllib3.exceptions.MaxRetryError: HTTPSConnectionPool(host='corporate-feast.preview.emergentagent.com', port=443): Max retries exceeded with url: /api/vendors (Caused by ConnectTimeoutError(&lt;HTTPSConnection(host='corporate-feast.preview.emergentagent.com', port=443) at 0xfda1a86f8b90&gt;, 'Connection to corporate-feast.preview.emergentagent.com timed out. (connect timeout=10)'))

During handling of the above exception, another exception occurred:
backend/tests/test_cancel_refund_loyalty.py:309: in test_master_admin_refund_200
    v, menu = get_spice_kitchen_and_menu()
              ^^^^^^^^^^^^^^^^^^^^^^^^^^^^
backend/tests/test_cancel_refund_loyalty.py:66: in get_spice_kitchen_and_menu
    r = requests.get(f"{BASE_URL}/api/vendors", timeout=10)
        ^^^^^^^^^^^^^^^^^^^^^^^^^^^^^^^^^^^^^^^^^^^^^^^^^^^
/root/.venv/lib/python3.11/site-packages/requests/api.py:87: in get
    return request("get", url, params=params, **kwargs)
           ^^^^^^^^^^^^^^^^^^^^^^^^^^^^^^^^^^^^^^^^^^^^
/root/.venv/lib/python3.11/site-packages/requests/api.py:71: in request
    return session.request(method=method, url=url, **kwargs)
           ^^^^^^^^^^^^^^^^^^^^^^^^^^^^^^^^^^^^^^^^^^^^^^^^^
/root/.venv/lib/python3.11/site-packages/requests/sessions.py:651: in request
    resp = self.send(prep, **send_kwargs)
           ^^^^^^^^^^^^^^^^^^^^^^^^^^^^^^
/root/.venv/lib/python3.11/site-packages/requests/sessions.py:784: in send
    r = adapter.send(request, **kwargs)
        ^^^^^^^^^^^^^^^^^^^^^^^^^^^^^^^
/root/.venv/lib/python3.11/site-packages/requests/adapters.py:717: in send
    raise ConnectTimeout(e, request=request)
E   requests.exceptions.ConnectTimeout: HTTPSConnectionPool(host='corporate-feast.preview.emergentagent.com', port=443): Max retries exceeded with url: /api/vendors (Caused by ConnectTimeoutError(&lt;HTTPSConnection(host='corporate-feast.preview.emergentagent.com', port=443) at 0xfda1a86f8b90&gt;, 'Connection to corporate-feast.preview.emergentagent.com timed out. (connect timeout=10)'))</failure></testcase><testcase classname="backend.tests.test_cancel_refund_loyalty.TestRefund" name="test_double_refund_400" time="29.780" /><testcase classname="backend.tests.test_cancel_refund_loyalty.TestLoyaltyRedeem" name="test_employee_has_enough_points" time="0.434" /><testcase classname="backend.tests.test_cancel_refund_loyalty.TestLoyaltyRedeem" name="test_redeem_on_pending_unpaid_order_reduces_total" time="0.753" /><testcase classname="backend.tests.test_cancel_refund_loyalty.TestLoyaltyRedeem" name="test_redeem_on_paid_order_400" time="2.659" /><testcase classname="backend.tests.test_cancel_refund_loyalty.TestLoyaltyRedeem" name="test_redeem_more_than_available_points_400" time="0.650" /><testcase classname="backend.tests.test_cancel_refund_loyalty.TestLoyaltyRedeem" name="test_redeem_less_than_min_100_returns_400" time="0.695" /><testcase classname="backend.tests.test_iter3_features.TestMenuCRUD" name="test_vendor_get_all_menu_includes_unavailable" time="0.409" /><testcase classname="backend.tests.test_iter3_features.TestMenuCRUD" name="test_create_update_delete_menu_item" time="0.634" /><testcase classname="backend.tests.test_iter3_features.TestMenuCRUD" name="test_non_vendor_cannot_access_vendor_all" time="0.377" /><testcase classname="backend.tests.test_iter3_features.TestMenuCRUD" name="test_non_vendor_cannot_delete_menu_item" time="0.377" /><testcase classname="backend.tests.test_iter3_features.TestEmployees" name="test_add_list_remove_employee" time="0.762" /><testcase classname="backend.tests.test_iter3_features.TestEmployees" name="test_employee_cannot_add_employee" time="0.372" /><testcase classname="backend.tests.test_iter3_features.TestBulkOrders" name="test_bulk_sponsored_creates_paid_confirmed_orders_with_notifications" time="1.003" /><testcase classname="backend.tests.test_iter3_features.TestEvents" name="test_create_event_total_calc_and_approve" time="0.755" /><testcase classname="backend.tests.test_iter3_features.TestNotifications" name="test_new_order_creates_vendor_notification_and_mark_all_read" time="1.209" /><testcase classname="backend.tests.test_iter3_features.TestAIForecast" name="test_demand_forecast_returns_text_and_top_items" time="5.488" /><testcase classname="backend.tests.test_iter3_features.TestAIForecast" name="test_non_vendor_blocked_forecast" time="0.385" /><testcase classname="backend.tests.test_iter3_features.TestAIWastage" name="test_wastage_analysis_metrics" time="5.739" /><testcase classname="backend.tests.test_iter3_features.TestLoyalty" name="test_loyalty_summary_shape" time="0.411" /><testcase classname="backend.tests.test_iter3_features.TestLoyalty" name="test_redeem_insufficient_points_rejected" time="0.644" /><testcase classname="backend.tests.test_iter3_features.TestLoyalty" name="test_redeem_below_minimum_rejected" time="0.669" /><testcase classname="backend.tests.test_iter6_vendor_upload_commission.TestAuthRegression" name="test_demo_logins[master_admin]" time="0.355" /><testcase classname="backend.tests.test_iter6_vendor_upload_commission.TestAuthRegression" name="test_demo_logins[corporate_admin]" time="0.358" /><testcase classname="backend.tests.test_iter6_vendor_upload_commission.TestAuthRegression" name="test_demo_logins[vendor]" time="0.327" /><testcase classname="backend.tests.test_iter6_vendor_upload_commission.TestAuthRegression" name="test_demo_logins[employee]" time="0.329" /><testcase classname="backend.tests.test_iter6_vendor_upload_commission.TestTodayEarnings" name="test_vendor_today_earnings" time="0.373" /><testcase classname="backend.tests.test_iter6_vendor_upload_commission.TestTodayEarnings" name="test_today_earnings_employee_403" time="0.398" /><testcase classname="backend.tests.test_iter6_vendor_upload_commission.TestTodayEarnings" name="test_today_earnings_master_403" time="0.370" /><testcase classname="backend.tests.test_iter6_vendor_upload_commission.TestSettlement" name="test_settlement_default" time="0.374" /><testcase classname="backend.tests.test_iter6_vendor_upload_commission.TestSettlement" name="test_settlement_days_cap_at_90" time="0.379" /><testcase classname="backend.tests.test_iter6_vendor_upload_commission.TestSettlement" name="test_settlement_days_min_1" time="0.381" /><testcase classname="backend.tests.test_iter6_vendor_upload_commission.TestSettlement" name="test_settlement_non_vendor_403" time="0.405" /><testcase classname="backend.tests.test_iter6_vendor_upload_commission.TestVendorSettings" name="test_get_settings" time="0.368" /><testcase classname="backend.tests.test_iter6_vendor_upload_commission.TestVendorSettings" name="test_patch_auto_confirm_true" time="0.458" /><testcase classname="backend.tests.test_iter6_vendor_upload_commission.TestVendorSettings" name="test_patch_low_stock_threshold" time="0.451" /><testcase classname="backend.tests.test_iter6_vendor_upload_commission.TestVendorSettings" name="test_patch_invalid_field_rejected" time="0.411" /><testcase classname="backend.tests.test_iter6_vendor_upload_commission.TestVendorSettings" name="test_settings_non_vendor_403" time="0.388" /><testcase classname="backend.tests.test_iter6_vendor_upload_commission.TestAutoConfirmE2E" name="test_order_auto_confirmed" time="1.099" /><testcase classname="backend.tests.test_iter6_vendor_upload_commission.TestAutoConfirmE2E" name="test_order_pending_when_disabled" time="0.982" /><testcase classname="backend.tests.test_iter6_vendor_upload_commission.TestMenuAvailabilityToggle" name="test_vendor_toggles_own_item" time="0.691" /><testcase classname="backend.tests.test_iter6_vendor_upload_commission.TestMenuAvailabilityToggle" name="test_employee_cannot_toggle" time="0.580" /><testcase classname="backend.tests.test_iter6_vendor_upload_commission.TestMenuAvailabilityToggle" name="test_non_owning_vendor_returns_404" time="0.377" /><testcase classname="backend.tests.test_iter6_vendor_upload_commission.TestUpload" name="test_vendor_uploads_png" time="0.411" /><testcase classname="backend.tests.test_iter6_vendor_upload_commission.TestUpload" name="test_employee_upload_403" time="0.394" /><testcase classname="backend.tests.test_iter6_vendor_upload_commission.TestUpload" name="test_non_image_400" time="0.402" /><testcase classname="backend.tests.test_iter6_vendor_upload_commission.TestUpload" name="test_oversize_400" time="0.602" /><testcase classname="backend.tests.test_iter6_vendor_upload_commission.TestUpload" name="test_serve_uploaded" time="0.114" /><testcase classname="backend.tests.test_iter6_vendor_upload_commission.TestUpload" name="test_serve_malicious_filename" time="0.100" /><testcase classname="backend.tests.test_iter6_vendor_upload_commission.TestUpload" name="test_serve_bad_pattern" time="0.102" /><testcase classname="backend.tests.test_iter6_vendor_upload_commission.TestCommissionEdit" name="test_master_sets_commission" time="1.236" /><testcase classname="backend.tests.test_iter6_vendor_upload_commission.TestCommissionEdit" name="test_commission_above_50_rejected" time="0.376" /><testcase classname="backend.tests.test_iter6_vendor_upload_commission.TestCommissionEdit" name="test_commission_non_master_403" time="0.781" /><testcase classname="backend.tests.test_iter6_vendor_upload_commission.TestCharts" name="test_master_charts" time="0.410" /><testcase classname="backend.tests.test_iter6_vendor_upload_commission.TestCharts" name="test_charts_employee_403" time="0.412" /><testcase classname="backend.tests.test_iter6_vendor_upload_commission.TestBulkCsv" name="test_csv_3_valid_1_invalid" time="1.073" /><testcase classname="backend.tests.test_iter6_vendor_upload_commission.TestBulkCsv" name="test_csv_employee_403" time="0.384" /><testcase classname="backend.tests.test_iter6_vendor_upload_commission.TestBulkCsv" name="test_csv_wrong_ext_400" time="0.378" /><testcase classname="backend.tests.test_iter6_vendor_upload_commission.TestRegression" name="test_sites_list_master" time="0.375" /><testcase classname="backend.tests.test_iter6_vendor_upload_commission.TestRegression" name="test_admin_admins" time="0.362" /><testcase classname="backend.tests.test_iter6_vendor_upload_commission.TestRegression" name="test_master_dashboard" time="0.378" /><testcase classname="backend.tests.test_iter6_vendor_upload_commission.TestRegression" name="test_loyalty_redeem_still_validates" time="0.386" /><testcase classname="backend.tests.test_master_admin_sites.TestAuth" name="test_login_all_roles_return_role_and_token" time="1.348" /><testcase classname="backend.tests.test_master_admin_sites.TestSitesCRUD" name="test_master_create_site" time="0.106" /><testcase classname="backend.tests.test_master_admin_sites.TestSitesCRUD" name="test_non_master_cannot_create_site" time="0.303" /><testcase classname="backend.tests.test_master_admin_sites.TestSitesCRUD" name="test_master_lists_all_sites_includes_new" time="0.102" /><testcase classname="backend.tests.test_master_admin_sites.TestSitesCRUD" name="test_site_admin_lists_only_own_site" time="0.103" /><testcase classname="backend.tests.test_master_admin_sites.TestSitesCRUD" name="test_vendor_lists_only_mapped_sites" time="0.126" /><testcase classname="backend.tests.test_master_admin_sites.TestSitesCRUD" name="test_get_site_master" time="0.101" /><testcase classname="backend.tests.test_master_admin_sites.TestSitesCRUD" name="test_get_site_vendor_unmapped_denied" time="0.105" /><testcase classname="backend.tests.test_master_admin_sites.TestSitesCRUD" name="test_patch_site_toggle_pre_order" time="0.216" /><testcase classname="backend.tests.test_master_admin_sites.TestSitesCRUD" name="test_patch_site_rejects_no_valid_fields" time="0.099" /><testcase classname="backend.tests.test_master_admin_sites.TestVendorSiteMapping" name="test_map_vendor_to_site" time="0.102" /><testcase classname="backend.tests.test_master_admin_sites.TestVendorSiteMapping" name="test_map_duplicate_returns_400" time="0.092" /><testcase classname="backend.tests.test_master_admin_sites.TestVendorSiteMapping" name="test_list_site_vendors" time="0.098" /><testcase classname="backend.tests.test_master_admin_sites.TestVendorSiteMapping" name="test_vendor_now_sees_mapped_site" time="0.106" /><testcase classname="backend.tests.test_master_admin_sites.TestVendorSiteMapping" name="test_unmap_vendor" time="0.226" /><testcase classname="backend.tests.test_master_admin_sites.TestMealSchedule" name="test_get_default_schedule" time="0.101" /><testcase classname="backend.tests.test_master_admin_sites.TestMealSchedule" name="test_update_schedule" time="0.227" /><testcase classname="backend.tests.test_master_admin_sites.TestSiteMenuAndExcel" name="test_upload_excel_inserts_items" time="0.122" /><testcase classname="backend.tests.test_master_admin_sites.TestSiteMenuAndExcel" name="test_upload_excel_missing_columns_rejected" time="0.116" /><testcase classname="backend.tests.test_master_admin_sites.TestSiteMenuAndExcel" name="test_get_site_menu_master" time="0.099" /><testcase classname="backend.tests.test_master_admin_sites.TestSiteMenuAndExcel" name="test_patch_menu_site_control" time="0.192" /><testcase classname="backend.tests.test_master_admin_sites.TestSiteMenuAndExcel" name="test_employee_site_admin_cannot_patch_other_site_menu" time="0.099" /><testcase classname="backend.tests.test_master_admin_sites.TestAdminManagement" name="test_create_site_admin" time="0.321" /><testcase classname="backend.tests.test_master_admin_sites.TestAdminManagement" name="test_create_super_admin" time="0.344" /><testcase classname="backend.tests.test_master_admin_sites.TestAdminManagement" name="test_create_master_admin_bad_email_rejected" time="0.101" /><testcase classname="backend.tests.test_master_admin_sites.TestAdminManagement" name="test_create_master_admin_valid" time="0.323" /><testcase classname="backend.tests.test_master_admin_sites.TestAdminManagement" name="test_non_master_cannot_list_admins" time="0.306" /><testcase classname="backend.tests.test_master_admin_sites.TestAdminManagement" name="test_master_list_admins_contains_created" time="0.097" /><testcase classname="backend.tests.test_master_admin_sites.TestAdminManagement" name="test_cannot_delete_seed_admin" time="0.213" /><testcase classname="backend.tests.test_master_admin_sites.TestAdminManagement" name="test_site_admin_cannot_delete_admin" time="0.107" /><testcase classname="backend.tests.test_master_admin_sites.TestAdminManagement" name="test_delete_created_admins_cleanup" time="0.292" /><testcase classname="backend.tests.test_master_admin_sites.TestReports" name="test_master_dashboard" time="0.131" /><testcase classname="backend.tests.test_master_admin_sites.TestReports" name="test_master_dashboard_forbidden_for_others" time="0.289" /><testcase classname="backend.tests.test_master_admin_sites.TestReports" name="test_site_report_master" time="0.122" /><testcase classname="backend.tests.test_master_admin_sites.TestReports" name="test_site_report_vendor_forbidden" time="0.103" /><testcase classname="backend.tests.test_master_admin_sites.TestEmployeeMySite" name="test_employee_my_site" time="0.100" /><testcase classname="backend.tests.test_master_admin_sites.TestEmployeeMySite" name="test_non_employee_forbidden" time="0.320" /><testcase classname="backend.tests.test_master_admin_sites.TestAuthZBoundary" name="test_employee_cannot_list_admins" time="0.097" /><testcase classname="backend.tests.test_master_admin_sites.TestAuthZBoundary" name="test_vendor_get_other_site_denied" time="0.200" /><testcase classname="backend.tests.test_master_admin_sites.TestRegression" name="test_get_menu_legacy" time="0.129" /><testcase classname="backend.tests.test_master_admin_sites.TestRegression" name="test_get_orders_legacy" time="0.114" /><testcase classname="backend.tests.test_master_admin_sites.TestZCleanup" name="test_delete_created_menu_items" time="0.719" /><testcase classname="backend.tests.test_new_features.TestBruteForce" name="test_brute_force_lockout" time="2.146" /><testcase classname="backend.tests.test_new_features.TestPriceValidation" name="test_client_price_ignored_uses_db_price" time="0.597" /><testcase classname="backend.tests.test_new_features.TestOrderStatusEnum" name="test_invalid_status_rejected" time="0.930" /><testcase classname="backend.tests.test_new_features.TestOrderStatusEnum" name="test_valid_status_accepted" time="0.954" /><testcase classname="backend.tests.test_new_features.TestPaymentScope" name="test_other_user_cannot_view_payment_status" time="1.365" /><testcase classname="backend.tests.test_new_features.TestQRPickup" name="test_valid_qr_marks_completed" time="1.076" /><testcase classname="backend.tests.test_new_features.TestQRPickup" name="test_invalid_qr_rejected" time="1.000" /><testcase classname="backend.tests.test_new_features.TestPreferences" name="test_employee_preferences_crud" time="0.495" /><testcase classname="backend.tests.test_new_features.TestPreferences" name="test_non_employee_blocked" time="0.380" /><testcase classname="backend.tests.test_new_features.TestReviews" name="test_create_review_and_duplicate_blocked" time="1.176" /><testcase classname="backend.tests.test_new_features.TestReviews" name="test_review_on_pending_order_blocked" time="0.635" /><testcase classname="backend.tests.test_new_features.TestSubscriptions" name="test_create_and_fetch_subscription" time="0.618" /><testcase classname="backend.tests.test_new_features.TestSubscriptions" name="test_non_employee_blocked" time="0.372" /></testsuite></testsuites>