<?xml version="1.0" encoding="utf-8"?><testsuites name="pytest tests"><testsuite name="pytest" errors="0" failures="0" skipped="0" tests="25" time="2.570" timestamp="2026-08-19T08:32:11.845777+00:00" hostname="agent-env-3685d86f-20db-4981-a67a-03d7c1e6d149"><testcase classname="backend.tests.test_veg_classifier.TestClassifyVegUnit" name="test_veg_defaults[Veg Sandwich]" time="0.001" /><testcase classname="backend.tests.test_veg_classifier.TestClassifyVegUnit" name="test_veg_defaults[Paneer Masala]" time="0.000" /><testcase classname="backend.tests.test_veg_classifier.TestClassifyVegUnit" name="test_veg_defaults[Aloo Paratha]" time="0.000" /><testcase classname="backend.tests.test_veg_classifier.TestClassifyVegUnit" name="test_veg_defaults[Chana Masala]" time="0.000" /><testcase classname="backend.tests.test_veg_classifier.TestClassifyVegUnit" name="test_veg_defaults[Masala Dosa]" time="0.000" /><testcase classname="backend.tests.test_veg_classifier.TestClassifyVegUnit" name="test_veg_defaults[Paneer Tikka Kebab]" time="0.000" /><testcase classname="backend.tests.test_veg_classifier.TestClassifyVegUnit" name="test_veg_defaults[Tomato Soup]" time="0.000" /><testcase classname="backend.tests.test_veg_classifier.TestClassifyVegUnit" name="test_veg_defaults[Fruit Grill Sandwich]" time="0.000" /><testcase classname="backend.tests.test_veg_classifier.TestClassifyVegUnit" name="test_non_veg[Chicken Biryani]" time="0.000" /><testcase classname="backend.tests.test_veg_classifier.TestClassifyVegUnit" name="test_non_veg[Egg Bhurji]" time="0.000" /><testcase classname="backend.tests.test_veg_classifier.TestClassifyVegUnit" name="test_non_veg[Fish Curry]" time="0.000" /><testcase classname="backend.tests.test_veg_classifier.TestClassifyVegUnit" name="test_non_veg[Mutton Rogan Josh]" time="0.000" /><testcase classname="backend.tests.test_veg_classifier.TestClassifyVegUnit" name="test_non_veg[Prawn Koliwada]" time="0.000" /><testcase classname="backend.tests.test_veg_classifier.TestClassifyVegUnit" name="test_non_veg[Chicken 65]" time="0.000" /><testcase classname="backend.tests.test_veg_classifier.TestClassifyVegUnit" name="test_word_boundary_peach_not_prawn" time="0.000" /><testcase classname="backend.tests.test_veg_classifier.TestClassifyVegUnit" name="test_default_unknown_is_veg" time="0.000" /><testcase classname="backend.tests.test_veg_classifier.TestClassifyVegUnit" name="test_reclassify_batch_counts_changes" time="0.000" /><testcase classname="backend.tests.test_veg_classifier.TestExcelAutoClassify" name="test_missing_column_auto_classifies" time="0.796" /><testcase classname="backend.tests.test_veg_classifier.TestExcelAutoClassify" name="test_explicit_column_honoured" time="0.169" /><testcase classname="backend.tests.test_veg_classifier.TestReclassifyOnboarding" name="test_reclassify_flips_wrong_flags" time="0.441" /><testcase classname="backend.tests.test_veg_classifier.TestReclassifyOnboarding" name="test_reclassify_noop_when_already_correct" time="0.215" /><testcase classname="backend.tests.test_veg_classifier.TestReclassifyOnboarding" name="test_reclassify_requires_auth" time="0.197" /><testcase classname="backend.tests.test_veg_classifier.TestReclassifyOnboarding" name="test_reclassify_400_when_rejected" time="0.218" /><testcase classname="backend.tests.test_veg_classifier.TestReclassifyLiveMenuItems" name="test_master_only" time="0.226" /><testcase classname="backend.tests.test_veg_classifier.TestReclassifyLiveMenuItems" name="test_scope_by_vendor" time="0.056" /></testsuite></testsuites>