<?xml version="1.0" encoding="utf-8"?><testsuites name="pytest tests"><testsuite name="pytest" errors="0" failures="0" skipped="0" tests="13" time="12.875" timestamp="2026-05-25T14:18:44.693410+00:00" hostname="agent-env-3685d86f-20db-4981-a67a-03d7c1e6d149"><testcase classname="backend.tests.test_new_features.TestBruteForce" name="test_brute_force_lockout" time="2.440" /><testcase classname="backend.tests.test_new_features.TestPriceValidation" name="test_client_price_ignored_uses_db_price" time="0.612" /><testcase classname="backend.tests.test_new_features.TestOrderStatusEnum" name="test_invalid_status_rejected" time="1.001" /><testcase classname="backend.tests.test_new_features.TestOrderStatusEnum" name="test_valid_status_accepted" time="1.006" /><testcase classname="backend.tests.test_new_features.TestPaymentScope" name="test_other_user_cannot_view_payment_status" time="1.706" /><testcase classname="backend.tests.test_new_features.TestQRPickup" name="test_valid_qr_marks_completed" time="1.094" /><testcase classname="backend.tests.test_new_features.TestQRPickup" name="test_invalid_qr_rejected" time="1.039" /><testcase classname="backend.tests.test_new_features.TestPreferences" name="test_employee_preferences_crud" time="0.534" /><testcase classname="backend.tests.test_new_features.TestPreferences" name="test_non_employee_blocked" time="0.379" /><testcase classname="backend.tests.test_new_features.TestReviews" name="test_create_review_and_duplicate_blocked" time="1.313" /><testcase classname="backend.tests.test_new_features.TestReviews" name="test_review_on_pending_order_blocked" time="0.627" /><testcase classname="backend.tests.test_new_features.TestSubscriptions" name="test_create_and_fetch_subscription" time="0.651" /><testcase classname="backend.tests.test_new_features.TestSubscriptions" name="test_non_employee_blocked" time="0.370" /></testsuite></testsuites>