<?xml version="1.0" encoding="utf-8"?><testsuites name="pytest tests"><testsuite name="pytest" errors="0" failures="0" skipped="0" tests="15" time="19.024" timestamp="2026-05-25T14:39:17.522006+00:00" hostname="agent-env-3685d86f-20db-4981-a67a-03d7c1e6d149"><testcase classname="backend.tests.test_iter3_features.TestMenuCRUD" name="test_vendor_get_all_menu_includes_unavailable" time="0.539" /><testcase classname="backend.tests.test_iter3_features.TestMenuCRUD" name="test_create_update_delete_menu_item" time="0.596" /><testcase classname="backend.tests.test_iter3_features.TestMenuCRUD" name="test_non_vendor_cannot_access_vendor_all" time="0.385" /><testcase classname="backend.tests.test_iter3_features.TestMenuCRUD" name="test_non_vendor_cannot_delete_menu_item" time="0.374" /><testcase classname="backend.tests.test_iter3_features.TestEmployees" name="test_add_list_remove_employee" time="0.868" /><testcase classname="backend.tests.test_iter3_features.TestEmployees" name="test_employee_cannot_add_employee" time="0.387" /><testcase classname="backend.tests.test_iter3_features.TestBulkOrders" name="test_bulk_sponsored_creates_paid_confirmed_orders_with_notifications" time="1.040" /><testcase classname="backend.tests.test_iter3_features.TestEvents" name="test_create_event_total_calc_and_approve" time="0.744" /><testcase classname="backend.tests.test_iter3_features.TestNotifications" name="test_new_order_creates_vendor_notification_and_mark_all_read" time="1.281" /><testcase classname="backend.tests.test_iter3_features.TestAIForecast" name="test_demand_forecast_returns_text_and_top_items" time="5.396" /><testcase classname="backend.tests.test_iter3_features.TestAIForecast" name="test_non_vendor_blocked_forecast" time="0.407" /><testcase classname="backend.tests.test_iter3_features.TestAIWastage" name="test_wastage_analysis_metrics" time="5.126" /><testcase classname="backend.tests.test_iter3_features.TestLoyalty" name="test_loyalty_summary_shape" time="0.427" /><testcase classname="backend.tests.test_iter3_features.TestLoyalty" name="test_redeem_insufficient_points_rejected" time="0.694" /><testcase classname="backend.tests.test_iter3_features.TestLoyalty" name="test_redeem_below_minimum_rejected" time="0.668" /></testsuite></testsuites>