<?xml version="1.0" encoding="utf-8"?><testsuites name="pytest tests"><testsuite name="pytest" errors="0" failures="0" skipped="0" tests="32" time="8.845" timestamp="2026-06-02T16:05:48.342916+00:00" hostname="agent-env-3685d86f-20db-4981-a67a-03d7c1e6d149"><testcase classname="backend.tests.test_iter12_dpdp_menu_push" name="test_auth_all_roles[master_admin]" time="0.506" /><testcase classname="backend.tests.test_iter12_dpdp_menu_push" name="test_auth_all_roles[site_admin]" time="0.481" /><testcase classname="backend.tests.test_iter12_dpdp_menu_push" name="test_auth_all_roles[vendor]" time="0.457" /><testcase classname="backend.tests.test_iter12_dpdp_menu_push" name="test_auth_all_roles[employee]" time="0.470" /><testcase classname="backend.tests.test_iter12_dpdp_menu_push" name="test_auth_all_roles[corporate_admin]" time="0.480" /><testcase classname="backend.tests.test_iter12_dpdp_menu_push" name="test_me_data_export_employee" time="1.968" /><testcase classname="backend.tests.test_iter12_dpdp_menu_push" name="test_me_data_export_no_auth" time="0.134" /><testcase classname="backend.tests.test_iter12_dpdp_menu_push" name="test_me_data_delete_no_confirm" time="0.128" /><testcase classname="backend.tests.test_iter12_dpdp_menu_push" name="test_me_data_delete_wrong_case" time="0.135" /><testcase classname="backend.tests.test_iter12_dpdp_menu_push" name="test_me_data_delete_master_admin_forbidden" time="0.113" /><testcase classname="backend.tests.test_iter12_dpdp_menu_push" name="test_me_data_delete_happy_path" time="1.066" /><testcase classname="backend.tests.test_iter12_dpdp_menu_push" name="test_post_menu_vendor_forbidden" time="0.108" /><testcase classname="backend.tests.test_iter12_dpdp_menu_push" name="test_patch_menu_vendor_forbidden" time="0.116" /><testcase classname="backend.tests.test_iter12_dpdp_menu_push" name="test_delete_menu_vendor_forbidden" time="0.110" /><testcase classname="backend.tests.test_iter12_dpdp_menu_push" name="test_upload_menu_image_vendor_forbidden" time="0.108" /><testcase classname="backend.tests.test_iter12_dpdp_menu_push" name="test_menu_availability_vendor_allowed" time="0.270" /><testcase classname="backend.tests.test_iter12_dpdp_menu_push" name="test_post_menu_master_admin_success" time="0.359" /><testcase classname="backend.tests.test_iter12_dpdp_menu_push" name="test_push_token_register_valid" time="0.115" /><testcase classname="backend.tests.test_iter12_dpdp_menu_push" name="test_push_token_register_invalid" time="0.106" /><testcase classname="backend.tests.test_iter12_dpdp_menu_push" name="test_push_token_register_no_auth" time="0.110" /><testcase classname="backend.tests.test_iter12_dpdp_menu_push" name="test_test_push" time="0.181" /><testcase classname="backend.tests.test_iter12_dpdp_menu_push" name="test_push_token_delete" time="0.104" /><testcase classname="backend.tests.test_iter12_dpdp_menu_push" name="test_privacy_page_loads" time="0.107" /><testcase classname="backend.tests.test_iter12_dpdp_menu_push" name="test_terms_page_loads" time="0.113" /><testcase classname="backend.tests.test_iter12_dpdp_menu_push" name="test_regression_sites_master_admin" time="0.105" /><testcase classname="backend.tests.test_iter12_dpdp_menu_push" name="test_regression_vendors_list" time="0.106" /><testcase classname="backend.tests.test_iter12_dpdp_menu_push" name="test_regression_orders_employee" time="0.119" /><testcase classname="backend.tests.test_iter12_dpdp_menu_push" name="test_regression_favorites_employee" time="0.100" /><testcase classname="backend.tests.test_iter12_dpdp_menu_push" name="test_regression_my_site_employee" time="0.119" /><testcase classname="backend.tests.test_iter12_dpdp_menu_push" name="test_regression_master_dashboard" time="0.130" /><testcase classname="backend.tests.test_iter12_dpdp_menu_push" name="test_regression_city_leaderboard" time="0.108" /><testcase classname="backend.tests.test_iter12_dpdp_menu_push" name="test_regression_onboarding_list" time="0.113" /></testsuite></testsuites>