<?xml version="1.0" encoding="utf-8"?><testsuites name="pytest tests"><testsuite name="pytest" errors="0" failures="0" skipped="0" tests="201" time="140.649" timestamp="2026-05-29T08:36:50.162857+00:00" hostname="agent-env-3685d86f-20db-4981-a67a-03d7c1e6d149"><testcase classname="backend.tests.backend_test.TestAuth" name="test_login_all_roles" time="1.359" /><testcase classname="backend.tests.backend_test.TestAuth" name="test_login_invalid" time="0.099" /><testcase classname="backend.tests.backend_test.TestAuth" name="test_me_employee" time="0.360" /><testcase classname="backend.tests.backend_test.TestAuth" name="test_logout" time="0.883" /><testcase classname="backend.tests.backend_test.TestAuth" name="test_register_then_login" time="0.652" /><testcase classname="backend.tests.backend_test.TestVendorsMenu" name="test_vendors_public" time="0.095" /><testcase classname="backend.tests.backend_test.TestVendorsMenu" name="test_menu" time="0.202" /><testcase classname="backend.tests.backend_test.TestOrders" name="test_create_order_employee" time="0.637" /><testcase classname="backend.tests.backend_test.TestOrders" name="test_get_orders_vendor" time="0.394" /><testcase classname="backend.tests.backend_test.TestAnalytics" name="test_vendor_analytics" time="0.433" /><testcase classname="backend.tests.backend_test.TestAnalytics" name="test_corporate_analytics" time="0.410" /><testcase classname="backend.tests.backend_test.TestProtected" name="test_me_unauthenticated" time="0.147" /><testcase classname="backend.tests.backend_test.TestProtected" name="test_orders_unauthenticated" time="0.092" /><testcase classname="backend.tests.backend_test.TestAI" name="test_ai_recommendations" time="7.653" /><testcase classname="backend.tests.backend_test.TestPayments" name="test_checkout_session" time="1.076" /><testcase classname="backend.tests.test_cancel_refund_loyalty.TestCancelOrder" name="test_cancel_happy_path" time="0.649" /><testcase classname="backend.tests.test_cancel_refund_loyalty.TestCancelOrder" name="test_cancel_window_expired_400" time="0.607" /><testcase classname="backend.tests.test_cancel_refund_loyalty.TestCancelOrder" name="test_cancel_after_vendor_confirmed_400" time="1.030" /><testcase classname="backend.tests.test_cancel_refund_loyalty.TestCancelOrder" name="test_cancel_by_other_employee_403" time="1.024" /><testcase classname="backend.tests.test_cancel_refund_loyalty.TestCancelOrder" name="test_cancel_as_vendor_role_403" time="1.052" /><testcase classname="backend.tests.test_cancel_refund_loyalty.TestCancelOrder" name="test_cancel_already_cancelled_400" time="0.704" /><testcase classname="backend.tests.test_cancel_refund_loyalty.TestCancelOrder" name="test_cancel_paid_order_returns_refunded_mock" time="0.624" /><testcase classname="backend.tests.test_cancel_refund_loyalty.TestRefund" name="test_vendor_refund_paid_order_200" time="1.169" /><testcase classname="backend.tests.test_cancel_refund_loyalty.TestRefund" name="test_refund_unpaid_order_400" time="1.079" /><testcase classname="backend.tests.test_cancel_refund_loyalty.TestRefund" name="test_refund_other_vendor_order_403" time="0.378" /><testcase classname="backend.tests.test_cancel_refund_loyalty.TestRefund" name="test_refund_as_employee_403" time="0.673" /><testcase classname="backend.tests.test_cancel_refund_loyalty.TestRefund" name="test_master_admin_refund_200" time="1.123" /><testcase classname="backend.tests.test_cancel_refund_loyalty.TestRefund" name="test_double_refund_400" time="1.204" /><testcase classname="backend.tests.test_cancel_refund_loyalty.TestLoyaltyRedeem" name="test_employee_has_enough_points" time="0.379" /><testcase classname="backend.tests.test_cancel_refund_loyalty.TestLoyaltyRedeem" name="test_redeem_on_pending_unpaid_order_reduces_total" time="0.673" /><testcase classname="backend.tests.test_cancel_refund_loyalty.TestLoyaltyRedeem" name="test_redeem_on_paid_order_400" time="0.616" /><testcase classname="backend.tests.test_cancel_refund_loyalty.TestLoyaltyRedeem" name="test_redeem_more_than_available_points_400" time="0.692" /><testcase classname="backend.tests.test_cancel_refund_loyalty.TestLoyaltyRedeem" name="test_redeem_less_than_min_100_returns_400" time="0.723" /><testcase classname="backend.tests.test_iter3_features.TestMenuCRUD" name="test_vendor_get_all_menu_includes_unavailable" time="0.375" /><testcase classname="backend.tests.test_iter3_features.TestMenuCRUD" name="test_create_update_delete_menu_item" time="0.636" /><testcase classname="backend.tests.test_iter3_features.TestMenuCRUD" name="test_non_vendor_cannot_access_vendor_all" time="0.378" /><testcase classname="backend.tests.test_iter3_features.TestMenuCRUD" name="test_non_vendor_cannot_delete_menu_item" time="0.390" /><testcase classname="backend.tests.test_iter3_features.TestEmployees" name="test_add_list_remove_employee" time="0.754" /><testcase classname="backend.tests.test_iter3_features.TestEmployees" name="test_employee_cannot_add_employee" time="0.380" /><testcase classname="backend.tests.test_iter3_features.TestBulkOrders" name="test_bulk_sponsored_creates_paid_confirmed_orders_with_notifications" time="1.026" /><testcase classname="backend.tests.test_iter3_features.TestEvents" name="test_create_event_total_calc_and_approve" time="0.744" /><testcase classname="backend.tests.test_iter3_features.TestNotifications" name="test_new_order_creates_vendor_notification_and_mark_all_read" time="1.165" /><testcase classname="backend.tests.test_iter3_features.TestAIForecast" name="test_demand_forecast_returns_text_and_top_items" time="4.440" /><testcase classname="backend.tests.test_iter3_features.TestAIForecast" name="test_non_vendor_blocked_forecast" time="0.396" /><testcase classname="backend.tests.test_iter3_features.TestAIWastage" name="test_wastage_analysis_metrics" time="5.409" /><testcase classname="backend.tests.test_iter3_features.TestLoyalty" name="test_loyalty_summary_shape" time="0.400" /><testcase classname="backend.tests.test_iter3_features.TestLoyalty" name="test_redeem_insufficient_points_rejected" time="0.622" /><testcase classname="backend.tests.test_iter3_features.TestLoyalty" name="test_redeem_below_minimum_rejected" time="0.636" /><testcase classname="backend.tests.test_iter6_vendor_upload_commission.TestAuthRegression" name="test_demo_logins[master_admin]" time="0.327" /><testcase classname="backend.tests.test_iter6_vendor_upload_commission.TestAuthRegression" name="test_demo_logins[corporate_admin]" time="0.326" /><testcase classname="backend.tests.test_iter6_vendor_upload_commission.TestAuthRegression" name="test_demo_logins[vendor]" time="0.322" /><testcase classname="backend.tests.test_iter6_vendor_upload_commission.TestAuthRegression" name="test_demo_logins[employee]" time="0.331" /><testcase classname="backend.tests.test_iter6_vendor_upload_commission.TestTodayEarnings" name="test_vendor_today_earnings" time="0.391" /><testcase classname="backend.tests.test_iter6_vendor_upload_commission.TestTodayEarnings" name="test_today_earnings_employee_403" time="0.370" /><testcase classname="backend.tests.test_iter6_vendor_upload_commission.TestTodayEarnings" name="test_today_earnings_master_403" time="0.364" /><testcase classname="backend.tests.test_iter6_vendor_upload_commission.TestSettlement" name="test_settlement_default" time="0.385" /><testcase classname="backend.tests.test_iter6_vendor_upload_commission.TestSettlement" name="test_settlement_days_cap_at_90" time="0.392" /><testcase classname="backend.tests.test_iter6_vendor_upload_commission.TestSettlement" name="test_settlement_days_min_1" time="0.375" /><testcase classname="backend.tests.test_iter6_vendor_upload_commission.TestSettlement" name="test_settlement_non_vendor_403" time="0.398" /><testcase classname="backend.tests.test_iter6_vendor_upload_commission.TestVendorSettings" name="test_get_settings" time="0.370" /><testcase classname="backend.tests.test_iter6_vendor_upload_commission.TestVendorSettings" name="test_patch_auto_confirm_true" time="0.543" /><testcase classname="backend.tests.test_iter6_vendor_upload_commission.TestVendorSettings" name="test_patch_low_stock_threshold" time="0.434" /><testcase classname="backend.tests.test_iter6_vendor_upload_commission.TestVendorSettings" name="test_patch_invalid_field_rejected" time="0.372" /><testcase classname="backend.tests.test_iter6_vendor_upload_commission.TestVendorSettings" name="test_settings_non_vendor_403" time="0.366" /><testcase classname="backend.tests.test_iter6_vendor_upload_commission.TestAutoConfirmE2E" name="test_order_auto_confirmed" time="1.013" /><testcase classname="backend.tests.test_iter6_vendor_upload_commission.TestAutoConfirmE2E" name="test_order_pending_when_disabled" time="0.954" /><testcase classname="backend.tests.test_iter6_vendor_upload_commission.TestMenuAvailabilityToggle" name="test_vendor_toggles_own_item" time="0.659" /><testcase classname="backend.tests.test_iter6_vendor_upload_commission.TestMenuAvailabilityToggle" name="test_employee_cannot_toggle" time="0.586" /><testcase classname="backend.tests.test_iter6_vendor_upload_commission.TestMenuAvailabilityToggle" name="test_non_owning_vendor_returns_404" time="0.378" /><testcase classname="backend.tests.test_iter6_vendor_upload_commission.TestUpload" name="test_vendor_uploads_png" time="0.383" /><testcase classname="backend.tests.test_iter6_vendor_upload_commission.TestUpload" name="test_employee_upload_403" time="0.372" /><testcase classname="backend.tests.test_iter6_vendor_upload_commission.TestUpload" name="test_non_image_400" time="0.376" /><testcase classname="backend.tests.test_iter6_vendor_upload_commission.TestUpload" name="test_oversize_400" time="0.611" /><testcase classname="backend.tests.test_iter6_vendor_upload_commission.TestUpload" name="test_serve_uploaded" time="0.094" /><testcase classname="backend.tests.test_iter6_vendor_upload_commission.TestUpload" name="test_serve_malicious_filename" time="0.098" /><testcase classname="backend.tests.test_iter6_vendor_upload_commission.TestUpload" name="test_serve_bad_pattern" time="0.110" /><testcase classname="backend.tests.test_iter6_vendor_upload_commission.TestCommissionEdit" name="test_master_sets_commission" time="1.212" /><testcase classname="backend.tests.test_iter6_vendor_upload_commission.TestCommissionEdit" name="test_commission_above_50_rejected" time="0.375" /><testcase classname="backend.tests.test_iter6_vendor_upload_commission.TestCommissionEdit" name="test_commission_non_master_403" time="0.738" /><testcase classname="backend.tests.test_iter6_vendor_upload_commission.TestCharts" name="test_master_charts" time="0.392" /><testcase classname="backend.tests.test_iter6_vendor_upload_commission.TestCharts" name="test_charts_employee_403" time="0.375" /><testcase classname="backend.tests.test_iter6_vendor_upload_commission.TestBulkCsv" name="test_csv_3_valid_1_invalid" time="1.046" /><testcase classname="backend.tests.test_iter6_vendor_upload_commission.TestBulkCsv" name="test_csv_employee_403" time="0.369" /><testcase classname="backend.tests.test_iter6_vendor_upload_commission.TestBulkCsv" name="test_csv_wrong_ext_400" time="0.370" /><testcase classname="backend.tests.test_iter6_vendor_upload_commission.TestRegression" name="test_sites_list_master" time="0.398" /><testcase classname="backend.tests.test_iter6_vendor_upload_commission.TestRegression" name="test_admin_admins" time="0.374" /><testcase classname="backend.tests.test_iter6_vendor_upload_commission.TestRegression" name="test_master_dashboard" time="0.380" /><testcase classname="backend.tests.test_iter6_vendor_upload_commission.TestRegression" name="test_loyalty_redeem_still_validates" time="0.378" /><testcase classname="backend.tests.test_iter7_cities_onboarding.TestCities" name="test_01_create_city_master" time="0.460" /><testcase classname="backend.tests.test_iter7_cities_onboarding.TestCities" name="test_02_create_city_forbidden_for_non_master" time="0.437" /><testcase classname="backend.tests.test_iter7_cities_onboarding.TestCities" name="test_03_list_cities_master_sees_all_with_counts" time="0.100" /><testcase classname="backend.tests.test_iter7_cities_onboarding.TestCities" name="test_04_list_cities_employee_sees_only_active" time="0.461" /><testcase classname="backend.tests.test_iter7_cities_onboarding.TestCities" name="test_05_get_city_single" time="0.102" /><testcase classname="backend.tests.test_iter7_cities_onboarding.TestCities" name="test_06_patch_city_master" time="0.218" /><testcase classname="backend.tests.test_iter7_cities_onboarding.TestCities" name="test_07_patch_city_forbidden_for_site_admin" time="0.099" /><testcase classname="backend.tests.test_iter7_cities_onboarding.TestCityAdmin" name="test_08_create_city_admin_master" time="0.320" /><testcase classname="backend.tests.test_iter7_cities_onboarding.TestCityAdmin" name="test_09_create_city_admin_email_collision" time="0.108" /><testcase classname="backend.tests.test_iter7_cities_onboarding.TestCityAdmin" name="test_10_create_city_admin_invalid_city" time="0.106" /><testcase classname="backend.tests.test_iter7_cities_onboarding.TestCityAdmin" name="test_11_create_city_admin_forbidden_for_non_master" time="0.098" /><testcase classname="backend.tests.test_iter7_cities_onboarding.TestCityAdmin" name="test_12_city_admin_login_and_me" time="0.416" /><testcase classname="backend.tests.test_iter7_cities_onboarding.TestCityAdmin" name="test_13_get_city_forbidden_for_other_city_admin" time="0.199" /><testcase classname="backend.tests.test_iter7_cities_onboarding.TestOnboarding" name="test_14_site_admin_creates_onboarding" time="0.198" /><testcase classname="backend.tests.test_iter7_cities_onboarding.TestOnboarding" name="test_15_site_admin_other_site_forbidden" time="0.096" /><testcase classname="backend.tests.test_iter7_cities_onboarding.TestOnboarding" name="test_16_employee_cannot_onboard" time="0.106" /><testcase classname="backend.tests.test_iter7_cities_onboarding.TestOnboarding" name="test_17_master_can_onboard" time="0.107" /><testcase classname="backend.tests.test_iter7_cities_onboarding.TestOnboarding" name="test_18_list_site_admin_sees_only_own" time="0.101" /><testcase classname="backend.tests.test_iter7_cities_onboarding.TestOnboarding" name="test_19_list_filter_by_status" time="0.097" /><testcase classname="backend.tests.test_iter7_cities_onboarding.TestOnboarding" name="test_20_get_detail" time="0.101" /><testcase classname="backend.tests.test_iter7_cities_onboarding.TestOnboarding" name="test_21_patch_basic_info" time="0.214" /><testcase classname="backend.tests.test_iter7_cities_onboarding.TestOnboarding" name="test_22_checklist_pct_recalc" time="0.113" /><testcase classname="backend.tests.test_iter7_cities_onboarding.TestOnboarding" name="test_23_upload_doc_flips_status" time="0.210" /><testcase classname="backend.tests.test_iter7_cities_onboarding.TestOnboarding" name="test_24_upload_invalid_doc_type" time="0.099" /><testcase classname="backend.tests.test_iter7_cities_onboarding.TestOnboarding" name="test_25_upload_invalid_extension" time="0.102" /><testcase classname="backend.tests.test_iter7_cities_onboarding.TestOnboarding" name="test_26_delete_doc" time="0.370" /><testcase classname="backend.tests.test_iter7_cities_onboarding.TestOnboarding" name="test_27_site_review_approve_below_80_fails" time="0.099" /><testcase classname="backend.tests.test_iter7_cities_onboarding.TestOnboarding" name="test_28_site_review_request_changes" time="0.108" /><testcase classname="backend.tests.test_iter7_cities_onboarding.TestOnboarding" name="test_29_site_review_reject" time="0.203" /><testcase classname="backend.tests.test_iter7_cities_onboarding.TestOnboarding" name="test_30_master_decision_wrong_status" time="0.107" /><testcase classname="backend.tests.test_iter7_cities_onboarding.TestOnboarding" name="test_31_full_happy_path_e2e" time="0.523" /><testcase classname="backend.tests.test_iter7_cities_onboarding.TestOnboarding" name="test_32_vendor_mapped_to_site" time="0.133" /><testcase classname="backend.tests.test_iter7_cities_onboarding.TestOnboarding" name="test_33_audit_trail_contains_actions" time="0.106" /><testcase classname="backend.tests.test_iter7_cities_onboarding.TestOnboarding" name="test_34_dashboard_stats" time="0.099" /><testcase classname="backend.tests.test_iter7_cities_onboarding.TestOnboarding" name="test_35_cannot_edit_after_active" time="0.112" /><testcase classname="backend.tests.test_iter7_cities_onboarding.TestCityAdminOnboarding" name="test_36_city_admin_outside_city_forbidden" time="0.098" /><testcase classname="backend.tests.test_iter8_p1.TestVendorEdit" name="test_master_update_success" time="1.758" /><testcase classname="backend.tests.test_iter8_p1.TestVendorEdit" name="test_status_validation" time="0.205" /><testcase classname="backend.tests.test_iter8_p1.TestVendorEdit" name="test_commission_pct_validation" time="0.095" /><testcase classname="backend.tests.test_iter8_p1.TestVendorEdit" name="test_non_master_forbidden" time="0.192" /><testcase classname="backend.tests.test_iter8_p1.TestRefunds" name="test_employee_list" time="0.099" /><testcase classname="backend.tests.test_iter8_p1.TestRefunds" name="test_non_employee_forbidden" time="0.309" /><testcase classname="backend.tests.test_iter8_p1.TestFavorites" name="test_add_favorite" time="0.194" /><testcase classname="backend.tests.test_iter8_p1.TestFavorites" name="test_add_favorite_twice" time="0.098" /><testcase classname="backend.tests.test_iter8_p1.TestFavorites" name="test_list_favorites" time="0.110" /><testcase classname="backend.tests.test_iter8_p1.TestFavorites" name="test_delete_favorite" time="0.194" /><testcase classname="backend.tests.test_iter8_p1.TestFavorites" name="test_non_employee_forbidden" time="0.890" /><testcase classname="backend.tests.test_iter8_p1.TestLastOrder" name="test_employee_last" time="0.097" /><testcase classname="backend.tests.test_iter8_p1.TestLastOrder" name="test_non_employee_forbidden" time="0.300" /><testcase classname="backend.tests.test_iter8_p1.TestBulkImport" name="test_bulk_import_3valid_1bad" time="0.270" /><testcase classname="backend.tests.test_iter8_p1.TestBulkImport" name="test_non_xlsx_400" time="0.111" /><testcase classname="backend.tests.test_iter8_p1.TestBulkImport" name="test_missing_column_400" time="0.109" /><testcase classname="backend.tests.test_iter8_p1.TestOnboardingMenuExcel" name="test_upload_menu_success" time="0.339" /><testcase classname="backend.tests.test_iter8_p1.TestOnboardingMenuExcel" name="test_upload_menu_approved_400" time="0.206" /><testcase classname="backend.tests.test_iter8_p1.TestMealPeriod" name="test_public_endpoint" time="0.099" /><testcase classname="backend.tests.test_iter8_p1.TestCityLeaderboard" name="test_master_success" time="0.101" /><testcase classname="backend.tests.test_iter8_p1.TestCityLeaderboard" name="test_non_master_forbidden" time="0.301" /><testcase classname="backend.tests.test_iter8_p1.TestLowStockAlert" name="test_low_stock_alert_via_orders" time="2.251" /><testcase classname="backend.tests.test_master_admin_sites.TestAuth" name="test_login_all_roles_return_role_and_token" time="1.311" /><testcase classname="backend.tests.test_master_admin_sites.TestSitesCRUD" name="test_master_create_site" time="0.134" /><testcase classname="backend.tests.test_master_admin_sites.TestSitesCRUD" name="test_non_master_cannot_create_site" time="0.300" /><testcase classname="backend.tests.test_master_admin_sites.TestSitesCRUD" name="test_master_lists_all_sites_includes_new" time="0.109" /><testcase classname="backend.tests.test_master_admin_sites.TestSitesCRUD" name="test_site_admin_lists_only_own_site" time="0.103" /><testcase classname="backend.tests.test_master_admin_sites.TestSitesCRUD" name="test_vendor_lists_only_mapped_sites" time="0.113" /><testcase classname="backend.tests.test_master_admin_sites.TestSitesCRUD" name="test_get_site_master" time="0.107" /><testcase classname="backend.tests.test_master_admin_sites.TestSitesCRUD" name="test_get_site_vendor_unmapped_denied" time="0.100" /><testcase classname="backend.tests.test_master_admin_sites.TestSitesCRUD" name="test_patch_site_toggle_pre_order" time="0.183" /><testcase classname="backend.tests.test_master_admin_sites.TestSitesCRUD" name="test_patch_site_rejects_no_valid_fields" time="0.106" /><testcase classname="backend.tests.test_master_admin_sites.TestVendorSiteMapping" name="test_map_vendor_to_site" time="0.101" /><testcase classname="backend.tests.test_master_admin_sites.TestVendorSiteMapping" name="test_map_duplicate_returns_400" time="0.098" /><testcase classname="backend.tests.test_master_admin_sites.TestVendorSiteMapping" name="test_list_site_vendors" time="0.099" /><testcase classname="backend.tests.test_master_admin_sites.TestVendorSiteMapping" name="test_vendor_now_sees_mapped_site" time="0.100" /><testcase classname="backend.tests.test_master_admin_sites.TestVendorSiteMapping" name="test_unmap_vendor" time="0.239" /><testcase classname="backend.tests.test_master_admin_sites.TestMealSchedule" name="test_get_default_schedule" time="0.096" /><testcase classname="backend.tests.test_master_admin_sites.TestMealSchedule" name="test_update_schedule" time="0.202" /><testcase classname="backend.tests.test_master_admin_sites.TestSiteMenuAndExcel" name="test_upload_excel_inserts_items" time="0.153" /><testcase classname="backend.tests.test_master_admin_sites.TestSiteMenuAndExcel" name="test_upload_excel_missing_columns_rejected" time="0.110" /><testcase classname="backend.tests.test_master_admin_sites.TestSiteMenuAndExcel" name="test_get_site_menu_master" time="0.110" /><testcase classname="backend.tests.test_master_admin_sites.TestSiteMenuAndExcel" name="test_patch_menu_site_control" time="0.197" /><testcase classname="backend.tests.test_master_admin_sites.TestSiteMenuAndExcel" name="test_employee_site_admin_cannot_patch_other_site_menu" time="0.100" /><testcase classname="backend.tests.test_master_admin_sites.TestAdminManagement" name="test_create_site_admin" time="10.338" /><testcase classname="backend.tests.test_master_admin_sites.TestAdminManagement" name="test_create_super_admin" time="0.351" /><testcase classname="backend.tests.test_master_admin_sites.TestAdminManagement" name="test_create_master_admin_bad_email_rejected" time="0.107" /><testcase classname="backend.tests.test_master_admin_sites.TestAdminManagement" name="test_create_master_admin_valid" time="0.319" /><testcase classname="backend.tests.test_master_admin_sites.TestAdminManagement" name="test_non_master_cannot_list_admins" time="0.327" /><testcase classname="backend.tests.test_master_admin_sites.TestAdminManagement" name="test_master_list_admins_contains_created" time="0.099" /><testcase classname="backend.tests.test_master_admin_sites.TestAdminManagement" name="test_cannot_delete_seed_admin" time="0.202" /><testcase classname="backend.tests.test_master_admin_sites.TestAdminManagement" name="test_site_admin_cannot_delete_admin" time="0.098" /><testcase classname="backend.tests.test_master_admin_sites.TestAdminManagement" name="test_delete_created_admins_cleanup" time="0.298" /><testcase classname="backend.tests.test_master_admin_sites.TestReports" name="test_master_dashboard" time="0.104" /><testcase classname="backend.tests.test_master_admin_sites.TestReports" name="test_master_dashboard_forbidden_for_others" time="0.311" /><testcase classname="backend.tests.test_master_admin_sites.TestReports" name="test_site_report_master" time="0.102" /><testcase classname="backend.tests.test_master_admin_sites.TestReports" name="test_site_report_vendor_forbidden" time="0.110" /><testcase classname="backend.tests.test_master_admin_sites.TestEmployeeMySite" name="test_employee_my_site" time="0.095" /><testcase classname="backend.tests.test_master_admin_sites.TestEmployeeMySite" name="test_non_employee_forbidden" time="0.305" /><testcase classname="backend.tests.test_master_admin_sites.TestAuthZBoundary" name="test_employee_cannot_list_admins" time="0.098" /><testcase classname="backend.tests.test_master_admin_sites.TestAuthZBoundary" name="test_vendor_get_other_site_denied" time="0.201" /><testcase classname="backend.tests.test_master_admin_sites.TestRegression" name="test_get_menu_legacy" time="0.096" /><testcase classname="backend.tests.test_master_admin_sites.TestRegression" name="test_get_orders_legacy" time="0.105" /><testcase classname="backend.tests.test_master_admin_sites.TestZCleanup" name="test_delete_created_menu_items" time="10.753" /><testcase classname="backend.tests.test_new_features.TestBruteForce" name="test_brute_force_lockout" time="2.133" /><testcase classname="backend.tests.test_new_features.TestPriceValidation" name="test_client_price_ignored_uses_db_price" time="0.586" /><testcase classname="backend.tests.test_new_features.TestOrderStatusEnum" name="test_invalid_status_rejected" time="0.928" /><testcase classname="backend.tests.test_new_features.TestOrderStatusEnum" name="test_valid_status_accepted" time="1.000" /><testcase classname="backend.tests.test_new_features.TestPaymentScope" name="test_other_user_cannot_view_payment_status" time="1.351" /><testcase classname="backend.tests.test_new_features.TestQRPickup" name="test_valid_qr_marks_completed" time="1.070" /><testcase classname="backend.tests.test_new_features.TestQRPickup" name="test_invalid_qr_rejected" time="0.943" /><testcase classname="backend.tests.test_new_features.TestPreferences" name="test_employee_preferences_crud" time="0.550" /><testcase classname="backend.tests.test_new_features.TestPreferences" name="test_non_employee_blocked" time="0.404" /><testcase classname="backend.tests.test_new_features.TestReviews" name="test_create_review_and_duplicate_blocked" time="11.266" /><testcase classname="backend.tests.test_new_features.TestReviews" name="test_review_on_pending_order_blocked" time="10.657" /><testcase classname="backend.tests.test_new_features.TestSubscriptions" name="test_create_and_fetch_subscription" time="0.618" /><testcase classname="backend.tests.test_new_features.TestSubscriptions" name="test_non_employee_blocked" time="0.389" /></testsuite></testsuites>