<?xml version="1.0" encoding="utf-8"?><testsuites name="pytest tests"><testsuite name="pytest" errors="0" failures="0" skipped="0" tests="18" time="15.945" timestamp="2026-05-26T17:53:03.331466+00:00" hostname="agent-env-3685d86f-20db-4981-a67a-03d7c1e6d149"><testcase classname="backend.tests.test_cancel_refund_loyalty.TestCancelOrder" name="test_cancel_happy_path" time="0.824" /><testcase classname="backend.tests.test_cancel_refund_loyalty.TestCancelOrder" name="test_cancel_window_expired_400" time="0.670" /><testcase classname="backend.tests.test_cancel_refund_loyalty.TestCancelOrder" name="test_cancel_after_vendor_confirmed_400" time="1.081" /><testcase classname="backend.tests.test_cancel_refund_loyalty.TestCancelOrder" name="test_cancel_by_other_employee_403" time="1.088" /><testcase classname="backend.tests.test_cancel_refund_loyalty.TestCancelOrder" name="test_cancel_as_vendor_role_403" time="1.063" /><testcase classname="backend.tests.test_cancel_refund_loyalty.TestCancelOrder" name="test_cancel_already_cancelled_400" time="0.776" /><testcase classname="backend.tests.test_cancel_refund_loyalty.TestCancelOrder" name="test_cancel_paid_order_returns_refunded_mock" time="0.716" /><testcase classname="backend.tests.test_cancel_refund_loyalty.TestRefund" name="test_vendor_refund_paid_order_200" time="1.339" /><testcase classname="backend.tests.test_cancel_refund_loyalty.TestRefund" name="test_refund_unpaid_order_400" time="1.050" /><testcase classname="backend.tests.test_cancel_refund_loyalty.TestRefund" name="test_refund_other_vendor_order_403" time="0.382" /><testcase classname="backend.tests.test_cancel_refund_loyalty.TestRefund" name="test_refund_as_employee_403" time="0.727" /><testcase classname="backend.tests.test_cancel_refund_loyalty.TestRefund" name="test_master_admin_refund_200" time="1.252" /><testcase classname="backend.tests.test_cancel_refund_loyalty.TestRefund" name="test_double_refund_400" time="1.325" /><testcase classname="backend.tests.test_cancel_refund_loyalty.TestLoyaltyRedeem" name="test_employee_has_enough_points" time="0.400" /><testcase classname="backend.tests.test_cancel_refund_loyalty.TestLoyaltyRedeem" name="test_redeem_on_pending_unpaid_order_reduces_total" time="0.853" /><testcase classname="backend.tests.test_cancel_refund_loyalty.TestLoyaltyRedeem" name="test_redeem_on_paid_order_400" time="0.714" /><testcase classname="backend.tests.test_cancel_refund_loyalty.TestLoyaltyRedeem" name="test_redeem_more_than_available_points_400" time="0.751" /><testcase classname="backend.tests.test_cancel_refund_loyalty.TestLoyaltyRedeem" name="test_redeem_less_than_min_100_returns_400" time="0.776" /></testsuite></testsuites>