<?xml version="1.0" encoding="utf-8"?><testsuites name="pytest tests"><testsuite name="pytest" errors="0" failures="0" skipped="0" tests="42" time="45.189" timestamp="2026-08-19T07:49:40.900949+00:00" hostname="agent-env-3685d86f-20db-4981-a67a-03d7c1e6d149"><testcase classname="backend.tests.test_storage_upload.TestHealthAndStartup" name="test_health_ok" time="0.266" /><testcase classname="backend.tests.test_storage_upload.TestObjectStorageUpload" name="test_pdf_upload_returns_encoded_url" time="0.954" /><testcase classname="backend.tests.test_storage_upload.TestObjectStorageUpload" name="test_pdf_download_bytes_roundtrip" time="0.230" /><testcase classname="backend.tests.test_storage_upload.TestObjectStorageUpload" name="test_persistence_across_backend_restart" time="5.079" /><testcase classname="backend.tests.test_storage_upload.TestObjectStorageUpload" name="test_png_upload_and_download" time="0.431" /><testcase classname="backend.tests.test_storage_upload.TestValidation" name="test_too_large_rejected" time="0.804" /><testcase classname="backend.tests.test_storage_upload.TestValidation" name="test_bad_extension_rejected" time="0.070" /><testcase classname="backend.tests.test_storage_upload.TestValidation" name="test_invalid_s_token_returns_404" time="0.131" /><testcase classname="backend.tests.test_storage_upload.TestValidation" name="test_legacy_filename_missing_returns_friendly_404" time="0.125" /><testcase classname="backend.tests.test_storage_upload.TestDeleteSoftDelete" name="test_delete_removes_db_entry_only" time="0.574" /><testcase classname="backend.tests.test_storage_upload.TestAccessControl" name="test_unauthenticated_upload_denied" time="0.420" /><testcase classname="backend.tests.test_ai_photos_and_agreement.TestAgreementDocType" name="test_fresh_onboarding_has_empty_documents" time="0.656" /><testcase classname="backend.tests.test_ai_photos_and_agreement.TestAgreementDocType" name="test_agreement_upload_roundtrip" time="0.455" /><testcase classname="backend.tests.test_ai_photos_and_agreement.TestAgreementDocType" name="test_invalid_doc_type_lists_agreement" time="0.056" /><testcase classname="backend.tests.test_ai_photos_and_agreement.TestAiMenuPhotosPlumbing" name="test_apply_rejects_path_traversal" time="0.217" /><testcase classname="backend.tests.test_ai_photos_and_agreement.TestAiMenuPhotosPlumbing" name="test_apply_rejects_wrong_prefix" time="0.053" /><testcase classname="backend.tests.test_ai_photos_and_agreement.TestAiMenuPhotosPlumbing" name="test_suggest_non_admin_forbidden" time="0.248" /><testcase classname="backend.tests.test_ai_photos_and_agreement.TestAiMenuPhotosPlumbing" name="test_bulk_fill_dry_run" time="0.057" /><testcase classname="backend.tests.test_ai_photos_and_agreement.TestAiMenuPhotosLive" name="test_suggest_and_download" time="14.097" /><testcase classname="backend.tests.test_ai_photos_and_agreement.TestAiMenuPhotosLive" name="test_bulk_fill_live_one_item" time="9.786" /><testcase classname="backend.tests.test_seed_admin_password" name="test_seed_admin_preserves_changed_password" time="1.298" /><testcase classname="backend.tests.test_seed_admin_password" name="test_seed_admin_restores_role_but_leaves_password" time="0.536" /><testcase classname="backend.tests.test_ai_photo_spend" name="test_schema_and_math" time="0.480" /><testcase classname="backend.tests.test_ai_photo_spend" name="test_unauth_returns_401" time="0.547" /><testcase classname="backend.tests.test_ai_photo_spend" name="test_non_master_returns_403" time="0.704" /><testcase classname="backend.tests.test_ai_photo_spend" name="test_aggregation_handles_both_shapes" time="0.145" /><testcase classname="backend.tests.test_ai_photo_spend" name="test_empty_collection_returns_zeros" time="0.074" /><testcase classname="backend.tests.test_onboarding_menu.TestAddMenuItem" name="test_add_item_ok" time="0.598" /><testcase classname="backend.tests.test_onboarding_menu.TestAddMenuItem" name="test_add_item_price_zero_rejected" time="0.120" /><testcase classname="backend.tests.test_onboarding_menu.TestAddMenuItem" name="test_add_item_negative_price_rejected" time="0.113" /><testcase classname="backend.tests.test_onboarding_menu.TestAddMenuItem" name="test_add_item_missing_name_rejected" time="0.113" /><testcase classname="backend.tests.test_onboarding_menu.TestAddMenuItem" name="test_add_item_unknown_meal_period_silently_filtered" time="0.113" /><testcase classname="backend.tests.test_onboarding_menu.TestPatchMenuItem" name="test_patch_updates_fields" time="0.226" /><testcase classname="backend.tests.test_onboarding_menu.TestPatchMenuItem" name="test_patch_zero_price_rejected" time="0.170" /><testcase classname="backend.tests.test_onboarding_menu.TestPatchMenuItem" name="test_patch_unknown_item_404" time="0.120" /><testcase classname="backend.tests.test_onboarding_menu.TestDeleteMenuItem" name="test_delete_ok_and_checklist_flip" time="0.392" /><testcase classname="backend.tests.test_onboarding_menu.TestDeleteMenuItem" name="test_delete_unknown_404" time="0.111" /><testcase classname="backend.tests.test_onboarding_menu.TestExcelUpload" name="test_upload_replaces_draft" time="0.238" /><testcase classname="backend.tests.test_onboarding_menu.TestExcelUpload" name="test_upload_rejects_bad_extension" time="0.110" /><testcase classname="backend.tests.test_onboarding_menu.TestExcelUpload" name="test_upload_missing_columns" time="0.124" /><testcase classname="backend.tests.test_onboarding_menu.TestStatusGuard" name="test_menu_add_rejected_when_rejected" time="0.516" /><testcase classname="backend.tests.test_onboarding_menu.TestMasterApprovalMaterialisation" name="test_menu_items_created_on_approval" time="1.045" /></testsuite></testsuites>