<?xml version="1.0" encoding="utf-8"?><testsuites name="pytest tests"><testsuite name="pytest" errors="0" failures="0" skipped="0" tests="11" time="7.588" timestamp="2026-08-19T06:49:44.100839+00:00" hostname="agent-env-3685d86f-20db-4981-a67a-03d7c1e6d149"><testcase classname="backend.tests.test_storage_upload.TestHealthAndStartup" name="test_health_ok" time="0.155" /><testcase classname="backend.tests.test_storage_upload.TestObjectStorageUpload" name="test_pdf_upload_returns_encoded_url" time="0.825" /><testcase classname="backend.tests.test_storage_upload.TestObjectStorageUpload" name="test_pdf_download_bytes_roundtrip" time="0.223" /><testcase classname="backend.tests.test_storage_upload.TestObjectStorageUpload" name="test_persistence_across_backend_restart" time="4.172" /><testcase classname="backend.tests.test_storage_upload.TestObjectStorageUpload" name="test_png_upload_and_download" time="0.477" /><testcase classname="backend.tests.test_storage_upload.TestValidation" name="test_too_large_rejected" time="0.372" /><testcase classname="backend.tests.test_storage_upload.TestValidation" name="test_bad_extension_rejected" time="0.041" /><testcase classname="backend.tests.test_storage_upload.TestValidation" name="test_invalid_s_token_returns_404" time="0.199" /><testcase classname="backend.tests.test_storage_upload.TestValidation" name="test_legacy_filename_missing_returns_friendly_404" time="0.106" /><testcase classname="backend.tests.test_storage_upload.TestDeleteSoftDelete" name="test_delete_removes_db_entry_only" time="0.604" /><testcase classname="backend.tests.test_storage_upload.TestAccessControl" name="test_unauthenticated_upload_denied" time="0.325" /></testsuite></testsuites>