<?xml version="1.0" encoding="utf-8"?><testsuites name="pytest tests"><testsuite name="pytest" errors="0" failures="5" skipped="1" tests="186" time="129.820" timestamp="2026-06-02T16:06:02.491736+00:00" hostname="agent-env-3685d86f-20db-4981-a67a-03d7c1e6d149"><testcase classname="backend.tests.test_iter8_p1.TestVendorEdit" name="test_master_update_success" time="1.767" /><testcase classname="backend.tests.test_iter8_p1.TestVendorEdit" name="test_status_validation" time="0.216" /><testcase classname="backend.tests.test_iter8_p1.TestVendorEdit" name="test_commission_pct_validation" time="0.106" /><testcase classname="backend.tests.test_iter8_p1.TestVendorEdit" name="test_non_master_forbidden" time="0.231" /><testcase classname="backend.tests.test_iter8_p1.TestRefunds" name="test_employee_list" time="0.142" /><testcase classname="backend.tests.test_iter8_p1.TestRefunds" name="test_non_employee_forbidden" time="0.376" /><testcase classname="backend.tests.test_iter8_p1.TestFavorites" name="test_add_favorite" time="0.238" /><testcase classname="backend.tests.test_iter8_p1.TestFavorites" name="test_add_favorite_twice" time="0.264" /><testcase classname="backend.tests.test_iter8_p1.TestFavorites" name="test_list_favorites" time="0.123" /><testcase classname="backend.tests.test_iter8_p1.TestFavorites" name="test_delete_favorite" time="0.280" /><testcase classname="backend.tests.test_iter8_p1.TestFavorites" name="test_non_employee_forbidden" time="0.993" /><testcase classname="backend.tests.test_iter8_p1.TestLastOrder" name="test_employee_last" time="0.137" /><testcase classname="backend.tests.test_iter8_p1.TestLastOrder" name="test_non_employee_forbidden" time="0.379" /><testcase classname="backend.tests.test_iter8_p1.TestBulkImport" name="test_bulk_import_3valid_1bad" time="0.249" /><testcase classname="backend.tests.test_iter8_p1.TestBulkImport" name="test_non_xlsx_400" time="0.120" /><testcase classname="backend.tests.test_iter8_p1.TestBulkImport" name="test_missing_column_400" time="0.121" /><testcase classname="backend.tests.test_iter8_p1.TestOnboardingMenuExcel" name="test_upload_menu_success" time="0.388" /><testcase classname="backend.tests.test_iter8_p1.TestOnboardingMenuExcel" name="test_upload_menu_approved_400" time="0.111"><skipped type="pytest.skip" message="No approved/active/rejected onboarding present to test 400 guard">/app/backend/tests/test_iter8_p1.py:342: No approved/active/rejected onboarding present to test 400 guard</skipped></testcase><testcase classname="backend.tests.test_iter8_p1.TestMealPeriod" name="test_public_endpoint" time="0.112" /><testcase classname="backend.tests.test_iter8_p1.TestCityLeaderboard" name="test_master_success" time="0.112" /><testcase classname="backend.tests.test_iter8_p1.TestCityLeaderboard" name="test_non_master_forbidden" time="0.348" /><testcase classname="backend.tests.test_iter8_p1.TestLowStockAlert" name="test_low_stock_alert_via_orders" time="2.315" /><testcase classname="backend.tests.test_iter7_cities_onboarding.TestCities" name="test_01_create_city_master" time="0.475" /><testcase classname="backend.tests.test_iter7_cities_onboarding.TestCities" name="test_02_create_city_forbidden_for_non_master" time="0.451" /><testcase classname="backend.tests.test_iter7_cities_onboarding.TestCities" name="test_03_list_cities_master_sees_all_with_counts" time="0.115" /><testcase classname="backend.tests.test_iter7_cities_onboarding.TestCities" name="test_04_list_cities_employee_sees_only_active" time="0.505" /><testcase classname="backend.tests.test_iter7_cities_onboarding.TestCities" name="test_05_get_city_single" time="0.109" /><testcase classname="backend.tests.test_iter7_cities_onboarding.TestCities" name="test_06_patch_city_master" time="0.218" /><testcase classname="backend.tests.test_iter7_cities_onboarding.TestCities" name="test_07_patch_city_forbidden_for_site_admin" time="0.125" /><testcase classname="backend.tests.test_iter7_cities_onboarding.TestCityAdmin" name="test_08_create_city_admin_master" time="0.331" /><testcase classname="backend.tests.test_iter7_cities_onboarding.TestCityAdmin" name="test_09_create_city_admin_email_collision" time="0.112" /><testcase classname="backend.tests.test_iter7_cities_onboarding.TestCityAdmin" name="test_10_create_city_admin_invalid_city" time="0.113" /><testcase classname="backend.tests.test_iter7_cities_onboarding.TestCityAdmin" name="test_11_create_city_admin_forbidden_for_non_master" time="0.117" /><testcase classname="backend.tests.test_iter7_cities_onboarding.TestCityAdmin" name="test_12_city_admin_login_and_me" time="0.467" /><testcase classname="backend.tests.test_iter7_cities_onboarding.TestCityAdmin" name="test_13_get_city_forbidden_for_other_city_admin" time="0.294" /><testcase classname="backend.tests.test_iter7_cities_onboarding.TestOnboarding" name="test_14_site_admin_creates_onboarding" time="0.276" /><testcase classname="backend.tests.test_iter7_cities_onboarding.TestOnboarding" name="test_15_site_admin_other_site_forbidden" time="0.124" /><testcase classname="backend.tests.test_iter7_cities_onboarding.TestOnboarding" name="test_16_employee_cannot_onboard" time="0.110" /><testcase classname="backend.tests.test_iter7_cities_onboarding.TestOnboarding" name="test_17_master_can_onboard" time="0.106" /><testcase classname="backend.tests.test_iter7_cities_onboarding.TestOnboarding" name="test_18_list_site_admin_sees_only_own" time="0.114" /><testcase classname="backend.tests.test_iter7_cities_onboarding.TestOnboarding" name="test_19_list_filter_by_status" time="0.164" /><testcase classname="backend.tests.test_iter7_cities_onboarding.TestOnboarding" name="test_20_get_detail" time="0.133" /><testcase classname="backend.tests.test_iter7_cities_onboarding.TestOnboarding" name="test_21_patch_basic_info" time="0.228" /><testcase classname="backend.tests.test_iter7_cities_onboarding.TestOnboarding" name="test_22_checklist_pct_recalc" time="0.109" /><testcase classname="backend.tests.test_iter7_cities_onboarding.TestOnboarding" name="test_23_upload_doc_flips_status" time="0.223" /><testcase classname="backend.tests.test_iter7_cities_onboarding.TestOnboarding" name="test_24_upload_invalid_doc_type" time="0.117" /><testcase classname="backend.tests.test_iter7_cities_onboarding.TestOnboarding" name="test_25_upload_invalid_extension" time="0.114" /><testcase classname="backend.tests.test_iter7_cities_onboarding.TestOnboarding" name="test_26_delete_doc" time="0.388" /><testcase classname="backend.tests.test_iter7_cities_onboarding.TestOnboarding" name="test_27_site_review_approve_below_80_fails" time="0.110" /><testcase classname="backend.tests.test_iter7_cities_onboarding.TestOnboarding" name="test_28_site_review_request_changes" time="0.098" /><testcase classname="backend.tests.test_iter7_cities_onboarding.TestOnboarding" name="test_29_site_review_reject" time="19.733" /><testcase classname="backend.tests.test_iter7_cities_onboarding.TestOnboarding" name="test_30_master_decision_wrong_status" time="0.213" /><testcase classname="backend.tests.test_iter7_cities_onboarding.TestOnboarding" name="test_31_full_happy_path_e2e" time="0.592" /><testcase classname="backend.tests.test_iter7_cities_onboarding.TestOnboarding" name="test_32_vendor_mapped_to_site" time="0.104" /><testcase classname="backend.tests.test_iter7_cities_onboarding.TestOnboarding" name="test_33_audit_trail_contains_actions" time="0.121" /><testcase classname="backend.tests.test_iter7_cities_onboarding.TestOnboarding" name="test_34_dashboard_stats" time="0.112" /><testcase classname="backend.tests.test_iter7_cities_onboarding.TestOnboarding" name="test_35_cannot_edit_after_active" time="0.108" /><testcase classname="backend.tests.test_iter7_cities_onboarding.TestCityAdminOnboarding" name="test_36_city_admin_outside_city_forbidden" time="0.109" /><testcase classname="backend.tests.test_iter6_vendor_upload_commission.TestAuthRegression" name="test_demo_logins[master_admin]" time="0.336" /><testcase classname="backend.tests.test_iter6_vendor_upload_commission.TestAuthRegression" name="test_demo_logins[corporate_admin]" time="0.342" /><testcase classname="backend.tests.test_iter6_vendor_upload_commission.TestAuthRegression" name="test_demo_logins[vendor]" time="0.339" /><testcase classname="backend.tests.test_iter6_vendor_upload_commission.TestAuthRegression" name="test_demo_logins[employee]" time="0.333" /><testcase classname="backend.tests.test_iter6_vendor_upload_commission.TestTodayEarnings" name="test_vendor_today_earnings" time="0.439" /><testcase classname="backend.tests.test_iter6_vendor_upload_commission.TestTodayEarnings" name="test_today_earnings_employee_403" time="0.408" /><testcase classname="backend.tests.test_iter6_vendor_upload_commission.TestTodayEarnings" name="test_today_earnings_master_403" time="0.423" /><testcase classname="backend.tests.test_iter6_vendor_upload_commission.TestSettlement" name="test_settlement_default" time="0.401" /><testcase classname="backend.tests.test_iter6_vendor_upload_commission.TestSettlement" name="test_settlement_days_cap_at_90" time="0.403" /><testcase classname="backend.tests.test_iter6_vendor_upload_commission.TestSettlement" name="test_settlement_days_min_1" time="0.409" /><testcase classname="backend.tests.test_iter6_vendor_upload_commission.TestSettlement" name="test_settlement_non_vendor_403" time="0.449" /><testcase classname="backend.tests.test_iter6_vendor_upload_commission.TestVendorSettings" name="test_get_settings" time="0.439" /><testcase classname="backend.tests.test_iter6_vendor_upload_commission.TestVendorSettings" name="test_patch_auto_confirm_true" time="0.441" /><testcase classname="backend.tests.test_iter6_vendor_upload_commission.TestVendorSettings" name="test_patch_low_stock_threshold" time="0.454" /><testcase classname="backend.tests.test_iter6_vendor_upload_commission.TestVendorSettings" name="test_patch_invalid_field_rejected" time="0.405" /><testcase classname="backend.tests.test_iter6_vendor_upload_commission.TestVendorSettings" name="test_settings_non_vendor_403" time="3.659" /><testcase classname="backend.tests.test_iter6_vendor_upload_commission.TestAutoConfirmE2E" name="test_order_auto_confirmed" time="1.162" /><testcase classname="backend.tests.test_iter6_vendor_upload_commission.TestAutoConfirmE2E" name="test_order_pending_when_disabled" time="1.068" /><testcase classname="backend.tests.test_iter6_vendor_upload_commission.TestMenuAvailabilityToggle" name="test_vendor_toggles_own_item" time="0.661" /><testcase classname="backend.tests.test_iter6_vendor_upload_commission.TestMenuAvailabilityToggle" name="test_employee_cannot_toggle" time="0.636" /><testcase classname="backend.tests.test_iter6_vendor_upload_commission.TestMenuAvailabilityToggle" name="test_non_owning_vendor_returns_404" time="0.393" /><testcase classname="backend.tests.test_iter6_vendor_upload_commission.TestUpload" name="test_vendor_uploads_png" time="0.481"><failure message="AssertionError: {&quot;detail&quot;:&quot;Only Cravitoo admins can upload menu images.&quot;}&#10;assert 403 == 200&#10; +  where 403 = &lt;Response [403]&gt;.status_code">E   AssertionError: {"detail":"Only Cravitoo admins can upload menu images."}
    assert 403 == 200
     +  where 403 = &lt;Response [403]&gt;.status_code</failure></testcase><testcase classname="backend.tests.test_iter6_vendor_upload_commission.TestUpload" name="test_employee_upload_403" time="0.386" /><testcase classname="backend.tests.test_iter6_vendor_upload_commission.TestUpload" name="test_non_image_400" time="0.390"><failure message="assert 403 == 400&#10; +  where 403 = &lt;Response [403]&gt;.status_code">E   assert 403 == 400
     +  where 403 = &lt;Response [403]&gt;.status_code</failure></testcase><testcase classname="backend.tests.test_iter6_vendor_upload_commission.TestUpload" name="test_oversize_400" time="0.872"><failure message="assert 403 == 400&#10; +  where 403 = &lt;Response [403]&gt;.status_code">E   assert 403 == 400
     +  where 403 = &lt;Response [403]&gt;.status_code</failure></testcase><testcase classname="backend.tests.test_iter6_vendor_upload_commission.TestUpload" name="test_serve_uploaded" time="0.000"><failure message="AssertionError: depends on test_vendor_uploads_png&#10;assert None&#10; +  where None = TestUpload.uploaded_filename">E   AssertionError: depends on test_vendor_uploads_png
    assert None
     +  where None = TestUpload.uploaded_filename</failure></testcase><testcase classname="backend.tests.test_iter6_vendor_upload_commission.TestUpload" name="test_serve_malicious_filename" time="0.115" /><testcase classname="backend.tests.test_iter6_vendor_upload_commission.TestUpload" name="test_serve_bad_pattern" time="0.116" /><testcase classname="backend.tests.test_iter6_vendor_upload_commission.TestCommissionEdit" name="test_master_sets_commission" time="1.337" /><testcase classname="backend.tests.test_iter6_vendor_upload_commission.TestCommissionEdit" name="test_commission_above_50_rejected" time="0.415" /><testcase classname="backend.tests.test_iter6_vendor_upload_commission.TestCommissionEdit" name="test_commission_non_master_403" time="0.801" /><testcase classname="backend.tests.test_iter6_vendor_upload_commission.TestCharts" name="test_master_charts" time="0.391" /><testcase classname="backend.tests.test_iter6_vendor_upload_commission.TestCharts" name="test_charts_employee_403" time="0.387" /><testcase classname="backend.tests.test_iter6_vendor_upload_commission.TestBulkCsv" name="test_csv_3_valid_1_invalid" time="1.068" /><testcase classname="backend.tests.test_iter6_vendor_upload_commission.TestBulkCsv" name="test_csv_employee_403" time="0.426" /><testcase classname="backend.tests.test_iter6_vendor_upload_commission.TestBulkCsv" name="test_csv_wrong_ext_400" time="0.420" /><testcase classname="backend.tests.test_iter6_vendor_upload_commission.TestRegression" name="test_sites_list_master" time="0.398" /><testcase classname="backend.tests.test_iter6_vendor_upload_commission.TestRegression" name="test_admin_admins" time="0.416" /><testcase classname="backend.tests.test_iter6_vendor_upload_commission.TestRegression" name="test_master_dashboard" time="0.392" /><testcase classname="backend.tests.test_iter6_vendor_upload_commission.TestRegression" name="test_loyalty_redeem_still_validates" time="0.470" /><testcase classname="backend.tests.test_iter3_features.TestMenuCRUD" name="test_vendor_get_all_menu_includes_unavailable" time="0.408" /><testcase classname="backend.tests.test_iter3_features.TestMenuCRUD" name="test_create_update_delete_menu_item" time="0.408"><failure message="AssertionError: {&quot;detail&quot;:&quot;Only Cravitoo (Master Admin) can create menu items. Vendors cannot modify menus or pricing.&quot;}&#10;assert 403 == 200&#10; +  where 403 = &lt;Response [403]&gt;.status_code">E   AssertionError: {"detail":"Only Cravitoo (Master Admin) can create menu items. Vendors cannot modify menus or pricing."}
    assert 403 == 200
     +  where 403 = &lt;Response [403]&gt;.status_code</failure></testcase><testcase classname="backend.tests.test_iter3_features.TestMenuCRUD" name="test_non_vendor_cannot_access_vendor_all" time="0.401" /><testcase classname="backend.tests.test_iter3_features.TestMenuCRUD" name="test_non_vendor_cannot_delete_menu_item" time="0.402" /><testcase classname="backend.tests.test_iter3_features.TestEmployees" name="test_add_list_remove_employee" time="0.756" /><testcase classname="backend.tests.test_iter3_features.TestEmployees" name="test_employee_cannot_add_employee" time="0.394" /><testcase classname="backend.tests.test_iter3_features.TestBulkOrders" name="test_bulk_sponsored_creates_paid_confirmed_orders_with_notifications" time="1.139" /><testcase classname="backend.tests.test_iter3_features.TestEvents" name="test_create_event_total_calc_and_approve" time="0.846" /><testcase classname="backend.tests.test_iter3_features.TestNotifications" name="test_new_order_creates_vendor_notification_and_mark_all_read" time="1.280" /><testcase classname="backend.tests.test_iter3_features.TestAIForecast" name="test_demand_forecast_returns_text_and_top_items" time="5.775" /><testcase classname="backend.tests.test_iter3_features.TestAIForecast" name="test_non_vendor_blocked_forecast" time="0.426" /><testcase classname="backend.tests.test_iter3_features.TestAIWastage" name="test_wastage_analysis_metrics" time="5.932" /><testcase classname="backend.tests.test_iter3_features.TestLoyalty" name="test_loyalty_summary_shape" time="0.421" /><testcase classname="backend.tests.test_iter3_features.TestLoyalty" name="test_redeem_insufficient_points_rejected" time="0.687" /><testcase classname="backend.tests.test_iter3_features.TestLoyalty" name="test_redeem_below_minimum_rejected" time="0.715" /><testcase classname="backend.tests.test_new_features.TestBruteForce" name="test_brute_force_lockout" time="2.346" /><testcase classname="backend.tests.test_new_features.TestPriceValidation" name="test_client_price_ignored_uses_db_price" time="0.671" /><testcase classname="backend.tests.test_new_features.TestOrderStatusEnum" name="test_invalid_status_rejected" time="1.029" /><testcase classname="backend.tests.test_new_features.TestOrderStatusEnum" name="test_valid_status_accepted" time="1.016" /><testcase classname="backend.tests.test_new_features.TestPaymentScope" name="test_other_user_cannot_view_payment_status" time="1.649" /><testcase classname="backend.tests.test_new_features.TestQRPickup" name="test_valid_qr_marks_completed" time="1.643" /><testcase classname="backend.tests.test_new_features.TestQRPickup" name="test_invalid_qr_rejected" time="1.170" /><testcase classname="backend.tests.test_new_features.TestPreferences" name="test_employee_preferences_crud" time="0.502" /><testcase classname="backend.tests.test_new_features.TestPreferences" name="test_non_employee_blocked" time="0.425" /><testcase classname="backend.tests.test_new_features.TestReviews" name="test_create_review_and_duplicate_blocked" time="1.540" /><testcase classname="backend.tests.test_new_features.TestReviews" name="test_review_on_pending_order_blocked" time="0.689" /><testcase classname="backend.tests.test_new_features.TestSubscriptions" name="test_create_and_fetch_subscription" time="0.650" /><testcase classname="backend.tests.test_new_features.TestSubscriptions" name="test_non_employee_blocked" time="0.400" /><testcase classname="backend.tests.test_cancel_refund_loyalty.TestCancelOrder" name="test_cancel_happy_path" time="0.735" /><testcase classname="backend.tests.test_cancel_refund_loyalty.TestCancelOrder" name="test_cancel_window_expired_400" time="0.694" /><testcase classname="backend.tests.test_cancel_refund_loyalty.TestCancelOrder" name="test_cancel_after_vendor_confirmed_400" time="1.105" /><testcase classname="backend.tests.test_cancel_refund_loyalty.TestCancelOrder" name="test_cancel_by_other_employee_403" time="1.779" /><testcase classname="backend.tests.test_cancel_refund_loyalty.TestCancelOrder" name="test_cancel_as_vendor_role_403" time="1.113" /><testcase classname="backend.tests.test_cancel_refund_loyalty.TestCancelOrder" name="test_cancel_already_cancelled_400" time="0.845" /><testcase classname="backend.tests.test_cancel_refund_loyalty.TestCancelOrder" name="test_cancel_paid_order_returns_refunded_mock" time="0.759" /><testcase classname="backend.tests.test_cancel_refund_loyalty.TestRefund" name="test_vendor_refund_paid_order_200" time="1.312" /><testcase classname="backend.tests.test_cancel_refund_loyalty.TestRefund" name="test_refund_unpaid_order_400" time="1.126" /><testcase classname="backend.tests.test_cancel_refund_loyalty.TestRefund" name="test_refund_other_vendor_order_403" time="0.590" /><testcase classname="backend.tests.test_cancel_refund_loyalty.TestRefund" name="test_refund_as_employee_403" time="0.914" /><testcase classname="backend.tests.test_cancel_refund_loyalty.TestRefund" name="test_master_admin_refund_200" time="1.180" /><testcase classname="backend.tests.test_cancel_refund_loyalty.TestRefund" name="test_double_refund_400" time="1.202" /><testcase classname="backend.tests.test_cancel_refund_loyalty.TestLoyaltyRedeem" name="test_employee_has_enough_points" time="0.420" /><testcase classname="backend.tests.test_cancel_refund_loyalty.TestLoyaltyRedeem" name="test_redeem_on_pending_unpaid_order_reduces_total" time="0.764" /><testcase classname="backend.tests.test_cancel_refund_loyalty.TestLoyaltyRedeem" name="test_redeem_on_paid_order_400" time="0.722" /><testcase classname="backend.tests.test_cancel_refund_loyalty.TestLoyaltyRedeem" name="test_redeem_more_than_available_points_400" time="0.843" /><testcase classname="backend.tests.test_cancel_refund_loyalty.TestLoyaltyRedeem" name="test_redeem_less_than_min_100_returns_400" time="0.758" /><testcase classname="backend.tests.test_master_admin_sites.TestAuth" name="test_login_all_roles_return_role_and_token" time="1.348" /><testcase classname="backend.tests.test_master_admin_sites.TestSitesCRUD" name="test_master_create_site" time="0.128" /><testcase classname="backend.tests.test_master_admin_sites.TestSitesCRUD" name="test_non_master_cannot_create_site" time="0.378" /><testcase classname="backend.tests.test_master_admin_sites.TestSitesCRUD" name="test_master_lists_all_sites_includes_new" time="0.123" /><testcase classname="backend.tests.test_master_admin_sites.TestSitesCRUD" name="test_site_admin_lists_only_own_site" time="0.113" /><testcase classname="backend.tests.test_master_admin_sites.TestSitesCRUD" name="test_vendor_lists_only_mapped_sites" time="0.105" /><testcase classname="backend.tests.test_master_admin_sites.TestSitesCRUD" name="test_get_site_master" time="0.131" /><testcase classname="backend.tests.test_master_admin_sites.TestSitesCRUD" name="test_get_site_vendor_unmapped_denied" time="0.102" /><testcase classname="backend.tests.test_master_admin_sites.TestSitesCRUD" name="test_patch_site_toggle_pre_order" time="0.214" /><testcase classname="backend.tests.test_master_admin_sites.TestSitesCRUD" name="test_patch_site_rejects_no_valid_fields" time="0.117" /><testcase classname="backend.tests.test_master_admin_sites.TestVendorSiteMapping" name="test_map_vendor_to_site" time="0.131" /><testcase classname="backend.tests.test_master_admin_sites.TestVendorSiteMapping" name="test_map_duplicate_returns_400" time="0.124" /><testcase classname="backend.tests.test_master_admin_sites.TestVendorSiteMapping" name="test_list_site_vendors" time="0.113" /><testcase classname="backend.tests.test_master_admin_sites.TestVendorSiteMapping" name="test_vendor_now_sees_mapped_site" time="0.143" /><testcase classname="backend.tests.test_master_admin_sites.TestVendorSiteMapping" name="test_unmap_vendor" time="0.257" /><testcase classname="backend.tests.test_master_admin_sites.TestMealSchedule" name="test_get_default_schedule" time="0.138" /><testcase classname="backend.tests.test_master_admin_sites.TestMealSchedule" name="test_update_schedule" time="0.234" /><testcase classname="backend.tests.test_master_admin_sites.TestSiteMenuAndExcel" name="test_upload_excel_inserts_items" time="0.150" /><testcase classname="backend.tests.test_master_admin_sites.TestSiteMenuAndExcel" name="test_upload_excel_missing_columns_rejected" time="0.151" /><testcase classname="backend.tests.test_master_admin_sites.TestSiteMenuAndExcel" name="test_get_site_menu_master" time="0.119" /><testcase classname="backend.tests.test_master_admin_sites.TestSiteMenuAndExcel" name="test_patch_menu_site_control" time="0.233" /><testcase classname="backend.tests.test_master_admin_sites.TestSiteMenuAndExcel" name="test_employee_site_admin_cannot_patch_other_site_menu" time="0.122" /><testcase classname="backend.tests.test_master_admin_sites.TestAdminManagement" name="test_create_site_admin" time="0.338" /><testcase classname="backend.tests.test_master_admin_sites.TestAdminManagement" name="test_create_super_admin" time="0.339" /><testcase classname="backend.tests.test_master_admin_sites.TestAdminManagement" name="test_create_master_admin_bad_email_rejected" time="0.121" /><testcase classname="backend.tests.test_master_admin_sites.TestAdminManagement" name="test_create_master_admin_valid" time="0.330" /><testcase classname="backend.tests.test_master_admin_sites.TestAdminManagement" name="test_non_master_cannot_list_admins" time="0.341" /><testcase classname="backend.tests.test_master_admin_sites.TestAdminManagement" name="test_master_list_admins_contains_created" time="0.116" /><testcase classname="backend.tests.test_master_admin_sites.TestAdminManagement" name="test_cannot_delete_seed_admin" time="0.233" /><testcase classname="backend.tests.test_master_admin_sites.TestAdminManagement" name="test_site_admin_cannot_delete_admin" time="0.109" /><testcase classname="backend.tests.test_master_admin_sites.TestAdminManagement" name="test_delete_created_admins_cleanup" time="0.354" /><testcase classname="backend.tests.test_master_admin_sites.TestReports" name="test_master_dashboard" time="0.110" /><testcase classname="backend.tests.test_master_admin_sites.TestReports" name="test_master_dashboard_forbidden_for_others" time="0.357" /><testcase classname="backend.tests.test_master_admin_sites.TestReports" name="test_site_report_master" time="0.129" /><testcase classname="backend.tests.test_master_admin_sites.TestReports" name="test_site_report_vendor_forbidden" time="0.130" /><testcase classname="backend.tests.test_master_admin_sites.TestEmployeeMySite" name="test_employee_my_site" time="0.120" /><testcase classname="backend.tests.test_master_admin_sites.TestEmployeeMySite" name="test_non_employee_forbidden" time="0.340" /><testcase classname="backend.tests.test_master_admin_sites.TestAuthZBoundary" name="test_employee_cannot_list_admins" time="0.100" /><testcase classname="backend.tests.test_master_admin_sites.TestAuthZBoundary" name="test_vendor_get_other_site_denied" time="0.268" /><testcase classname="backend.tests.test_master_admin_sites.TestRegression" name="test_get_menu_legacy" time="0.171" /><testcase classname="backend.tests.test_master_admin_sites.TestRegression" name="test_get_orders_legacy" time="0.148" /><testcase classname="backend.tests.test_master_admin_sites.TestZCleanup" name="test_delete_created_menu_items" time="10.954" /></testsuite></testsuites>