<?xml version="1.0" encoding="utf-8"?><testsuites name="pytest tests"><testsuite name="pytest" errors="0" failures="0" skipped="0" tests="103" time="68.007" timestamp="2026-05-26T17:58:48.571725+00:00" hostname="agent-env-3685d86f-20db-4981-a67a-03d7c1e6d149"><testcase classname="backend.tests.backend_test.TestAuth" name="test_login_all_roles" time="1.520" /><testcase classname="backend.tests.backend_test.TestAuth" name="test_login_invalid" time="0.122" /><testcase classname="backend.tests.backend_test.TestAuth" name="test_me_employee" time="0.395" /><testcase classname="backend.tests.backend_test.TestAuth" name="test_logout" time="1.415" /><testcase classname="backend.tests.backend_test.TestAuth" name="test_register_then_login" time="0.678" /><testcase classname="backend.tests.backend_test.TestVendorsMenu" name="test_vendors_public" time="0.120" /><testcase classname="backend.tests.backend_test.TestVendorsMenu" name="test_menu" time="0.257" /><testcase classname="backend.tests.backend_test.TestOrders" name="test_create_order_employee" time="0.725" /><testcase classname="backend.tests.backend_test.TestOrders" name="test_get_orders_vendor" time="0.430" /><testcase classname="backend.tests.backend_test.TestAnalytics" name="test_vendor_analytics" time="0.390" /><testcase classname="backend.tests.backend_test.TestAnalytics" name="test_corporate_analytics" time="0.464" /><testcase classname="backend.tests.backend_test.TestProtected" name="test_me_unauthenticated" time="0.105" /><testcase classname="backend.tests.backend_test.TestProtected" name="test_orders_unauthenticated" time="0.107" /><testcase classname="backend.tests.backend_test.TestAI" name="test_ai_recommendations" time="2.723" /><testcase classname="backend.tests.backend_test.TestPayments" name="test_checkout_session" time="1.124" /><testcase classname="backend.tests.test_cancel_refund_loyalty.TestCancelOrder" name="test_cancel_happy_path" time="0.726" /><testcase classname="backend.tests.test_cancel_refund_loyalty.TestCancelOrder" name="test_cancel_window_expired_400" time="0.738" /><testcase classname="backend.tests.test_cancel_refund_loyalty.TestCancelOrder" name="test_cancel_after_vendor_confirmed_400" time="1.075" /><testcase classname="backend.tests.test_cancel_refund_loyalty.TestCancelOrder" name="test_cancel_by_other_employee_403" time="1.088" /><testcase classname="backend.tests.test_cancel_refund_loyalty.TestCancelOrder" name="test_cancel_as_vendor_role_403" time="1.115" /><testcase classname="backend.tests.test_cancel_refund_loyalty.TestCancelOrder" name="test_cancel_already_cancelled_400" time="0.831" /><testcase classname="backend.tests.test_cancel_refund_loyalty.TestCancelOrder" name="test_cancel_paid_order_returns_refunded_mock" time="0.696" /><testcase classname="backend.tests.test_cancel_refund_loyalty.TestRefund" name="test_vendor_refund_paid_order_200" time="1.259" /><testcase classname="backend.tests.test_cancel_refund_loyalty.TestRefund" name="test_refund_unpaid_order_400" time="1.094" /><testcase classname="backend.tests.test_cancel_refund_loyalty.TestRefund" name="test_refund_other_vendor_order_403" time="0.398" /><testcase classname="backend.tests.test_cancel_refund_loyalty.TestRefund" name="test_refund_as_employee_403" time="0.716" /><testcase classname="backend.tests.test_cancel_refund_loyalty.TestRefund" name="test_master_admin_refund_200" time="1.186" /><testcase classname="backend.tests.test_cancel_refund_loyalty.TestRefund" name="test_double_refund_400" time="1.178" /><testcase classname="backend.tests.test_cancel_refund_loyalty.TestLoyaltyRedeem" name="test_employee_has_enough_points" time="0.380" /><testcase classname="backend.tests.test_cancel_refund_loyalty.TestLoyaltyRedeem" name="test_redeem_on_pending_unpaid_order_reduces_total" time="0.722" /><testcase classname="backend.tests.test_cancel_refund_loyalty.TestLoyaltyRedeem" name="test_redeem_on_paid_order_400" time="0.656" /><testcase classname="backend.tests.test_cancel_refund_loyalty.TestLoyaltyRedeem" name="test_redeem_more_than_available_points_400" time="0.738" /><testcase classname="backend.tests.test_cancel_refund_loyalty.TestLoyaltyRedeem" name="test_redeem_less_than_min_100_returns_400" time="0.876" /><testcase classname="backend.tests.test_iter3_features.TestMenuCRUD" name="test_vendor_get_all_menu_includes_unavailable" time="0.414" /><testcase classname="backend.tests.test_iter3_features.TestMenuCRUD" name="test_create_update_delete_menu_item" time="0.609" /><testcase classname="backend.tests.test_iter3_features.TestMenuCRUD" name="test_non_vendor_cannot_access_vendor_all" time="0.408" /><testcase classname="backend.tests.test_iter3_features.TestMenuCRUD" name="test_non_vendor_cannot_delete_menu_item" time="0.376" /><testcase classname="backend.tests.test_iter3_features.TestEmployees" name="test_add_list_remove_employee" time="0.744" /><testcase classname="backend.tests.test_iter3_features.TestEmployees" name="test_employee_cannot_add_employee" time="0.415" /><testcase classname="backend.tests.test_iter3_features.TestBulkOrders" name="test_bulk_sponsored_creates_paid_confirmed_orders_with_notifications" time="1.070" /><testcase classname="backend.tests.test_iter3_features.TestEvents" name="test_create_event_total_calc_and_approve" time="0.838" /><testcase classname="backend.tests.test_iter3_features.TestNotifications" name="test_new_order_creates_vendor_notification_and_mark_all_read" time="1.340" /><testcase classname="backend.tests.test_iter3_features.TestAIForecast" name="test_demand_forecast_returns_text_and_top_items" time="5.924" /><testcase classname="backend.tests.test_iter3_features.TestAIForecast" name="test_non_vendor_blocked_forecast" time="0.429" /><testcase classname="backend.tests.test_iter3_features.TestAIWastage" name="test_wastage_analysis_metrics" time="4.709" /><testcase classname="backend.tests.test_iter3_features.TestLoyalty" name="test_loyalty_summary_shape" time="0.413" /><testcase classname="backend.tests.test_iter3_features.TestLoyalty" name="test_redeem_insufficient_points_rejected" time="0.663" /><testcase classname="backend.tests.test_iter3_features.TestLoyalty" name="test_redeem_below_minimum_rejected" time="0.704" /><testcase classname="backend.tests.test_master_admin_sites.TestAuth" name="test_login_all_roles_return_role_and_token" time="1.395" /><testcase classname="backend.tests.test_master_admin_sites.TestSitesCRUD" name="test_master_create_site" time="0.117" /><testcase classname="backend.tests.test_master_admin_sites.TestSitesCRUD" name="test_non_master_cannot_create_site" time="0.331" /><testcase classname="backend.tests.test_master_admin_sites.TestSitesCRUD" name="test_master_lists_all_sites_includes_new" time="0.112" /><testcase classname="backend.tests.test_master_admin_sites.TestSitesCRUD" name="test_site_admin_lists_only_own_site" time="0.135" /><testcase classname="backend.tests.test_master_admin_sites.TestSitesCRUD" name="test_vendor_lists_only_mapped_sites" time="0.128" /><testcase classname="backend.tests.test_master_admin_sites.TestSitesCRUD" name="test_get_site_master" time="0.117" /><testcase classname="backend.tests.test_master_admin_sites.TestSitesCRUD" name="test_get_site_vendor_unmapped_denied" time="0.105" /><testcase classname="backend.tests.test_master_admin_sites.TestSitesCRUD" name="test_patch_site_toggle_pre_order" time="0.218" /><testcase classname="backend.tests.test_master_admin_sites.TestSitesCRUD" name="test_patch_site_rejects_no_valid_fields" time="0.104" /><testcase classname="backend.tests.test_master_admin_sites.TestVendorSiteMapping" name="test_map_vendor_to_site" time="0.113" /><testcase classname="backend.tests.test_master_admin_sites.TestVendorSiteMapping" name="test_map_duplicate_returns_400" time="0.107" /><testcase classname="backend.tests.test_master_admin_sites.TestVendorSiteMapping" name="test_list_site_vendors" time="0.112" /><testcase classname="backend.tests.test_master_admin_sites.TestVendorSiteMapping" name="test_vendor_now_sees_mapped_site" time="0.165" /><testcase classname="backend.tests.test_master_admin_sites.TestVendorSiteMapping" name="test_unmap_vendor" time="0.299" /><testcase classname="backend.tests.test_master_admin_sites.TestMealSchedule" name="test_get_default_schedule" time="0.115" /><testcase classname="backend.tests.test_master_admin_sites.TestMealSchedule" name="test_update_schedule" time="0.231" /><testcase classname="backend.tests.test_master_admin_sites.TestSiteMenuAndExcel" name="test_upload_excel_inserts_items" time="0.130" /><testcase classname="backend.tests.test_master_admin_sites.TestSiteMenuAndExcel" name="test_upload_excel_missing_columns_rejected" time="0.110" /><testcase classname="backend.tests.test_master_admin_sites.TestSiteMenuAndExcel" name="test_get_site_menu_master" time="0.127" /><testcase classname="backend.tests.test_master_admin_sites.TestSiteMenuAndExcel" name="test_patch_menu_site_control" time="0.250" /><testcase classname="backend.tests.test_master_admin_sites.TestSiteMenuAndExcel" name="test_employee_site_admin_cannot_patch_other_site_menu" time="0.139" /><testcase classname="backend.tests.test_master_admin_sites.TestAdminManagement" name="test_create_site_admin" time="0.325" /><testcase classname="backend.tests.test_master_admin_sites.TestAdminManagement" name="test_create_super_admin" time="0.325" /><testcase classname="backend.tests.test_master_admin_sites.TestAdminManagement" name="test_create_master_admin_bad_email_rejected" time="0.119" /><testcase classname="backend.tests.test_master_admin_sites.TestAdminManagement" name="test_create_master_admin_valid" time="0.340" /><testcase classname="backend.tests.test_master_admin_sites.TestAdminManagement" name="test_non_master_cannot_list_admins" time="0.398" /><testcase classname="backend.tests.test_master_admin_sites.TestAdminManagement" name="test_master_list_admins_contains_created" time="0.114" /><testcase classname="backend.tests.test_master_admin_sites.TestAdminManagement" name="test_cannot_delete_seed_admin" time="0.215" /><testcase classname="backend.tests.test_master_admin_sites.TestAdminManagement" name="test_site_admin_cannot_delete_admin" time="0.108" /><testcase classname="backend.tests.test_master_admin_sites.TestAdminManagement" name="test_delete_created_admins_cleanup" time="0.375" /><testcase classname="backend.tests.test_master_admin_sites.TestReports" name="test_master_dashboard" time="0.111" /><testcase classname="backend.tests.test_master_admin_sites.TestReports" name="test_master_dashboard_forbidden_for_others" time="0.334" /><testcase classname="backend.tests.test_master_admin_sites.TestReports" name="test_site_report_master" time="0.120" /><testcase classname="backend.tests.test_master_admin_sites.TestReports" name="test_site_report_vendor_forbidden" time="0.106" /><testcase classname="backend.tests.test_master_admin_sites.TestEmployeeMySite" name="test_employee_my_site" time="0.107" /><testcase classname="backend.tests.test_master_admin_sites.TestEmployeeMySite" name="test_non_employee_forbidden" time="0.309" /><testcase classname="backend.tests.test_master_admin_sites.TestAuthZBoundary" name="test_employee_cannot_list_admins" time="0.106" /><testcase classname="backend.tests.test_master_admin_sites.TestAuthZBoundary" name="test_vendor_get_other_site_denied" time="0.253" /><testcase classname="backend.tests.test_master_admin_sites.TestRegression" name="test_get_menu_legacy" time="0.128" /><testcase classname="backend.tests.test_master_admin_sites.TestRegression" name="test_get_orders_legacy" time="0.115" /><testcase classname="backend.tests.test_master_admin_sites.TestZCleanup" name="test_delete_created_menu_items" time="0.987" /><testcase classname="backend.tests.test_new_features.TestBruteForce" name="test_brute_force_lockout" time="2.399" /><testcase classname="backend.tests.test_new_features.TestPriceValidation" name="test_client_price_ignored_uses_db_price" time="0.614" /><testcase classname="backend.tests.test_new_features.TestOrderStatusEnum" name="test_invalid_status_rejected" time="1.084" /><testcase classname="backend.tests.test_new_features.TestOrderStatusEnum" name="test_valid_status_accepted" time="1.060" /><testcase classname="backend.tests.test_new_features.TestPaymentScope" name="test_other_user_cannot_view_payment_status" time="1.553" /><testcase classname="backend.tests.test_new_features.TestQRPickup" name="test_valid_qr_marks_completed" time="1.183" /><testcase classname="backend.tests.test_new_features.TestQRPickup" name="test_invalid_qr_rejected" time="1.029" /><testcase classname="backend.tests.test_new_features.TestPreferences" name="test_employee_preferences_crud" time="0.510" /><testcase classname="backend.tests.test_new_features.TestPreferences" name="test_non_employee_blocked" time="0.383" /><testcase classname="backend.tests.test_new_features.TestReviews" name="test_create_review_and_duplicate_blocked" time="1.330" /><testcase classname="backend.tests.test_new_features.TestReviews" name="test_review_on_pending_order_blocked" time="0.691" /><testcase classname="backend.tests.test_new_features.TestSubscriptions" name="test_create_and_fetch_subscription" time="0.648" /><testcase classname="backend.tests.test_new_features.TestSubscriptions" name="test_non_employee_blocked" time="0.388" /></testsuite></testsuites>