<?xml version="1.0" encoding="utf-8"?><testsuites name="pytest tests"><testsuite name="pytest" errors="0" failures="0" skipped="0" tests="43" time="40.387" timestamp="2026-05-25T14:39:41.172407+00:00" hostname="agent-env-3685d86f-20db-4981-a67a-03d7c1e6d149"><testcase classname="backend.tests.backend_test.TestAuth" name="test_login_all_roles" time="1.319" /><testcase classname="backend.tests.backend_test.TestAuth" name="test_login_invalid" time="0.122" /><testcase classname="backend.tests.backend_test.TestAuth" name="test_me_employee" time="0.377" /><testcase classname="backend.tests.backend_test.TestAuth" name="test_logout" time="0.377" /><testcase classname="backend.tests.backend_test.TestAuth" name="test_register_then_login" time="0.669" /><testcase classname="backend.tests.backend_test.TestVendorsMenu" name="test_vendors_public" time="0.100" /><testcase classname="backend.tests.backend_test.TestVendorsMenu" name="test_menu" time="0.226" /><testcase classname="backend.tests.backend_test.TestOrders" name="test_create_order_employee" time="0.657" /><testcase classname="backend.tests.backend_test.TestOrders" name="test_get_orders_vendor" time="0.390" /><testcase classname="backend.tests.backend_test.TestAnalytics" name="test_vendor_analytics" time="0.380" /><testcase classname="backend.tests.backend_test.TestAnalytics" name="test_corporate_analytics" time="0.373" /><testcase classname="backend.tests.backend_test.TestProtected" name="test_me_unauthenticated" time="0.102" /><testcase classname="backend.tests.backend_test.TestProtected" name="test_orders_unauthenticated" time="0.132" /><testcase classname="backend.tests.backend_test.TestAI" name="test_ai_recommendations" time="2.797" /><testcase classname="backend.tests.backend_test.TestPayments" name="test_checkout_session" time="1.344" /><testcase classname="backend.tests.test_iter3_features.TestMenuCRUD" name="test_vendor_get_all_menu_includes_unavailable" time="0.386" /><testcase classname="backend.tests.test_iter3_features.TestMenuCRUD" name="test_create_update_delete_menu_item" time="0.610" /><testcase classname="backend.tests.test_iter3_features.TestMenuCRUD" name="test_non_vendor_cannot_access_vendor_all" time="0.387" /><testcase classname="backend.tests.test_iter3_features.TestMenuCRUD" name="test_non_vendor_cannot_delete_menu_item" time="0.371" /><testcase classname="backend.tests.test_iter3_features.TestEmployees" name="test_add_list_remove_employee" time="0.834" /><testcase classname="backend.tests.test_iter3_features.TestEmployees" name="test_employee_cannot_add_employee" time="0.384" /><testcase classname="backend.tests.test_iter3_features.TestBulkOrders" name="test_bulk_sponsored_creates_paid_confirmed_orders_with_notifications" time="1.046" /><testcase classname="backend.tests.test_iter3_features.TestEvents" name="test_create_event_total_calc_and_approve" time="0.736" /><testcase classname="backend.tests.test_iter3_features.TestNotifications" name="test_new_order_creates_vendor_notification_and_mark_all_read" time="1.200" /><testcase classname="backend.tests.test_iter3_features.TestAIForecast" name="test_demand_forecast_returns_text_and_top_items" time="5.059" /><testcase classname="backend.tests.test_iter3_features.TestAIForecast" name="test_non_vendor_blocked_forecast" time="0.411" /><testcase classname="backend.tests.test_iter3_features.TestAIWastage" name="test_wastage_analysis_metrics" time="4.916" /><testcase classname="backend.tests.test_iter3_features.TestLoyalty" name="test_loyalty_summary_shape" time="0.405" /><testcase classname="backend.tests.test_iter3_features.TestLoyalty" name="test_redeem_insufficient_points_rejected" time="0.718" /><testcase classname="backend.tests.test_iter3_features.TestLoyalty" name="test_redeem_below_minimum_rejected" time="0.707" /><testcase classname="backend.tests.test_new_features.TestBruteForce" name="test_brute_force_lockout" time="2.201" /><testcase classname="backend.tests.test_new_features.TestPriceValidation" name="test_client_price_ignored_uses_db_price" time="0.599" /><testcase classname="backend.tests.test_new_features.TestOrderStatusEnum" name="test_invalid_status_rejected" time="0.988" /><testcase classname="backend.tests.test_new_features.TestOrderStatusEnum" name="test_valid_status_accepted" time="1.002" /><testcase classname="backend.tests.test_new_features.TestPaymentScope" name="test_other_user_cannot_view_payment_status" time="1.521" /><testcase classname="backend.tests.test_new_features.TestQRPickup" name="test_valid_qr_marks_completed" time="1.156" /><testcase classname="backend.tests.test_new_features.TestQRPickup" name="test_invalid_qr_rejected" time="0.977" /><testcase classname="backend.tests.test_new_features.TestPreferences" name="test_employee_preferences_crud" time="0.500" /><testcase classname="backend.tests.test_new_features.TestPreferences" name="test_non_employee_blocked" time="0.410" /><testcase classname="backend.tests.test_new_features.TestReviews" name="test_create_review_and_duplicate_blocked" time="1.718" /><testcase classname="backend.tests.test_new_features.TestReviews" name="test_review_on_pending_order_blocked" time="0.640" /><testcase classname="backend.tests.test_new_features.TestSubscriptions" name="test_create_and_fetch_subscription" time="0.674" /><testcase classname="backend.tests.test_new_features.TestSubscriptions" name="test_non_employee_blocked" time="0.380" /></testsuite></testsuites>