<?xml version="1.0" encoding="utf-8"?><testsuites name="pytest tests"><testsuite name="pytest" errors="0" failures="0" skipped="0" tests="14" time="3.089" timestamp="2026-06-06T08:04:21.231992+00:00" hostname="agent-env-3685d86f-20db-4981-a67a-03d7c1e6d149"><testcase classname="backend.tests.test_iter23_step1.TestAllowedDomains" name="test_list_requires_master" time="0.257" /><testcase classname="backend.tests.test_iter23_step1.TestAllowedDomains" name="test_master_can_list" time="0.431" /><testcase classname="backend.tests.test_iter23_step1.TestAllowedDomains" name="test_master_can_add_and_remove" time="0.304" /><testcase classname="backend.tests.test_iter23_step1.TestAllowedDomains" name="test_cannot_add_free_provider" time="0.101" /><testcase classname="backend.tests.test_iter23_step1.TestAllowedDomains" name="test_check_domain_blocks_free_provider" time="0.093" /><testcase classname="backend.tests.test_iter23_step1.TestAllowedDomains" name="test_register_blocks_gmail" time="0.105" /><testcase classname="backend.tests.test_iter23_step1.TestSiteLifecycle" name="test_create_site_default_draft" time="0.103" /><testcase classname="backend.tests.test_iter23_step1.TestSiteLifecycle" name="test_invalid_jump_draft_to_live" time="0.099" /><testcase classname="backend.tests.test_iter23_step1.TestSiteLifecycle" name="test_draft_to_configured" time="0.113" /><testcase classname="backend.tests.test_iter23_step1.TestSiteLifecycle" name="test_configured_to_live_returns_email_status" time="0.375" /><testcase classname="backend.tests.test_iter23_step1.TestSiteLifecycle" name="test_live_to_back_to_configured" time="0.103" /><testcase classname="backend.tests.test_iter23_step1.TestSiteLifecycle" name="test_invalid_target" time="0.099" /><testcase classname="backend.tests.test_iter23_step1.TestSiteLifecycle" name="test_non_master_blocked" time="0.435" /><testcase classname="backend.tests.test_iter23_step1.TestRegistrationGatedBySiteLifecycle" name="test_register_blocked_when_site_not_live" time="0.390" /></testsuite></testsuites>