<?xml version="1.0" encoding="utf-8"?><testsuites name="pytest tests"><testsuite name="pytest" errors="0" failures="0" skipped="0" tests="42" time="9.281" timestamp="2026-05-26T10:59:35.050197+00:00" hostname="agent-env-3685d86f-20db-4981-a67a-03d7c1e6d149"><testcase classname="backend.tests.test_master_admin_sites.TestAuth" name="test_login_all_roles_return_role_and_token" time="1.495" /><testcase classname="backend.tests.test_master_admin_sites.TestSitesCRUD" name="test_master_create_site" time="0.101" /><testcase classname="backend.tests.test_master_admin_sites.TestSitesCRUD" name="test_non_master_cannot_create_site" time="0.303" /><testcase classname="backend.tests.test_master_admin_sites.TestSitesCRUD" name="test_master_lists_all_sites_includes_new" time="0.100" /><testcase classname="backend.tests.test_master_admin_sites.TestSitesCRUD" name="test_site_admin_lists_only_own_site" time="0.104" /><testcase classname="backend.tests.test_master_admin_sites.TestSitesCRUD" name="test_vendor_lists_only_mapped_sites" time="0.104" /><testcase classname="backend.tests.test_master_admin_sites.TestSitesCRUD" name="test_get_site_master" time="0.100" /><testcase classname="backend.tests.test_master_admin_sites.TestSitesCRUD" name="test_get_site_vendor_unmapped_denied" time="0.100" /><testcase classname="backend.tests.test_master_admin_sites.TestSitesCRUD" name="test_patch_site_toggle_pre_order" time="0.218" /><testcase classname="backend.tests.test_master_admin_sites.TestSitesCRUD" name="test_patch_site_rejects_no_valid_fields" time="0.140" /><testcase classname="backend.tests.test_master_admin_sites.TestVendorSiteMapping" name="test_map_vendor_to_site" time="0.104" /><testcase classname="backend.tests.test_master_admin_sites.TestVendorSiteMapping" name="test_map_duplicate_returns_400" time="0.105" /><testcase classname="backend.tests.test_master_admin_sites.TestVendorSiteMapping" name="test_list_site_vendors" time="0.109" /><testcase classname="backend.tests.test_master_admin_sites.TestVendorSiteMapping" name="test_vendor_now_sees_mapped_site" time="0.094" /><testcase classname="backend.tests.test_master_admin_sites.TestVendorSiteMapping" name="test_unmap_vendor" time="0.238" /><testcase classname="backend.tests.test_master_admin_sites.TestMealSchedule" name="test_get_default_schedule" time="0.102" /><testcase classname="backend.tests.test_master_admin_sites.TestMealSchedule" name="test_update_schedule" time="0.206" /><testcase classname="backend.tests.test_master_admin_sites.TestSiteMenuAndExcel" name="test_upload_excel_inserts_items" time="0.121" /><testcase classname="backend.tests.test_master_admin_sites.TestSiteMenuAndExcel" name="test_upload_excel_missing_columns_rejected" time="0.111" /><testcase classname="backend.tests.test_master_admin_sites.TestSiteMenuAndExcel" name="test_get_site_menu_master" time="0.110" /><testcase classname="backend.tests.test_master_admin_sites.TestSiteMenuAndExcel" name="test_patch_menu_site_control" time="0.207" /><testcase classname="backend.tests.test_master_admin_sites.TestSiteMenuAndExcel" name="test_employee_site_admin_cannot_patch_other_site_menu" time="0.102" /><testcase classname="backend.tests.test_master_admin_sites.TestAdminManagement" name="test_create_site_admin" time="0.329" /><testcase classname="backend.tests.test_master_admin_sites.TestAdminManagement" name="test_create_super_admin" time="0.334" /><testcase classname="backend.tests.test_master_admin_sites.TestAdminManagement" name="test_create_master_admin_bad_email_rejected" time="0.137" /><testcase classname="backend.tests.test_master_admin_sites.TestAdminManagement" name="test_create_master_admin_valid" time="0.328" /><testcase classname="backend.tests.test_master_admin_sites.TestAdminManagement" name="test_non_master_cannot_list_admins" time="0.322" /><testcase classname="backend.tests.test_master_admin_sites.TestAdminManagement" name="test_master_list_admins_contains_created" time="0.109" /><testcase classname="backend.tests.test_master_admin_sites.TestAdminManagement" name="test_cannot_delete_seed_admin" time="0.216" /><testcase classname="backend.tests.test_master_admin_sites.TestAdminManagement" name="test_site_admin_cannot_delete_admin" time="0.097" /><testcase classname="backend.tests.test_master_admin_sites.TestAdminManagement" name="test_delete_created_admins_cleanup" time="0.378" /><testcase classname="backend.tests.test_master_admin_sites.TestReports" name="test_master_dashboard" time="0.107" /><testcase classname="backend.tests.test_master_admin_sites.TestReports" name="test_master_dashboard_forbidden_for_others" time="0.328" /><testcase classname="backend.tests.test_master_admin_sites.TestReports" name="test_site_report_master" time="0.115" /><testcase classname="backend.tests.test_master_admin_sites.TestReports" name="test_site_report_vendor_forbidden" time="0.099" /><testcase classname="backend.tests.test_master_admin_sites.TestEmployeeMySite" name="test_employee_my_site" time="0.115" /><testcase classname="backend.tests.test_master_admin_sites.TestEmployeeMySite" name="test_non_employee_forbidden" time="0.309" /><testcase classname="backend.tests.test_master_admin_sites.TestAuthZBoundary" name="test_employee_cannot_list_admins" time="0.105" /><testcase classname="backend.tests.test_master_admin_sites.TestAuthZBoundary" name="test_vendor_get_other_site_denied" time="0.206" /><testcase classname="backend.tests.test_master_admin_sites.TestRegression" name="test_get_menu_legacy" time="0.103" /><testcase classname="backend.tests.test_master_admin_sites.TestRegression" name="test_get_orders_legacy" time="0.123" /><testcase classname="backend.tests.test_master_admin_sites.TestZCleanup" name="test_delete_created_menu_items" time="0.741" /></testsuite></testsuites>