<?xml version="1.0" encoding="utf-8"?><testsuites name="pytest tests"><testsuite name="pytest" errors="6" failures="1" skipped="0" tests="33" time="10.155" timestamp="2026-08-19T06:49:55.993915+00:00" hostname="agent-env-3685d86f-20db-4981-a67a-03d7c1e6d149"><testcase classname="backend.tests.test_seed_admin_password" name="test_seed_admin_preserves_changed_password" time="1.129" /><testcase classname="backend.tests.test_seed_admin_password" name="test_seed_admin_restores_role_but_leaves_password" time="0.460" /><testcase classname="backend.tests.test_session_persistence.TestLoginTokenLifetimes" name="test_login_returns_access_and_refresh" time="0.382" /><testcase classname="backend.tests.test_session_persistence.TestLoginTokenLifetimes" name="test_access_token_is_15_minutes" time="0.000" /><testcase classname="backend.tests.test_session_persistence.TestLoginTokenLifetimes" name="test_refresh_token_is_365_days" time="0.000" /><testcase classname="backend.tests.test_session_persistence.TestAuthRefresh" name="test_refresh_returns_new_access_and_me_works" time="0.227" /><testcase classname="backend.tests.test_session_persistence.TestAuthRefresh" name="test_refresh_with_invalid_token_401" time="0.106" /><testcase classname="backend.tests.test_session_persistence.TestAuthRefresh" name="test_refresh_with_expired_token_401" time="0.105" /><testcase classname="backend.tests.test_session_persistence.TestAuthRefresh" name="test_refresh_with_access_token_type_rejected" time="0.149" /><testcase classname="backend.tests.test_session_persistence.TestDeactivateReactivate" name="test_scratch_user_can_login_before_deactivate" time="0.222"><error message="failed on setup with &quot;RuntimeError: There is no current event loop in thread 'MainThread'.&quot;">backend/tests/test_session_persistence.py:105: in scratch_employee
    user_id = asyncio.get_event_loop().run_until_complete(_insert())
              ^^^^^^^^^^^^^^^^^^^^^^^^
/usr/local/lib/python3.11/asyncio/events.py:681: in get_event_loop
    raise RuntimeError('There is no current event loop in thread %r.'
E   RuntimeError: There is no current event loop in thread 'MainThread'.</error></testcase><testcase classname="backend.tests.test_session_persistence.TestDeactivateReactivate" name="test_non_admin_cannot_deactivate" time="0.000"><error message="failed on setup with &quot;RuntimeError: There is no current event loop in thread 'MainThread'.&quot;">backend/tests/test_session_persistence.py:105: in scratch_employee
    user_id = asyncio.get_event_loop().run_until_complete(_insert())
              ^^^^^^^^^^^^^^^^^^^^^^^^
/usr/local/lib/python3.11/asyncio/events.py:681: in get_event_loop
    raise RuntimeError('There is no current event loop in thread %r.'
E   RuntimeError: There is no current event loop in thread 'MainThread'.</error></testcase><testcase classname="backend.tests.test_session_persistence.TestDeactivateReactivate" name="test_cannot_self_deactivate" time="0.098" /><testcase classname="backend.tests.test_session_persistence.TestDeactivateReactivate" name="test_cannot_deactivate_master_admin" time="0.000"><error message="failed on setup with &quot;RuntimeError: There is no current event loop in thread 'MainThread'.&quot;">backend/tests/test_session_persistence.py:105: in scratch_employee
    user_id = asyncio.get_event_loop().run_until_complete(_insert())
              ^^^^^^^^^^^^^^^^^^^^^^^^
/usr/local/lib/python3.11/asyncio/events.py:681: in get_event_loop
    raise RuntimeError('There is no current event loop in thread %r.'
E   RuntimeError: There is no current event loop in thread 'MainThread'.</error></testcase><testcase classname="backend.tests.test_session_persistence.TestDeactivateReactivate" name="test_deactivate_kills_session_and_reactivate_restores" time="0.000"><error message="failed on setup with &quot;RuntimeError: There is no current event loop in thread 'MainThread'.&quot;">backend/tests/test_session_persistence.py:105: in scratch_employee
    user_id = asyncio.get_event_loop().run_until_complete(_insert())
              ^^^^^^^^^^^^^^^^^^^^^^^^
/usr/local/lib/python3.11/asyncio/events.py:681: in get_event_loop
    raise RuntimeError('There is no current event loop in thread %r.'
E   RuntimeError: There is no current event loop in thread 'MainThread'.</error></testcase><testcase classname="backend.tests.test_session_persistence.TestAuditLog" name="test_audit_rows_on_deactivate_and_reactivate" time="0.000"><error message="failed on setup with &quot;RuntimeError: There is no current event loop in thread 'MainThread'.&quot;">backend/tests/test_session_persistence.py:105: in scratch_employee
    user_id = asyncio.get_event_loop().run_until_complete(_insert())
              ^^^^^^^^^^^^^^^^^^^^^^^^
/usr/local/lib/python3.11/asyncio/events.py:681: in get_event_loop
    raise RuntimeError('There is no current event loop in thread %r.'
E   RuntimeError: There is no current event loop in thread 'MainThread'.</error></testcase><testcase classname="backend.tests.test_session_persistence.TestOtpFlow" name="test_otp_verify_returns_365_day_refresh" time="0.000"><error message="failed on setup with &quot;RuntimeError: There is no current event loop in thread 'MainThread'.&quot;">backend/tests/test_session_persistence.py:105: in scratch_employee
    user_id = asyncio.get_event_loop().run_until_complete(_insert())
              ^^^^^^^^^^^^^^^^^^^^^^^^
/usr/local/lib/python3.11/asyncio/events.py:681: in get_event_loop
    raise RuntimeError('There is no current event loop in thread %r.'
E   RuntimeError: There is no current event loop in thread 'MainThread'.</error></testcase><testcase classname="backend.tests.test_session_persistence.TestOtpFlow" name="test_otp_request_endpoint_reachable" time="0.385" /><testcase classname="backend.tests.test_session_persistence.TestBackwardsCompat" name="test_admin_has_no_is_active_field_yet_still_active" time="0.000"><failure message="RuntimeError: There is no current event loop in thread 'MainThread'.">backend/tests/test_session_persistence.py:406: in test_admin_has_no_is_active_field_yet_still_active
    u = asyncio.get_event_loop().run_until_complete(_check())
        ^^^^^^^^^^^^^^^^^^^^^^^^
/usr/local/lib/python3.11/asyncio/events.py:681: in get_event_loop
    raise RuntimeError('There is no current event loop in thread %r.'
E   RuntimeError: There is no current event loop in thread 'MainThread'.</failure></testcase><testcase classname="backend.tests.test_onboarding_menu.TestAddMenuItem" name="test_add_item_ok" time="0.770" /><testcase classname="backend.tests.test_onboarding_menu.TestAddMenuItem" name="test_add_item_price_zero_rejected" time="0.112" /><testcase classname="backend.tests.test_onboarding_menu.TestAddMenuItem" name="test_add_item_negative_price_rejected" time="0.111" /><testcase classname="backend.tests.test_onboarding_menu.TestAddMenuItem" name="test_add_item_missing_name_rejected" time="0.110" /><testcase classname="backend.tests.test_onboarding_menu.TestAddMenuItem" name="test_add_item_unknown_meal_period_silently_filtered" time="0.112" /><testcase classname="backend.tests.test_onboarding_menu.TestPatchMenuItem" name="test_patch_updates_fields" time="0.217" /><testcase classname="backend.tests.test_onboarding_menu.TestPatchMenuItem" name="test_patch_zero_price_rejected" time="0.204" /><testcase classname="backend.tests.test_onboarding_menu.TestPatchMenuItem" name="test_patch_unknown_item_404" time="0.118" /><testcase classname="backend.tests.test_onboarding_menu.TestDeleteMenuItem" name="test_delete_ok_and_checklist_flip" time="0.383" /><testcase classname="backend.tests.test_onboarding_menu.TestDeleteMenuItem" name="test_delete_unknown_404" time="0.108" /><testcase classname="backend.tests.test_onboarding_menu.TestExcelUpload" name="test_upload_replaces_draft" time="0.227" /><testcase classname="backend.tests.test_onboarding_menu.TestExcelUpload" name="test_upload_rejects_bad_extension" time="0.108" /><testcase classname="backend.tests.test_onboarding_menu.TestExcelUpload" name="test_upload_missing_columns" time="0.116" /><testcase classname="backend.tests.test_onboarding_menu.TestStatusGuard" name="test_menu_add_rejected_when_rejected" time="0.455" /><testcase classname="backend.tests.test_onboarding_menu.TestMasterApprovalMaterialisation" name="test_menu_items_created_on_approval" time="1.028" /></testsuite></testsuites>