<?xml version="1.0" encoding="utf-8"?><testsuites name="pytest tests"><testsuite name="pytest" errors="0" failures="0" skipped="0" tests="28" time="21.851" timestamp="2026-05-25T14:20:57.849008+00:00" hostname="agent-env-3685d86f-20db-4981-a67a-03d7c1e6d149"><testcase classname="backend.tests.backend_test.TestAuth" name="test_login_all_roles" time="1.345" /><testcase classname="backend.tests.backend_test.TestAuth" name="test_login_invalid" time="0.145" /><testcase classname="backend.tests.backend_test.TestAuth" name="test_me_employee" time="0.410" /><testcase classname="backend.tests.backend_test.TestAuth" name="test_logout" time="0.378" /><testcase classname="backend.tests.backend_test.TestAuth" name="test_register_then_login" time="0.691" /><testcase classname="backend.tests.backend_test.TestVendorsMenu" name="test_vendors_public" time="0.099" /><testcase classname="backend.tests.backend_test.TestVendorsMenu" name="test_menu" time="0.223" /><testcase classname="backend.tests.backend_test.TestOrders" name="test_create_order_employee" time="0.675" /><testcase classname="backend.tests.backend_test.TestOrders" name="test_get_orders_vendor" time="0.411" /><testcase classname="backend.tests.backend_test.TestAnalytics" name="test_vendor_analytics" time="0.390" /><testcase classname="backend.tests.backend_test.TestAnalytics" name="test_corporate_analytics" time="0.390" /><testcase classname="backend.tests.backend_test.TestProtected" name="test_me_unauthenticated" time="0.124" /><testcase classname="backend.tests.backend_test.TestProtected" name="test_orders_unauthenticated" time="0.100" /><testcase classname="backend.tests.backend_test.TestAI" name="test_ai_recommendations" time="2.975" /><testcase classname="backend.tests.backend_test.TestPayments" name="test_checkout_session" time="1.123" /><testcase classname="backend.tests.test_new_features.TestBruteForce" name="test_brute_force_lockout" time="2.214" /><testcase classname="backend.tests.test_new_features.TestPriceValidation" name="test_client_price_ignored_uses_db_price" time="0.612" /><testcase classname="backend.tests.test_new_features.TestOrderStatusEnum" name="test_invalid_status_rejected" time="1.003" /><testcase classname="backend.tests.test_new_features.TestOrderStatusEnum" name="test_valid_status_accepted" time="0.993" /><testcase classname="backend.tests.test_new_features.TestPaymentScope" name="test_other_user_cannot_view_payment_status" time="1.438" /><testcase classname="backend.tests.test_new_features.TestQRPickup" name="test_valid_qr_marks_completed" time="1.110" /><testcase classname="backend.tests.test_new_features.TestQRPickup" name="test_invalid_qr_rejected" time="1.003" /><testcase classname="backend.tests.test_new_features.TestPreferences" name="test_employee_preferences_crud" time="0.510" /><testcase classname="backend.tests.test_new_features.TestPreferences" name="test_non_employee_blocked" time="0.398" /><testcase classname="backend.tests.test_new_features.TestReviews" name="test_create_review_and_duplicate_blocked" time="1.271" /><testcase classname="backend.tests.test_new_features.TestReviews" name="test_review_on_pending_order_blocked" time="0.681" /><testcase classname="backend.tests.test_new_features.TestSubscriptions" name="test_create_and_fetch_subscription" time="0.673" /><testcase classname="backend.tests.test_new_features.TestSubscriptions" name="test_non_employee_blocked" time="0.385" /></testsuite></testsuites>