<?xml version="1.0" encoding="utf-8"?><testsuites name="pytest tests"><testsuite name="pytest" errors="0" failures="0" skipped="0" tests="94" time="79.490" timestamp="2026-05-29T08:35:23.023828+00:00" hostname="agent-env-3685d86f-20db-4981-a67a-03d7c1e6d149"><testcase classname="backend.tests.test_iter6_vendor_upload_commission.TestAuthRegression" name="test_demo_logins[master_admin]" time="0.405" /><testcase classname="backend.tests.test_iter6_vendor_upload_commission.TestAuthRegression" name="test_demo_logins[corporate_admin]" time="0.324" /><testcase classname="backend.tests.test_iter6_vendor_upload_commission.TestAuthRegression" name="test_demo_logins[vendor]" time="0.325" /><testcase classname="backend.tests.test_iter6_vendor_upload_commission.TestAuthRegression" name="test_demo_logins[employee]" time="0.329" /><testcase classname="backend.tests.test_iter6_vendor_upload_commission.TestTodayEarnings" name="test_vendor_today_earnings" time="0.371" /><testcase classname="backend.tests.test_iter6_vendor_upload_commission.TestTodayEarnings" name="test_today_earnings_employee_403" time="0.363" /><testcase classname="backend.tests.test_iter6_vendor_upload_commission.TestTodayEarnings" name="test_today_earnings_master_403" time="0.376" /><testcase classname="backend.tests.test_iter6_vendor_upload_commission.TestSettlement" name="test_settlement_default" time="0.366" /><testcase classname="backend.tests.test_iter6_vendor_upload_commission.TestSettlement" name="test_settlement_days_cap_at_90" time="0.386" /><testcase classname="backend.tests.test_iter6_vendor_upload_commission.TestSettlement" name="test_settlement_days_min_1" time="0.374" /><testcase classname="backend.tests.test_iter6_vendor_upload_commission.TestSettlement" name="test_settlement_non_vendor_403" time="0.374" /><testcase classname="backend.tests.test_iter6_vendor_upload_commission.TestVendorSettings" name="test_get_settings" time="0.400" /><testcase classname="backend.tests.test_iter6_vendor_upload_commission.TestVendorSettings" name="test_patch_auto_confirm_true" time="0.447" /><testcase classname="backend.tests.test_iter6_vendor_upload_commission.TestVendorSettings" name="test_patch_low_stock_threshold" time="0.436" /><testcase classname="backend.tests.test_iter6_vendor_upload_commission.TestVendorSettings" name="test_patch_invalid_field_rejected" time="0.406" /><testcase classname="backend.tests.test_iter6_vendor_upload_commission.TestVendorSettings" name="test_settings_non_vendor_403" time="0.378" /><testcase classname="backend.tests.test_iter6_vendor_upload_commission.TestAutoConfirmE2E" name="test_order_auto_confirmed" time="1.278" /><testcase classname="backend.tests.test_iter6_vendor_upload_commission.TestAutoConfirmE2E" name="test_order_pending_when_disabled" time="0.977" /><testcase classname="backend.tests.test_iter6_vendor_upload_commission.TestMenuAvailabilityToggle" name="test_vendor_toggles_own_item" time="0.615" /><testcase classname="backend.tests.test_iter6_vendor_upload_commission.TestMenuAvailabilityToggle" name="test_employee_cannot_toggle" time="0.581" /><testcase classname="backend.tests.test_iter6_vendor_upload_commission.TestMenuAvailabilityToggle" name="test_non_owning_vendor_returns_404" time="3.010" /><testcase classname="backend.tests.test_iter6_vendor_upload_commission.TestUpload" name="test_vendor_uploads_png" time="1.127" /><testcase classname="backend.tests.test_iter6_vendor_upload_commission.TestUpload" name="test_employee_upload_403" time="0.371" /><testcase classname="backend.tests.test_iter6_vendor_upload_commission.TestUpload" name="test_non_image_400" time="0.379" /><testcase classname="backend.tests.test_iter6_vendor_upload_commission.TestUpload" name="test_oversize_400" time="0.596" /><testcase classname="backend.tests.test_iter6_vendor_upload_commission.TestUpload" name="test_serve_uploaded" time="0.104" /><testcase classname="backend.tests.test_iter6_vendor_upload_commission.TestUpload" name="test_serve_malicious_filename" time="0.093" /><testcase classname="backend.tests.test_iter6_vendor_upload_commission.TestUpload" name="test_serve_bad_pattern" time="0.104" /><testcase classname="backend.tests.test_iter6_vendor_upload_commission.TestCommissionEdit" name="test_master_sets_commission" time="16.250" /><testcase classname="backend.tests.test_iter6_vendor_upload_commission.TestCommissionEdit" name="test_commission_above_50_rejected" time="15.468" /><testcase classname="backend.tests.test_iter6_vendor_upload_commission.TestCommissionEdit" name="test_commission_non_master_403" time="0.789" /><testcase classname="backend.tests.test_iter6_vendor_upload_commission.TestCharts" name="test_master_charts" time="0.376" /><testcase classname="backend.tests.test_iter6_vendor_upload_commission.TestCharts" name="test_charts_employee_403" time="0.374" /><testcase classname="backend.tests.test_iter6_vendor_upload_commission.TestBulkCsv" name="test_csv_3_valid_1_invalid" time="1.054" /><testcase classname="backend.tests.test_iter6_vendor_upload_commission.TestBulkCsv" name="test_csv_employee_403" time="0.386" /><testcase classname="backend.tests.test_iter6_vendor_upload_commission.TestBulkCsv" name="test_csv_wrong_ext_400" time="3.273" /><testcase classname="backend.tests.test_iter6_vendor_upload_commission.TestRegression" name="test_sites_list_master" time="0.421" /><testcase classname="backend.tests.test_iter6_vendor_upload_commission.TestRegression" name="test_admin_admins" time="0.377" /><testcase classname="backend.tests.test_iter6_vendor_upload_commission.TestRegression" name="test_master_dashboard" time="0.384" /><testcase classname="backend.tests.test_iter6_vendor_upload_commission.TestRegression" name="test_loyalty_redeem_still_validates" time="0.390" /><testcase classname="backend.tests.test_iter7_cities_onboarding.TestCities" name="test_01_create_city_master" time="0.429" /><testcase classname="backend.tests.test_iter7_cities_onboarding.TestCities" name="test_02_create_city_forbidden_for_non_master" time="0.433" /><testcase classname="backend.tests.test_iter7_cities_onboarding.TestCities" name="test_03_list_cities_master_sees_all_with_counts" time="0.117" /><testcase classname="backend.tests.test_iter7_cities_onboarding.TestCities" name="test_04_list_cities_employee_sees_only_active" time="0.655" /><testcase classname="backend.tests.test_iter7_cities_onboarding.TestCities" name="test_05_get_city_single" time="0.104" /><testcase classname="backend.tests.test_iter7_cities_onboarding.TestCities" name="test_06_patch_city_master" time="0.531" /><testcase classname="backend.tests.test_iter7_cities_onboarding.TestCities" name="test_07_patch_city_forbidden_for_site_admin" time="0.102" /><testcase classname="backend.tests.test_iter7_cities_onboarding.TestCityAdmin" name="test_08_create_city_admin_master" time="0.338" /><testcase classname="backend.tests.test_iter7_cities_onboarding.TestCityAdmin" name="test_09_create_city_admin_email_collision" time="0.098" /><testcase classname="backend.tests.test_iter7_cities_onboarding.TestCityAdmin" name="test_10_create_city_admin_invalid_city" time="0.100" /><testcase classname="backend.tests.test_iter7_cities_onboarding.TestCityAdmin" name="test_11_create_city_admin_forbidden_for_non_master" time="0.116" /><testcase classname="backend.tests.test_iter7_cities_onboarding.TestCityAdmin" name="test_12_city_admin_login_and_me" time="0.441" /><testcase classname="backend.tests.test_iter7_cities_onboarding.TestCityAdmin" name="test_13_get_city_forbidden_for_other_city_admin" time="0.206" /><testcase classname="backend.tests.test_iter7_cities_onboarding.TestOnboarding" name="test_14_site_admin_creates_onboarding" time="0.226" /><testcase classname="backend.tests.test_iter7_cities_onboarding.TestOnboarding" name="test_15_site_admin_other_site_forbidden" time="0.145" /><testcase classname="backend.tests.test_iter7_cities_onboarding.TestOnboarding" name="test_16_employee_cannot_onboard" time="0.103" /><testcase classname="backend.tests.test_iter7_cities_onboarding.TestOnboarding" name="test_17_master_can_onboard" time="1.131" /><testcase classname="backend.tests.test_iter7_cities_onboarding.TestOnboarding" name="test_18_list_site_admin_sees_only_own" time="0.112" /><testcase classname="backend.tests.test_iter7_cities_onboarding.TestOnboarding" name="test_19_list_filter_by_status" time="0.095" /><testcase classname="backend.tests.test_iter7_cities_onboarding.TestOnboarding" name="test_20_get_detail" time="0.107" /><testcase classname="backend.tests.test_iter7_cities_onboarding.TestOnboarding" name="test_21_patch_basic_info" time="0.206" /><testcase classname="backend.tests.test_iter7_cities_onboarding.TestOnboarding" name="test_22_checklist_pct_recalc" time="0.113" /><testcase classname="backend.tests.test_iter7_cities_onboarding.TestOnboarding" name="test_23_upload_doc_flips_status" time="0.231" /><testcase classname="backend.tests.test_iter7_cities_onboarding.TestOnboarding" name="test_24_upload_invalid_doc_type" time="0.103" /><testcase classname="backend.tests.test_iter7_cities_onboarding.TestOnboarding" name="test_25_upload_invalid_extension" time="0.112" /><testcase classname="backend.tests.test_iter7_cities_onboarding.TestOnboarding" name="test_26_delete_doc" time="0.352" /><testcase classname="backend.tests.test_iter7_cities_onboarding.TestOnboarding" name="test_27_site_review_approve_below_80_fails" time="0.103" /><testcase classname="backend.tests.test_iter7_cities_onboarding.TestOnboarding" name="test_28_site_review_request_changes" time="0.139" /><testcase classname="backend.tests.test_iter7_cities_onboarding.TestOnboarding" name="test_29_site_review_reject" time="0.207" /><testcase classname="backend.tests.test_iter7_cities_onboarding.TestOnboarding" name="test_30_master_decision_wrong_status" time="0.102" /><testcase classname="backend.tests.test_iter7_cities_onboarding.TestOnboarding" name="test_31_full_happy_path_e2e" time="0.505" /><testcase classname="backend.tests.test_iter7_cities_onboarding.TestOnboarding" name="test_32_vendor_mapped_to_site" time="0.106" /><testcase classname="backend.tests.test_iter7_cities_onboarding.TestOnboarding" name="test_33_audit_trail_contains_actions" time="0.111" /><testcase classname="backend.tests.test_iter7_cities_onboarding.TestOnboarding" name="test_34_dashboard_stats" time="0.115" /><testcase classname="backend.tests.test_iter7_cities_onboarding.TestOnboarding" name="test_35_cannot_edit_after_active" time="0.098" /><testcase classname="backend.tests.test_iter7_cities_onboarding.TestCityAdminOnboarding" name="test_36_city_admin_outside_city_forbidden" time="0.104" /><testcase classname="backend.tests.test_cancel_refund_loyalty.TestCancelOrder" name="test_cancel_happy_path" time="0.996" /><testcase classname="backend.tests.test_cancel_refund_loyalty.TestCancelOrder" name="test_cancel_window_expired_400" time="0.639" /><testcase classname="backend.tests.test_cancel_refund_loyalty.TestCancelOrder" name="test_cancel_after_vendor_confirmed_400" time="0.979" /><testcase classname="backend.tests.test_cancel_refund_loyalty.TestCancelOrder" name="test_cancel_by_other_employee_403" time="2.072" /><testcase classname="backend.tests.test_cancel_refund_loyalty.TestCancelOrder" name="test_cancel_as_vendor_role_403" time="1.033" /><testcase classname="backend.tests.test_cancel_refund_loyalty.TestCancelOrder" name="test_cancel_already_cancelled_400" time="0.713" /><testcase classname="backend.tests.test_cancel_refund_loyalty.TestCancelOrder" name="test_cancel_paid_order_returns_refunded_mock" time="0.623" /><testcase classname="backend.tests.test_cancel_refund_loyalty.TestRefund" name="test_vendor_refund_paid_order_200" time="1.143" /><testcase classname="backend.tests.test_cancel_refund_loyalty.TestRefund" name="test_refund_unpaid_order_400" time="1.031" /><testcase classname="backend.tests.test_cancel_refund_loyalty.TestRefund" name="test_refund_other_vendor_order_403" time="0.381" /><testcase classname="backend.tests.test_cancel_refund_loyalty.TestRefund" name="test_refund_as_employee_403" time="0.686" /><testcase classname="backend.tests.test_cancel_refund_loyalty.TestRefund" name="test_master_admin_refund_200" time="1.154" /><testcase classname="backend.tests.test_cancel_refund_loyalty.TestRefund" name="test_double_refund_400" time="1.191" /><testcase classname="backend.tests.test_cancel_refund_loyalty.TestLoyaltyRedeem" name="test_employee_has_enough_points" time="0.369" /><testcase classname="backend.tests.test_cancel_refund_loyalty.TestLoyaltyRedeem" name="test_redeem_on_pending_unpaid_order_reduces_total" time="0.690" /><testcase classname="backend.tests.test_cancel_refund_loyalty.TestLoyaltyRedeem" name="test_redeem_on_paid_order_400" time="0.656" /><testcase classname="backend.tests.test_cancel_refund_loyalty.TestLoyaltyRedeem" name="test_redeem_more_than_available_points_400" time="0.659" /><testcase classname="backend.tests.test_cancel_refund_loyalty.TestLoyaltyRedeem" name="test_redeem_less_than_min_100_returns_400" time="1.130" /></testsuite></testsuites>