<?xml version="1.0" encoding="utf-8"?><testsuites name="pytest tests"><testsuite name="pytest" errors="0" failures="0" skipped="1" tests="9" time="30.326" timestamp="2026-08-19T07:00:04.640128+00:00" hostname="agent-env-3685d86f-20db-4981-a67a-03d7c1e6d149"><testcase classname="backend.tests.test_ai_photos_and_agreement.TestAgreementDocType" name="test_fresh_onboarding_has_empty_documents" time="0.836" /><testcase classname="backend.tests.test_ai_photos_and_agreement.TestAgreementDocType" name="test_agreement_upload_roundtrip" time="0.539" /><testcase classname="backend.tests.test_ai_photos_and_agreement.TestAgreementDocType" name="test_invalid_doc_type_lists_agreement" time="0.059" /><testcase classname="backend.tests.test_ai_photos_and_agreement.TestAiMenuPhotosPlumbing" name="test_apply_rejects_path_traversal" time="0.229" /><testcase classname="backend.tests.test_ai_photos_and_agreement.TestAiMenuPhotosPlumbing" name="test_apply_rejects_wrong_prefix" time="0.056" /><testcase classname="backend.tests.test_ai_photos_and_agreement.TestAiMenuPhotosPlumbing" name="test_suggest_non_admin_forbidden" time="0.113"><skipped type="pytest.skip" message="cannot create low-privilege user in this env">/app/backend/tests/test_ai_photos_and_agreement.py:197: cannot create low-privilege user in this env</skipped></testcase><testcase classname="backend.tests.test_ai_photos_and_agreement.TestAiMenuPhotosPlumbing" name="test_bulk_fill_dry_run" time="0.060" /><testcase classname="backend.tests.test_ai_photos_and_agreement.TestAiMenuPhotosLive" name="test_suggest_and_download" time="16.135" /><testcase classname="backend.tests.test_ai_photos_and_agreement.TestAiMenuPhotosLive" name="test_bulk_fill_live_one_item" time="12.213" /></testsuite></testsuites>