<?xml version="1.0" encoding="utf-8"?><testsuites name="pytest tests"><testsuite name="pytest" errors="0" failures="0" skipped="0" tests="40" time="21.760" timestamp="2026-05-29T06:55:38.317758+00:00" hostname="agent-env-3685d86f-20db-4981-a67a-03d7c1e6d149"><testcase classname="backend.tests.test_iter6_vendor_upload_commission.TestAuthRegression" name="test_demo_logins[master_admin]" time="0.495" /><testcase classname="backend.tests.test_iter6_vendor_upload_commission.TestAuthRegression" name="test_demo_logins[corporate_admin]" time="0.323" /><testcase classname="backend.tests.test_iter6_vendor_upload_commission.TestAuthRegression" name="test_demo_logins[vendor]" time="0.340" /><testcase classname="backend.tests.test_iter6_vendor_upload_commission.TestAuthRegression" name="test_demo_logins[employee]" time="0.319" /><testcase classname="backend.tests.test_iter6_vendor_upload_commission.TestTodayEarnings" name="test_vendor_today_earnings" time="0.364" /><testcase classname="backend.tests.test_iter6_vendor_upload_commission.TestTodayEarnings" name="test_today_earnings_employee_403" time="0.372" /><testcase classname="backend.tests.test_iter6_vendor_upload_commission.TestTodayEarnings" name="test_today_earnings_master_403" time="0.381" /><testcase classname="backend.tests.test_iter6_vendor_upload_commission.TestSettlement" name="test_settlement_default" time="0.390" /><testcase classname="backend.tests.test_iter6_vendor_upload_commission.TestSettlement" name="test_settlement_days_cap_at_90" time="0.369" /><testcase classname="backend.tests.test_iter6_vendor_upload_commission.TestSettlement" name="test_settlement_days_min_1" time="0.374" /><testcase classname="backend.tests.test_iter6_vendor_upload_commission.TestSettlement" name="test_settlement_non_vendor_403" time="0.380" /><testcase classname="backend.tests.test_iter6_vendor_upload_commission.TestVendorSettings" name="test_get_settings" time="0.367" /><testcase classname="backend.tests.test_iter6_vendor_upload_commission.TestVendorSettings" name="test_patch_auto_confirm_true" time="0.438" /><testcase classname="backend.tests.test_iter6_vendor_upload_commission.TestVendorSettings" name="test_patch_low_stock_threshold" time="0.417" /><testcase classname="backend.tests.test_iter6_vendor_upload_commission.TestVendorSettings" name="test_patch_invalid_field_rejected" time="0.399" /><testcase classname="backend.tests.test_iter6_vendor_upload_commission.TestVendorSettings" name="test_settings_non_vendor_403" time="0.390" /><testcase classname="backend.tests.test_iter6_vendor_upload_commission.TestAutoConfirmE2E" name="test_order_auto_confirmed" time="1.088" /><testcase classname="backend.tests.test_iter6_vendor_upload_commission.TestAutoConfirmE2E" name="test_order_pending_when_disabled" time="0.986" /><testcase classname="backend.tests.test_iter6_vendor_upload_commission.TestMenuAvailabilityToggle" name="test_vendor_toggles_own_item" time="0.639" /><testcase classname="backend.tests.test_iter6_vendor_upload_commission.TestMenuAvailabilityToggle" name="test_employee_cannot_toggle" time="0.983" /><testcase classname="backend.tests.test_iter6_vendor_upload_commission.TestMenuAvailabilityToggle" name="test_non_owning_vendor_returns_404" time="0.395" /><testcase classname="backend.tests.test_iter6_vendor_upload_commission.TestUpload" name="test_vendor_uploads_png" time="0.414" /><testcase classname="backend.tests.test_iter6_vendor_upload_commission.TestUpload" name="test_employee_upload_403" time="0.393" /><testcase classname="backend.tests.test_iter6_vendor_upload_commission.TestUpload" name="test_non_image_400" time="0.363" /><testcase classname="backend.tests.test_iter6_vendor_upload_commission.TestUpload" name="test_oversize_400" time="0.583" /><testcase classname="backend.tests.test_iter6_vendor_upload_commission.TestUpload" name="test_serve_uploaded" time="0.102" /><testcase classname="backend.tests.test_iter6_vendor_upload_commission.TestUpload" name="test_serve_malicious_filename" time="0.114" /><testcase classname="backend.tests.test_iter6_vendor_upload_commission.TestUpload" name="test_serve_bad_pattern" time="0.097" /><testcase classname="backend.tests.test_iter6_vendor_upload_commission.TestCommissionEdit" name="test_master_sets_commission" time="3.915" /><testcase classname="backend.tests.test_iter6_vendor_upload_commission.TestCommissionEdit" name="test_commission_above_50_rejected" time="0.371" /><testcase classname="backend.tests.test_iter6_vendor_upload_commission.TestCommissionEdit" name="test_commission_non_master_403" time="0.767" /><testcase classname="backend.tests.test_iter6_vendor_upload_commission.TestCharts" name="test_master_charts" time="0.403" /><testcase classname="backend.tests.test_iter6_vendor_upload_commission.TestCharts" name="test_charts_employee_403" time="0.394" /><testcase classname="backend.tests.test_iter6_vendor_upload_commission.TestBulkCsv" name="test_csv_3_valid_1_invalid" time="1.134" /><testcase classname="backend.tests.test_iter6_vendor_upload_commission.TestBulkCsv" name="test_csv_employee_403" time="0.393" /><testcase classname="backend.tests.test_iter6_vendor_upload_commission.TestBulkCsv" name="test_csv_wrong_ext_400" time="0.399" /><testcase classname="backend.tests.test_iter6_vendor_upload_commission.TestRegression" name="test_sites_list_master" time="0.408" /><testcase classname="backend.tests.test_iter6_vendor_upload_commission.TestRegression" name="test_admin_admins" time="0.384" /><testcase classname="backend.tests.test_iter6_vendor_upload_commission.TestRegression" name="test_master_dashboard" time="0.425" /><testcase classname="backend.tests.test_iter6_vendor_upload_commission.TestRegression" name="test_loyalty_redeem_still_validates" time="0.377" /></testsuite></testsuites>