<?xml version="1.0" encoding="utf-8"?><testsuites name="pytest tests"><testsuite name="pytest" errors="0" failures="0" skipped="0" tests="15" time="10.257" timestamp="2026-05-25T14:03:51.456894+00:00" hostname="agent-env-3685d86f-20db-4981-a67a-03d7c1e6d149"><testcase classname="backend.tests.backend_test.TestAuth" name="test_login_all_roles" time="1.497" /><testcase classname="backend.tests.backend_test.TestAuth" name="test_login_invalid" time="0.109" /><testcase classname="backend.tests.backend_test.TestAuth" name="test_me_employee" time="0.418" /><testcase classname="backend.tests.backend_test.TestAuth" name="test_logout" time="0.383" /><testcase classname="backend.tests.backend_test.TestAuth" name="test_register_then_login" time="0.658" /><testcase classname="backend.tests.backend_test.TestVendorsMenu" name="test_vendors_public" time="0.120" /><testcase classname="backend.tests.backend_test.TestVendorsMenu" name="test_menu" time="0.241" /><testcase classname="backend.tests.backend_test.TestOrders" name="test_create_order_employee" time="0.702" /><testcase classname="backend.tests.backend_test.TestOrders" name="test_get_orders_vendor" time="0.411" /><testcase classname="backend.tests.backend_test.TestAnalytics" name="test_vendor_analytics" time="0.412" /><testcase classname="backend.tests.backend_test.TestAnalytics" name="test_corporate_analytics" time="0.420" /><testcase classname="backend.tests.backend_test.TestProtected" name="test_me_unauthenticated" time="0.124" /><testcase classname="backend.tests.backend_test.TestProtected" name="test_orders_unauthenticated" time="0.117" /><testcase classname="backend.tests.backend_test.TestAI" name="test_ai_recommendations" time="3.300" /><testcase classname="backend.tests.backend_test.TestPayments" name="test_checkout_session" time="1.280" /></testsuite></testsuites>