<?xml version="1.0" encoding="utf-8"?><testsuites name="pytest tests"><testsuite name="pytest" errors="0" failures="0" skipped="0" tests="29" time="5.977" timestamp="2026-06-06T09:54:38.754360+00:00" hostname="agent-env-3685d86f-20db-4981-a67a-03d7c1e6d149"><testcase classname="backend.tests.test_iter24_step2_to_5.TestMealTypes" name="test_availability_returns_meal_types" time="0.584" /><testcase classname="backend.tests.test_iter24_step2_to_5.TestMealTypes" name="test_reservation_requires_meal_type" time="0.231" /><testcase classname="backend.tests.test_iter24_step2_to_5.TestMealTypes" name="test_invalid_meal_type_rejected" time="0.207" /><testcase classname="backend.tests.test_iter24_step2_to_5.TestBulkWindow" name="test_bulk_window_status_open_or_closed" time="0.442" /><testcase classname="backend.tests.test_iter24_step2_to_5.TestBulkWindow" name="test_bulk_endpoint_not_corp_admin_blocked" time="0.528" /><testcase classname="backend.tests.test_iter24_step2_to_5.TestBulkWindow" name="test_bulk_outside_window_returns_400" time="0.310" /><testcase classname="backend.tests.test_iter24_step2_to_5.TestBulkWindow" name="test_bulk_count_validation" time="0.300" /><testcase classname="backend.tests.test_iter24_step2_to_5.TestExports" name="test_csv_export[reservations]" time="0.105" /><testcase classname="backend.tests.test_iter24_step2_to_5.TestExports" name="test_csv_export[orders]" time="0.113" /><testcase classname="backend.tests.test_iter24_step2_to_5.TestExports" name="test_csv_export[meal-summary]" time="0.101" /><testcase classname="backend.tests.test_iter24_step2_to_5.TestExports" name="test_xlsx_export[reservations]" time="0.102" /><testcase classname="backend.tests.test_iter24_step2_to_5.TestExports" name="test_xlsx_export[orders]" time="0.142" /><testcase classname="backend.tests.test_iter24_step2_to_5.TestExports" name="test_xlsx_export[meal-summary]" time="0.108" /><testcase classname="backend.tests.test_iter24_step2_to_5.TestExports" name="test_pdf_export[reservations]" time="0.110" /><testcase classname="backend.tests.test_iter24_step2_to_5.TestExports" name="test_pdf_export[orders]" time="0.179" /><testcase classname="backend.tests.test_iter24_step2_to_5.TestExports" name="test_pdf_export[meal-summary]" time="0.109" /><testcase classname="backend.tests.test_iter24_step2_to_5.TestExports" name="test_invalid_format_400" time="0.102" /><testcase classname="backend.tests.test_iter24_step2_to_5.TestCorporateClientLifecycle" name="test_list_master_only" time="0.204" /><testcase classname="backend.tests.test_iter24_step2_to_5.TestCorporateClientLifecycle" name="test_create_default_draft" time="0.102" /><testcase classname="backend.tests.test_iter24_step2_to_5.TestCorporateClientLifecycle" name="test_invalid_jump_to_active" time="0.108" /><testcase classname="backend.tests.test_iter24_step2_to_5.TestCorporateClientLifecycle" name="test_draft_review_approved_active" time="0.347" /><testcase classname="backend.tests.test_iter24_step2_to_5.TestCorporateClientLifecycle" name="test_invalid_transition_active_to_review" time="0.112" /><testcase classname="backend.tests.test_iter24_step2_to_5.TestCorporateClientLifecycle" name="test_delete" time="0.096" /><testcase classname="backend.tests.test_iter24_step2_to_5.TestBillingEngine" name="test_manual_run_invalid_month" time="0.116" /><testcase classname="backend.tests.test_iter24_step2_to_5.TestBillingEngine" name="test_manual_run_returns_summary" time="0.405" /><testcase classname="backend.tests.test_iter24_step2_to_5.TestBillingEngine" name="test_list_invoices" time="0.119" /><testcase classname="backend.tests.test_iter24_step2_to_5.TestBillingEngine" name="test_emp_cannot_list" time="0.103" /><testcase classname="backend.tests.test_iter24_step2_to_5.TestBillingEngine" name="test_download_invoice" time="0.318" /><testcase classname="backend.tests.test_iter24_step2_to_5.TestBillingEngine" name="test_corp_admin_sees_only_their_invoices" time="0.097" /></testsuite></testsuites>