<?xml version="1.0" encoding="utf-8"?><testsuites name="pytest tests"><testsuite name="pytest" errors="0" failures="0" skipped="0" tests="5" time="1.519" timestamp="2026-08-19T07:11:14.879731+00:00" hostname="agent-env-3685d86f-20db-4981-a67a-03d7c1e6d149"><testcase classname="backend.tests.test_ai_photo_spend" name="test_schema_and_math" time="0.460" /><testcase classname="backend.tests.test_ai_photo_spend" name="test_unauth_returns_401" time="0.108" /><testcase classname="backend.tests.test_ai_photo_spend" name="test_non_master_returns_403" time="0.629" /><testcase classname="backend.tests.test_ai_photo_spend" name="test_aggregation_handles_both_shapes" time="0.119" /><testcase classname="backend.tests.test_ai_photo_spend" name="test_empty_collection_returns_zeros" time="0.060" /></testsuite></testsuites>