<?xml version="1.0" encoding="utf-8"?><testsuites name="pytest tests"><testsuite name="pytest" errors="0" failures="1" skipped="0" tests="36" time="7.198" timestamp="2026-05-29T07:54:47.689145+00:00" hostname="agent-env-3685d86f-20db-4981-a67a-03d7c1e6d149"><testcase classname="backend.tests.test_iter7_cities_onboarding.TestCities" name="test_01_create_city_master" time="0.702" /><testcase classname="backend.tests.test_iter7_cities_onboarding.TestCities" name="test_02_create_city_forbidden_for_non_master" time="0.444" /><testcase classname="backend.tests.test_iter7_cities_onboarding.TestCities" name="test_03_list_cities_master_sees_all_with_counts" time="0.137" /><testcase classname="backend.tests.test_iter7_cities_onboarding.TestCities" name="test_04_list_cities_employee_sees_only_active" time="0.466" /><testcase classname="backend.tests.test_iter7_cities_onboarding.TestCities" name="test_05_get_city_single" time="0.103" /><testcase classname="backend.tests.test_iter7_cities_onboarding.TestCities" name="test_06_patch_city_master" time="0.200" /><testcase classname="backend.tests.test_iter7_cities_onboarding.TestCities" name="test_07_patch_city_forbidden_for_site_admin" time="0.093" /><testcase classname="backend.tests.test_iter7_cities_onboarding.TestCityAdmin" name="test_08_create_city_admin_master" time="0.323" /><testcase classname="backend.tests.test_iter7_cities_onboarding.TestCityAdmin" name="test_09_create_city_admin_email_collision" time="0.160" /><testcase classname="backend.tests.test_iter7_cities_onboarding.TestCityAdmin" name="test_10_create_city_admin_invalid_city" time="0.099" /><testcase classname="backend.tests.test_iter7_cities_onboarding.TestCityAdmin" name="test_11_create_city_admin_forbidden_for_non_master" time="0.133" /><testcase classname="backend.tests.test_iter7_cities_onboarding.TestCityAdmin" name="test_12_city_admin_login_and_me" time="0.427" /><testcase classname="backend.tests.test_iter7_cities_onboarding.TestCityAdmin" name="test_13_get_city_forbidden_for_other_city_admin" time="0.199" /><testcase classname="backend.tests.test_iter7_cities_onboarding.TestOnboarding" name="test_14_site_admin_creates_onboarding" time="0.216" /><testcase classname="backend.tests.test_iter7_cities_onboarding.TestOnboarding" name="test_15_site_admin_other_site_forbidden" time="0.097" /><testcase classname="backend.tests.test_iter7_cities_onboarding.TestOnboarding" name="test_16_employee_cannot_onboard" time="0.101" /><testcase classname="backend.tests.test_iter7_cities_onboarding.TestOnboarding" name="test_17_master_can_onboard" time="0.101" /><testcase classname="backend.tests.test_iter7_cities_onboarding.TestOnboarding" name="test_18_list_site_admin_sees_only_own" time="0.099" /><testcase classname="backend.tests.test_iter7_cities_onboarding.TestOnboarding" name="test_19_list_filter_by_status" time="0.099" /><testcase classname="backend.tests.test_iter7_cities_onboarding.TestOnboarding" name="test_20_get_detail" time="0.094" /><testcase classname="backend.tests.test_iter7_cities_onboarding.TestOnboarding" name="test_21_patch_basic_info" time="0.193" /><testcase classname="backend.tests.test_iter7_cities_onboarding.TestOnboarding" name="test_22_checklist_pct_recalc" time="0.097" /><testcase classname="backend.tests.test_iter7_cities_onboarding.TestOnboarding" name="test_23_upload_doc_flips_status" time="0.206" /><testcase classname="backend.tests.test_iter7_cities_onboarding.TestOnboarding" name="test_24_upload_invalid_doc_type" time="0.100" /><testcase classname="backend.tests.test_iter7_cities_onboarding.TestOnboarding" name="test_25_upload_invalid_extension" time="0.108" /><testcase classname="backend.tests.test_iter7_cities_onboarding.TestOnboarding" name="test_26_delete_doc" time="0.336" /><testcase classname="backend.tests.test_iter7_cities_onboarding.TestOnboarding" name="test_27_site_review_approve_below_80_fails" time="0.102" /><testcase classname="backend.tests.test_iter7_cities_onboarding.TestOnboarding" name="test_28_site_review_request_changes" time="0.114" /><testcase classname="backend.tests.test_iter7_cities_onboarding.TestOnboarding" name="test_29_site_review_reject" time="0.195" /><testcase classname="backend.tests.test_iter7_cities_onboarding.TestOnboarding" name="test_30_master_decision_wrong_status" time="0.135" /><testcase classname="backend.tests.test_iter7_cities_onboarding.TestOnboarding" name="test_31_full_happy_path_e2e" time="0.594" /><testcase classname="backend.tests.test_iter7_cities_onboarding.TestOnboarding" name="test_32_vendor_mapped_to_site" time="0.101"><failure message="AssertionError: BUG: vendor 6a19464eeeedf83f5a5e37dd not found in /api/sites/6a15669cf32d91469f80c6a3/vendors. Got ids=['6a1453884b08d749d396b68a']. Likely the master-decision endpoint writes to the wrong collection (site_vendor_mappings) while the listing reads from vendor_site_mappings.&#10;assert '6a19464eeeedf83f5a5e37dd' in ['6a1453884b08d749d396b68a']">backend/tests/test_iter7_cities_onboarding.py:410: in test_32_vendor_mapped_to_site
    assert vid in ids, (
E   AssertionError: BUG: vendor 6a19464eeeedf83f5a5e37dd not found in /api/sites/6a15669cf32d91469f80c6a3/vendors. Got ids=['6a1453884b08d749d396b68a']. Likely the master-decision endpoint writes to the wrong collection (site_vendor_mappings) while the listing reads from vendor_site_mappings.
E   assert '6a19464eeeedf83f5a5e37dd' in ['6a1453884b08d749d396b68a']</failure></testcase><testcase classname="backend.tests.test_iter7_cities_onboarding.TestOnboarding" name="test_33_audit_trail_contains_actions" time="0.109" /><testcase classname="backend.tests.test_iter7_cities_onboarding.TestOnboarding" name="test_34_dashboard_stats" time="0.109" /><testcase classname="backend.tests.test_iter7_cities_onboarding.TestOnboarding" name="test_35_cannot_edit_after_active" time="0.098" /><testcase classname="backend.tests.test_iter7_cities_onboarding.TestCityAdminOnboarding" name="test_36_city_admin_outside_city_forbidden" time="0.169" /></testsuite></testsuites>