<?xml version="1.0" encoding="utf-8"?><testsuites name="pytest tests"><testsuite name="pytest" errors="0" failures="0" skipped="0" tests="20" time="35.954" timestamp="2026-08-19T07:01:11.764623+00:00" hostname="agent-env-3685d86f-20db-4981-a67a-03d7c1e6d149"><testcase classname="backend.tests.test_storage_upload.TestHealthAndStartup" name="test_health_ok" time="0.205" /><testcase classname="backend.tests.test_storage_upload.TestObjectStorageUpload" name="test_pdf_upload_returns_encoded_url" time="0.846" /><testcase classname="backend.tests.test_storage_upload.TestObjectStorageUpload" name="test_pdf_download_bytes_roundtrip" time="0.226" /><testcase classname="backend.tests.test_storage_upload.TestObjectStorageUpload" name="test_persistence_across_backend_restart" time="4.500" /><testcase classname="backend.tests.test_storage_upload.TestObjectStorageUpload" name="test_png_upload_and_download" time="1.685" /><testcase classname="backend.tests.test_storage_upload.TestValidation" name="test_too_large_rejected" time="0.534" /><testcase classname="backend.tests.test_storage_upload.TestValidation" name="test_bad_extension_rejected" time="0.063" /><testcase classname="backend.tests.test_storage_upload.TestValidation" name="test_invalid_s_token_returns_404" time="0.112" /><testcase classname="backend.tests.test_storage_upload.TestValidation" name="test_legacy_filename_missing_returns_friendly_404" time="0.122" /><testcase classname="backend.tests.test_storage_upload.TestDeleteSoftDelete" name="test_delete_removes_db_entry_only" time="0.568" /><testcase classname="backend.tests.test_storage_upload.TestAccessControl" name="test_unauthenticated_upload_denied" time="0.365" /><testcase classname="backend.tests.test_ai_photos_and_agreement.TestAgreementDocType" name="test_fresh_onboarding_has_empty_documents" time="0.679" /><testcase classname="backend.tests.test_ai_photos_and_agreement.TestAgreementDocType" name="test_agreement_upload_roundtrip" time="0.609" /><testcase classname="backend.tests.test_ai_photos_and_agreement.TestAgreementDocType" name="test_invalid_doc_type_lists_agreement" time="0.066" /><testcase classname="backend.tests.test_ai_photos_and_agreement.TestAiMenuPhotosPlumbing" name="test_apply_rejects_path_traversal" time="0.260" /><testcase classname="backend.tests.test_ai_photos_and_agreement.TestAiMenuPhotosPlumbing" name="test_apply_rejects_wrong_prefix" time="0.066" /><testcase classname="backend.tests.test_ai_photos_and_agreement.TestAiMenuPhotosPlumbing" name="test_suggest_non_admin_forbidden" time="0.225" /><testcase classname="backend.tests.test_ai_photos_and_agreement.TestAiMenuPhotosPlumbing" name="test_bulk_fill_dry_run" time="0.068" /><testcase classname="backend.tests.test_ai_photos_and_agreement.TestAiMenuPhotosLive" name="test_suggest_and_download" time="11.987" /><testcase classname="backend.tests.test_ai_photos_and_agreement.TestAiMenuPhotosLive" name="test_bulk_fill_live_one_item" time="12.670" /></testsuite></testsuites>