<?xml version="1.0" encoding="utf-8"?><testsuites name="pytest tests"><testsuite name="pytest" errors="0" failures="0" skipped="0" tests="13" time="1.660" timestamp="2026-09-08T05:59:45.691087+00:00" hostname="agent-env-30610e2e-68f4-4212-819a-acd4a48fa9cc"><testcase classname="backend.tests.test_sales_report_cascade.TestFiltersEndpoint" name="test_filters_shape" time="0.536" /><testcase classname="backend.tests.test_sales_report_cascade.TestFiltersEndpoint" name="test_demo_hierarchy_present" time="0.000" /><testcase classname="backend.tests.test_sales_report_cascade.TestFiltersEndpoint" name="test_sites_tagged_with_company_and_city" time="0.000" /><testcase classname="backend.tests.test_sales_report_cascade.TestFiltersEndpoint" name="test_vendors_have_site_ids" time="0.000" /><testcase classname="backend.tests.test_sales_report_cascade.TestSalesTotals" name="test_month_all_data" time="0.072" /><testcase classname="backend.tests.test_sales_report_cascade.TestSalesTotals" name="test_filter_by_client_acme" time="0.075" /><testcase classname="backend.tests.test_sales_report_cascade.TestSalesTotals" name="test_filter_by_city_bengaluru" time="0.073" /><testcase classname="backend.tests.test_sales_report_cascade.TestSalesTotals" name="test_combined_client_acme_city_mumbai" time="0.074" /><testcase classname="backend.tests.test_sales_report_cascade.TestSalesTotals" name="test_multi_client_acme_globex" time="0.075" /><testcase classname="backend.tests.test_sales_report_cascade.TestSalesTotals" name="test_vendor_filter_spice_hub" time="0.071" /><testcase classname="backend.tests.test_sales_report_cascade.TestExcelDownload" name="test_xlsx_four_sheets_with_filters" time="0.089" /><testcase classname="backend.tests.test_sales_report_cascade.TestRBAC" name="test_employee_403_report" time="0.454" /><testcase classname="backend.tests.test_sales_report_cascade.TestRBAC" name="test_employee_403_filters" time="0.073" /></testsuite></testsuites>