<?xml version="1.0" encoding="utf-8"?><testsuites name="pytest tests"><testsuite name="pytest" errors="0" failures="0" skipped="0" tests="6" time="1.795" timestamp="2026-09-07T14:01:23.478024+00:00" hostname="agent-env-f4d6d17b-2c12-495a-a439-961510adc80c"><testcase classname="backend.tests.test_sales_report.TestSalesReport" name="test_default_last_30_days" time="0.852" /><testcase classname="backend.tests.test_sales_report.TestSalesReport" name="test_date_range_full_year" time="0.075" /><testcase classname="backend.tests.test_sales_report.TestSalesReport" name="test_month_filter" time="0.076" /><testcase classname="backend.tests.test_sales_report.TestSalesReport" name="test_single_date_filter" time="0.076" /><testcase classname="backend.tests.test_sales_report.TestSalesReport" name="test_xlsx_download" time="0.084" /><testcase classname="backend.tests.test_sales_report.TestSalesReport" name="test_employee_forbidden" time="0.558" /></testsuite></testsuites>