<?xml version="1.0" encoding="utf-8"?><testsuites name="pytest tests"><testsuite name="pytest" errors="0" failures="0" skipped="0" tests="16" time="8.913" timestamp="2026-09-11T04:03:16.394305+00:00" hostname="agent-env-275a82f5-eeeb-4c2f-a075-ba3f42c8b292"><testcase classname="backend.tests.test_sub_admin.TestSubAdminCreation" name="test_permission_catalog" time="0.564" /><testcase classname="backend.tests.test_sub_admin.TestSubAdminCreation" name="test_create_requires_permission" time="0.143" /><testcase classname="backend.tests.test_sub_admin.TestSubAdminCreation" name="test_create_ok_returns_magic_link" time="0.736" /><testcase classname="backend.tests.test_sub_admin.TestSubAdminLoginAndEnforcement" name="test_me_reports_role_and_perms" time="1.338" /><testcase classname="backend.tests.test_sub_admin.TestSubAdminLoginAndEnforcement" name="test_sales_report_allowed" time="0.127" /><testcase classname="backend.tests.test_sub_admin.TestSubAdminLoginAndEnforcement" name="test_onboarding_list_allowed" time="0.130" /><testcase classname="backend.tests.test_sub_admin.TestSubAdminLoginAndEnforcement" name="test_deny_by_default_admins_endpoint" time="0.132" /><testcase classname="backend.tests.test_sub_admin.TestSubAdminLoginAndEnforcement" name="test_deny_by_default_corporate_clients" time="0.132" /><testcase classname="backend.tests.test_sub_admin.TestSubAdminLoginAndEnforcement" name="test_deny_by_default_sub_admins_list" time="0.250" /><testcase classname="backend.tests.test_sub_admin.TestNegativePermissions" name="test_sales_only_sees_sales" time="1.340" /><testcase classname="backend.tests.test_sub_admin.TestNegativePermissions" name="test_sales_only_denied_onboarding" time="0.151" /><testcase classname="backend.tests.test_sub_admin.TestNegativePermissions" name="test_onboard_only_denied_sales" time="1.334" /><testcase classname="backend.tests.test_sub_admin.TestNegativePermissions" name="test_onboard_only_allowed_onboarding" time="0.399" /><testcase classname="backend.tests.test_sub_admin.TestSubAdminManagement" name="test_patch_resend_delete_flow" time="1.412" /><testcase classname="backend.tests.test_sub_admin.TestRegression" name="test_corp_admin_sales_still_works" time="0.474" /><testcase classname="backend.tests.test_sub_admin.TestRegression" name="test_master_admins_endpoint_still_lists" time="0.153" /></testsuite></testsuites>