<?xml version="1.0" encoding="utf-8"?><testsuites name="pytest tests"><testsuite name="pytest" errors="0" failures="0" skipped="0" tests="17" time="21.447" timestamp="2026-09-11T04:19:08.356908+00:00" hostname="agent-env-275a82f5-eeeb-4c2f-a075-ba3f42c8b292"><testcase classname="backend.tests.test_sub_admin_phase2.TestPermissionCatalog" name="test_catalog_has_9" time="0.713" /><testcase classname="backend.tests.test_sub_admin_phase2.TestFeedback" name="test_feedback_view_scoped_and_resolve_perm" time="1.932" /><testcase classname="backend.tests.test_sub_admin_phase2.TestFeedback" name="test_feedback_denied_without_perm" time="1.417" /><testcase classname="backend.tests.test_sub_admin_phase2.TestMenuRequests" name="test_menu_requests_view" time="1.751" /><testcase classname="backend.tests.test_sub_admin_phase2.TestMenuRequests" name="test_menu_requests_denied_without_perm" time="1.512" /><testcase classname="backend.tests.test_sub_admin_phase2.TestClients" name="test_clients_view_scoped" time="1.492" /><testcase classname="backend.tests.test_sub_admin_phase2.TestClients" name="test_clients_manage_in_scope_and_out_of_scope" time="1.847" /><testcase classname="backend.tests.test_sub_admin_phase2.TestClients" name="test_clients_denied_without_perm" time="1.532" /><testcase classname="backend.tests.test_sub_admin_phase2.TestSites" name="test_sites_view_scoped" time="1.590" /><testcase classname="backend.tests.test_sub_admin_phase2.TestSites" name="test_sites_manage_in_and_out_scope" time="1.675" /><testcase classname="backend.tests.test_sub_admin_phase2.TestApprovalsMasterOnly" name="test_onboarding_master_decision_denied_for_sub_admin" time="1.487" /><testcase classname="backend.tests.test_sub_admin_phase2.TestDenyByDefault" name="test_no_admins_list" time="1.924" /><testcase classname="backend.tests.test_sub_admin_phase2.TestDenyByDefault" name="test_no_sub_admin_activity" time="0.250" /><testcase classname="backend.tests.test_sub_admin_phase2.TestActivityLog" name="test_activity_log_master_only_and_records_updates" time="1.711" /><testcase classname="backend.tests.test_sub_admin_phase2.TestForgotPassword" name="test_unknown_email_returns_200_uniform" time="0.123" /><testcase classname="backend.tests.test_sub_admin_phase2.TestForgotPassword" name="test_known_email_returns_200" time="0.273" /><testcase classname="backend.tests.test_sub_admin_phase2.TestForgotPassword" name="test_garbage_returns_200" time="0.123" /></testsuite></testsuites>