<?xml version="1.0" encoding="utf-8"?><testsuites name="pytest tests"><testsuite name="pytest" errors="0" failures="1" skipped="0" tests="6" time="2.224" timestamp="2026-09-15T08:36:49.400134+00:00" hostname="agent-env-275a82f5-eeeb-4c2f-a075-ba3f42c8b292"><testcase classname="backend.tests.test_tz_feature.TestSitesTimezone" name="test_sites_list_returns_timezone_field" time="0.657"><failure message="AssertionError: Sites without timezone field: ['6aa1622f0455f997d5af12d2', '6aa1622c8144cbaadae5820c', '6aa1622c8144cbaadae5820d', '6aa1622c8144cbaadae5820e', '6a9aa2ae325745411d257a08']&#10;assert not [{'city_id': '6aa1622f0455f997d5af12c6', 'company_id': '6aa1622f0455f997d5af12cc', 'id': '6aa1622f0455f997d5af12d2', 'lifecycle_status': 'live', ...}, {'address': 'DEMO Acme Bengaluru HQ', 'city': 'DEMO Bengaluru', 'city_id': '6aa1622c8144cbaadae5820a', 'company_id': '6aa1622c8144cbaadae58208', ...}, {'address': 'DEMO Acme Mumbai Office', 'city': 'DEMO Mumbai', 'city_id': '6aa1622c8144cbaadae5820b', 'company_id': '6aa1622c8144cbaadae58208', ...}, {'address': 'DEMO Globex Bengaluru', 'city': 'DEMO Bengaluru', 'city_id': '6aa1622c8144cbaadae5820a', 'company_id': '6aa1622c8144cbaadae58209', ...}, {'address': '1 Park Ave', 'allow_cash_carry': True, 'allow_company_paid': False, 'allow_employee_paid': True, ...}]">backend/tests/test_tz_feature.py:43: in test_sites_list_returns_timezone_field
    assert not missing, f"Sites without timezone field: {[s.get('id') for s in missing]}"
E   AssertionError: Sites without timezone field: ['6aa1622f0455f997d5af12d2', '6aa1622c8144cbaadae5820c', '6aa1622c8144cbaadae5820d', '6aa1622c8144cbaadae5820e', '6a9aa2ae325745411d257a08']
E   assert not [{'city_id': '6aa1622f0455f997d5af12c6', 'company_id': '6aa1622f0455f997d5af12cc', 'id': '6aa1622f0455f997d5af12d2', 'lifecycle_status': 'live', ...}, {'address': 'DEMO Acme Bengaluru HQ', 'city': 'DEMO Bengaluru', 'city_id': '6aa1622c8144cbaadae5820a', 'company_id': '6aa1622c8144cbaadae58208', ...}, {'address': 'DEMO Acme Mumbai Office', 'city': 'DEMO Mumbai', 'city_id': '6aa1622c8144cbaadae5820b', 'company_id': '6aa1622c8144cbaadae58208', ...}, {'address': 'DEMO Globex Bengaluru', 'city': 'DEMO Bengaluru', 'city_id': '6aa1622c8144cbaadae5820a', 'company_id': '6aa1622c8144cbaadae58209', ...}, {'address': '1 Park Ave', 'allow_cash_carry': True, 'allow_company_paid': False, 'allow_employee_paid': True, ...}]</failure></testcase><testcase classname="backend.tests.test_tz_feature.TestSitesTimezone" name="test_patch_site_timezone_persists" time="0.551" /><testcase classname="backend.tests.test_tz_feature.TestOrdersSiteTimezone" name="test_all_outlets_orders_has_site_timezone" time="0.494" /><testcase classname="backend.tests.test_tz_feature.TestOrdersSiteTimezone" name="test_orders_endpoint_returns_site_timezone" time="0.160" /><testcase classname="backend.tests.test_tz_feature.TestSubAdminPreviewData" name="test_permission_catalog_available" time="0.153" /><testcase classname="backend.tests.test_tz_feature.TestSubAdminPreviewData" name="test_sub_admins_list" time="0.115" /></testsuite></testsuites>