<?xml version="1.0" encoding="utf-8"?><testsuites name="pytest tests"><testsuite name="pytest" errors="0" failures="0" skipped="0" tests="5" time="1.063" timestamp="2026-09-15T08:24:55.696558+00:00" hostname="agent-env-275a82f5-eeeb-4c2f-a075-ba3f42c8b292"><testcase classname="backend.tests.test_tz_iso.TestAllOutletsFeedTZ" name="test_all_outlets_orders_created_at_is_tz_aware" time="0.533" /><testcase classname="backend.tests.test_tz_iso.TestAllOutletsFeedTZ" name="test_all_outlets_orders_have_outlet_tag_and_multi_outlet" time="0.073" /><testcase classname="backend.tests.test_tz_iso.TestCrossPanelSync" name="test_created_at_matches_between_vendor_orders_and_all_outlets" time="0.224" /><testcase classname="backend.tests.test_tz_iso.TestSalesReportTZ" name="test_paginated_sales_report_created_at_tz_aware" time="0.073" /><testcase classname="backend.tests.test_tz_iso.TestSalesReportTZ" name="test_csv_export_created_at_tz_aware" time="0.080" /></testsuite></testsuites>