<?xml version="1.0" encoding="utf-8"?><testsuites name="pytest tests"><testsuite name="pytest" errors="0" failures="0" skipped="0" tests="3" time="1.309" timestamp="2026-08-31T07:40:02.755664+00:00" hostname="agent-env-667edfd7-cda0-4106-aa96-452a67b147ab"><testcase classname="backend.tests.test_vendor_site_scoping" name="test_no_auth_returns_401" time="0.248" /><testcase classname="backend.tests.test_vendor_site_scoping" name="test_employee_sees_only_mapped_active_vendors" time="0.500" /><testcase classname="backend.tests.test_vendor_site_scoping" name="test_admin_sees_all_active_vendors" time="0.484" /></testsuite></testsuites>